2026-07-05 09:24:30.733 INFO (MainThread) [custom_components.navimow.coordinator] HTTP fallback succeeded for device REDACTED-ROBOT-SERIAL (MQTT stale)
2026-07-05 09:26:00.750 INFO (MainThread) [custom_components.navimow.coordinator] HTTP fallback succeeded for device REDACTED-ROBOT-SERIAL (MQTT stale)
2026-07-05 09:27:00.749 INFO (MainThread) [custom_components.navimow.coordinator] HTTP fallback succeeded for device REDACTED-ROBOT-SERIAL (MQTT stale)
2026-07-05 09:28:00.731 INFO (MainThread) [custom_components.navimow.coordinator] HTTP fallback succeeded for device REDACTED-ROBOT-SERIAL (MQTT stale)
2026-07-05 09:29:00.810 INFO (MainThread) [custom_components.navimow.coordinator] HTTP fallback succeeded for device REDACTED-ROBOT-SERIAL (MQTT stale)
2026-07-05 09:30:30.735 INFO (MainThread) [custom_components.navimow.coordinator] HTTP fallback succeeded for device REDACTED-ROBOT-SERIAL (MQTT stale)
2026-07-05 09:32:50.857 INFO (MainThread) [custom_components.navimow.coordinator] HTTP fallback succeeded for device REDACTED-ROBOT-SERIAL (MQTT stale)
2026-07-05 09:34:30.713 INFO (MainThread) [custom_components.navimow.coordinator] HTTP fallback succeeded for device REDACTED-ROBOT-SERIAL (MQTT stale)
2026-07-05 09:35:50.707 INFO (MainThread) [custom_components.navimow.coordinator] HTTP fallback succeeded for device REDACTED-ROBOT-SERIAL (MQTT stale)
2026-07-05 09:36:50.719 INFO (MainThread) [custom_components.navimow.coordinator] HTTP fallback succeeded for device REDACTED-ROBOT-SERIAL (MQTT stale)
2026-07-05 09:38:10.733 INFO (MainThread) [custom_components.navimow.coordinator] HTTP fallback succeeded for device REDACTED-ROBOT-SERIAL (MQTT stale)
2026-07-05 09:39:20.722 INFO (MainThread) [custom_components.navimow.coordinator] HTTP fallback succeeded for device REDACTED-ROBOT-SERIAL (MQTT stale)
2026-07-05 09:40:40.859 INFO (MainThread) [custom_components.navimow.coordinator] HTTP fallback succeeded for device REDACTED-ROBOT-SERIAL (MQTT stale)
2026-07-05 09:42:20.727 INFO (MainThread) [custom_components.navimow.coordinator] HTTP fallback succeeded for device REDACTED-ROBOT-SERIAL (MQTT stale)
2026-07-05 09:43:40.804 INFO (MainThread) [custom_components.navimow.coordinator] HTTP fallback succeeded for device REDACTED-ROBOT-SERIAL (MQTT stale)
2026-07-05 09:44:40.700 INFO (MainThread) [custom_components.navimow.coordinator] HTTP fallback succeeded for device REDACTED-ROBOT-SERIAL (MQTT stale)
2026-07-05 09:46:00.777 INFO (MainThread) [custom_components.navimow.coordinator] HTTP fallback succeeded for device REDACTED-ROBOT-SERIAL (MQTT stale)
2026-07-05 09:47:38.806 INFO (MainThread) [custom_components.navimow.coordinator] HTTP fallback succeeded for device REDACTED-ROBOT-SERIAL (MQTT stale)
2026-07-05 09:48:40.773 INFO (MainThread) [custom_components.navimow.coordinator] HTTP fallback succeeded for device REDACTED-ROBOT-SERIAL (MQTT stale)
2026-07-05 09:49:59.762 INFO (MainThread) [custom_components.navimow.coordinator] HTTP fallback succeeded for device REDACTED-ROBOT-SERIAL (MQTT stale)
2026-07-05 09:51:19.878 INFO (MainThread) [custom_components.navimow.coordinator] HTTP fallback succeeded for device REDACTED-ROBOT-SERIAL (MQTT stale)
2026-07-05 09:52:28.828 INFO (MainThread) [custom_components.navimow.coordinator] HTTP fallback succeeded for device REDACTED-ROBOT-SERIAL (MQTT stale)
2026-07-05 09:53:45.779 INFO (MainThread) [custom_components.navimow.coordinator] HTTP fallback succeeded for device REDACTED-ROBOT-SERIAL (MQTT stale)
2026-07-05 09:55:00.701 INFO (MainThread) [custom_components.navimow.coordinator] HTTP fallback succeeded for device REDACTED-ROBOT-SERIAL (MQTT stale)
2026-07-05 09:56:20.748 INFO (MainThread) [custom_components.navimow.coordinator] HTTP fallback succeeded for device REDACTED-ROBOT-SERIAL (MQTT stale)
2026-07-05 09:57:40.698 INFO (MainThread) [custom_components.navimow.coordinator] HTTP fallback succeeded for device REDACTED-ROBOT-SERIAL (MQTT stale)
2026-07-05 10:00:50.912 INFO (MainThread) [custom_components.navimow.coordinator] HTTP fallback succeeded for device REDACTED-ROBOT-SERIAL (MQTT stale)
2026-07-05 10:02:40.916 INFO (MainThread) [custom_components.navimow.coordinator] HTTP fallback succeeded for device REDACTED-ROBOT-SERIAL (MQTT stale)
2026-07-05 10:04:03.763 INFO (MainThread) [custom_components.navimow.coordinator] HTTP fallback succeeded for device REDACTED-ROBOT-SERIAL (MQTT stale)
2026-07-05 10:05:30.778 INFO (MainThread) [custom_components.navimow.coordinator] HTTP fallback succeeded for device REDACTED-ROBOT-SERIAL (MQTT stale)
2026-07-05 10:07:19.097 DEBUG (paho-mqtt-client-REDACTED-MQTT-CLIENT-ID) [custom_components.navimow] MQTT client log: level=16 msg=Received PUBLISH (d0, q0, r0, m0), '/downlink/vehicle/REDACTED-ROBOT-SERIAL/realtimeDate/location', ...  (111 bytes)
2026-07-05 10:07:19.097 DEBUG (paho-mqtt-client-REDACTED-MQTT-CLIENT-ID) [mower_sdk.mqtt] NavimowMQTT payload: topic=/downlink/vehicle/REDACTED-ROBOT-SERIAL/realtimeDate/location payload=[{"postureTheta":"2.49","postureX":"17.521","postureY":"0.706","time":1783238839116,"type":1,"vehicleState":4}]
2026-07-05 10:07:19.098 DEBUG (paho-mqtt-client-REDACTED-MQTT-CLIENT-ID) [mower_sdk.mqtt] NavimowMQTT message: topic=/downlink/vehicle/REDACTED-ROBOT-SERIAL/realtimeDate/location bytes=111 device=REDACTED-ROBOT-SERIAL
2026-07-05 10:07:19.100 DEBUG (MainThread) [custom_components.navimow] MQTT message received: topic=/downlink/vehicle/REDACTED-ROBOT-SERIAL/realtimeDate/location bytes=111 device=REDACTED-ROBOT-SERIAL payload=[{"postureTheta":"2.49","postureX":"17.521","postureY":"0.706","time":1783238839116,"type":1,"vehicleState":4}]
2026-07-05 10:07:20.754 INFO (MainThread) [custom_components.navimow.coordinator] HTTP fallback succeeded for device REDACTED-ROBOT-SERIAL (MQTT stale)
2026-07-05 10:07:20.754 DEBUG (MainThread) [custom_components.navimow.coordinator] Coordinator update: device=REDACTED-ROBOT-SERIAL source=http_fallback mqtt_ts=2229650.480233704 mqtt_state_ts=2229650.480233704 http_ts=2230180.165491183
2026-07-05 10:07:20.755 DEBUG (MainThread) [custom_components.navimow.coordinator] Finished fetching navimow data in 0.189 seconds (success: True)
2026-07-05 10:07:21.188 DEBUG (paho-mqtt-client-REDACTED-MQTT-CLIENT-ID) [custom_components.navimow] MQTT client log: level=16 msg=Received PUBLISH (d0, q0, r0, m0), '/downlink/vehicle/REDACTED-ROBOT-SERIAL/realtimeDate/location', ...  (112 bytes)
2026-07-05 10:07:21.188 DEBUG (paho-mqtt-client-REDACTED-MQTT-CLIENT-ID) [mower_sdk.mqtt] NavimowMQTT payload: topic=/downlink/vehicle/REDACTED-ROBOT-SERIAL/realtimeDate/location payload=[{"postureTheta":"2.448","postureX":"16.843","postureY":"1.309","time":1783238841117,"type":1,"vehicleState":4}]
2026-07-05 10:07:21.188 DEBUG (paho-mqtt-client-REDACTED-MQTT-CLIENT-ID) [mower_sdk.mqtt] NavimowMQTT message: topic=/downlink/vehicle/REDACTED-ROBOT-SERIAL/realtimeDate/location bytes=112 device=REDACTED-ROBOT-SERIAL
2026-07-05 10:07:21.190 DEBUG (MainThread) [custom_components.navimow] MQTT message received: topic=/downlink/vehicle/REDACTED-ROBOT-SERIAL/realtimeDate/location bytes=112 device=REDACTED-ROBOT-SERIAL payload=[{"postureTheta":"2.448","postureX":"16.843","postureY":"1.309","time":1783238841117,"type":1,"vehicleState":4}]
2026-07-05 10:07:23.035 DEBUG (paho-mqtt-client-REDACTED-MQTT-CLIENT-ID) [custom_components.navimow] MQTT client log: level=16 msg=Received PUBLISH (d0, q0, r0, m0), '/downlink/vehicle/REDACTED-ROBOT-SERIAL/realtimeDate/location', ...  (112 bytes)
2026-07-05 10:07:23.035 DEBUG (paho-mqtt-client-REDACTED-MQTT-CLIENT-ID) [mower_sdk.mqtt] NavimowMQTT payload: topic=/downlink/vehicle/REDACTED-ROBOT-SERIAL/realtimeDate/location payload=[{"postureTheta":"2.537","postureX":"16.112","postureY":"1.783","time":1783238843112,"type":1,"vehicleState":4}]
2026-07-05 10:07:23.036 DEBUG (paho-mqtt-client-REDACTED-MQTT-CLIENT-ID) [mower_sdk.mqtt] NavimowMQTT message: topic=/downlink/vehicle/REDACTED-ROBOT-SERIAL/realtimeDate/location bytes=112 device=REDACTED-ROBOT-SERIAL
2026-07-05 10:07:23.037 DEBUG (MainThread) [custom_components.navimow] MQTT message received: topic=/downlink/vehicle/REDACTED-ROBOT-SERIAL/realtimeDate/location bytes=112 device=REDACTED-ROBOT-SERIAL payload=[{"postureTheta":"2.537","postureX":"16.112","postureY":"1.783","time":1783238843112,"type":1,"vehicleState":4}]
2026-07-05 10:07:25.102 DEBUG (paho-mqtt-client-REDACTED-MQTT-CLIENT-ID) [custom_components.navimow] MQTT client log: level=16 msg=Received PUBLISH (d0, q0, r0, m0), '/downlink/vehicle/REDACTED-ROBOT-SERIAL/realtimeDate/location', ...  (112 bytes)
2026-07-05 10:07:25.103 DEBUG (paho-mqtt-client-REDACTED-MQTT-CLIENT-ID) [mower_sdk.mqtt] NavimowMQTT payload: topic=/downlink/vehicle/REDACTED-ROBOT-SERIAL/realtimeDate/location payload=[{"postureTheta":"2.429","postureX":"15.467","postureY":"2.389","time":1783238845113,"type":1,"vehicleState":4}]
2026-07-05 10:07:25.103 DEBUG (paho-mqtt-client-REDACTED-MQTT-CLIENT-ID) [mower_sdk.mqtt] NavimowMQTT message: topic=/downlink/vehicle/REDACTED-ROBOT-SERIAL/realtimeDate/location bytes=112 device=REDACTED-ROBOT-SERIAL
2026-07-05 10:07:25.104 DEBUG (MainThread) [custom_components.navimow] MQTT message received: topic=/downlink/vehicle/REDACTED-ROBOT-SERIAL/realtimeDate/location bytes=112 device=REDACTED-ROBOT-SERIAL payload=[{"postureTheta":"2.429","postureX":"15.467","postureY":"2.389","time":1783238845113,"type":1,"vehicleState":4}]
2026-07-05 10:07:27.169 DEBUG (paho-mqtt-client-REDACTED-MQTT-CLIENT-ID) [custom_components.navimow] MQTT client log: level=16 msg=Received PUBLISH (d0, q0, r0, m0), '/downlink/vehicle/REDACTED-ROBOT-SERIAL/realtimeDate/location', ...  (112 bytes)
2026-07-05 10:07:27.169 DEBUG (paho-mqtt-client-REDACTED-MQTT-CLIENT-ID) [mower_sdk.mqtt] NavimowMQTT payload: topic=/downlink/vehicle/REDACTED-ROBOT-SERIAL/realtimeDate/location payload=[{"postureTheta":"2.536","postureX":"14.724","postureY":"2.921","time":1783238847112,"type":1,"vehicleState":4}]
2026-07-05 10:07:27.169 DEBUG (paho-mqtt-client-REDACTED-MQTT-CLIENT-ID) [mower_sdk.mqtt] NavimowMQTT message: topic=/downlink/vehicle/REDACTED-ROBOT-SERIAL/realtimeDate/location bytes=112 device=REDACTED-ROBOT-SERIAL
2026-07-05 10:07:27.171 DEBUG (MainThread) [custom_components.navimow] MQTT message received: topic=/downlink/vehicle/REDACTED-ROBOT-SERIAL/realtimeDate/location bytes=112 device=REDACTED-ROBOT-SERIAL payload=[{"postureTheta":"2.536","postureX":"14.724","postureY":"2.921","time":1783238847112,"type":1,"vehicleState":4}]
2026-07-05 10:07:27.809 DEBUG (paho-mqtt-client-REDACTED-MQTT-CLIENT-ID) [custom_components.navimow] MQTT client log: level=16 msg=Received PUBLISH (d0, q0, r0, m0), '/downlink/vehicle/REDACTED-ROBOT-SERIAL/realtimeDate/location', ...  (52 bytes)
2026-07-05 10:07:27.810 DEBUG (paho-mqtt-client-REDACTED-MQTT-CLIENT-ID) [mower_sdk.mqtt] NavimowMQTT payload: topic=/downlink/vehicle/REDACTED-ROBOT-SERIAL/realtimeDate/location payload=[{"partitionIds":[1],"time":1783238845394,"type":3}]
2026-07-05 10:07:27.810 DEBUG (paho-mqtt-client-REDACTED-MQTT-CLIENT-ID) [mower_sdk.mqtt] NavimowMQTT message: topic=/downlink/vehicle/REDACTED-ROBOT-SERIAL/realtimeDate/location bytes=52 device=REDACTED-ROBOT-SERIAL
2026-07-05 10:07:27.812 DEBUG (MainThread) [custom_components.navimow] MQTT message received: topic=/downlink/vehicle/REDACTED-ROBOT-SERIAL/realtimeDate/location bytes=52 device=REDACTED-ROBOT-SERIAL payload=[{"partitionIds":[1],"time":1783238845394,"type":3}]
2026-07-05 10:07:29.123 DEBUG (paho-mqtt-client-REDACTED-MQTT-CLIENT-ID) [custom_components.navimow] MQTT client log: level=16 msg=Received PUBLISH (d0, q0, r0, m0), '/downlink/vehicle/REDACTED-ROBOT-SERIAL/realtimeDate/location', ...  (111 bytes)
2026-07-05 10:07:29.123 DEBUG (paho-mqtt-client-REDACTED-MQTT-CLIENT-ID) [mower_sdk.mqtt] NavimowMQTT payload: topic=/downlink/vehicle/REDACTED-ROBOT-SERIAL/realtimeDate/location payload=[{"postureTheta":"2.49","postureX":"14.069","postureY":"3.459","time":1783238849111,"type":1,"vehicleState":4}]
2026-07-05 10:07:29.124 DEBUG (paho-mqtt-client-REDACTED-MQTT-CLIENT-ID) [mower_sdk.mqtt] NavimowMQTT message: topic=/downlink/vehicle/REDACTED-ROBOT-SERIAL/realtimeDate/location bytes=111 device=REDACTED-ROBOT-SERIAL
2026-07-05 10:07:29.124 DEBUG (MainThread) [custom_components.navimow] MQTT message received: topic=/downlink/vehicle/REDACTED-ROBOT-SERIAL/realtimeDate/location bytes=111 device=REDACTED-ROBOT-SERIAL payload=[{"postureTheta":"2.49","postureX":"14.069","postureY":"3.459","time":1783238849111,"type":1,"vehicleState":4}]
2026-07-05 10:07:31.119 DEBUG (paho-mqtt-client-REDACTED-MQTT-CLIENT-ID) [custom_components.navimow] MQTT client log: level=16 msg=Received PUBLISH (d0, q0, r0, m0), '/downlink/vehicle/REDACTED-ROBOT-SERIAL/realtimeDate/location', ...  (112 bytes)
2026-07-05 10:07:31.120 DEBUG (paho-mqtt-client-REDACTED-MQTT-CLIENT-ID) [mower_sdk.mqtt] NavimowMQTT payload: topic=/downlink/vehicle/REDACTED-ROBOT-SERIAL/realtimeDate/location payload=[{"postureTheta":"2.494","postureX":"13.342","postureY":"4.039","time":1783238851121,"type":1,"vehicleState":4}]
2026-07-05 10:07:31.120 DEBUG (paho-mqtt-client-REDACTED-MQTT-CLIENT-ID) [mower_sdk.mqtt] NavimowMQTT message: topic=/downlink/vehicle/REDACTED-ROBOT-SERIAL/realtimeDate/location bytes=112 device=REDACTED-ROBOT-SERIAL
2026-07-05 10:07:31.121 DEBUG (MainThread) [custom_components.navimow] MQTT message received: topic=/downlink/vehicle/REDACTED-ROBOT-SERIAL/realtimeDate/location bytes=112 device=REDACTED-ROBOT-SERIAL payload=[{"postureTheta":"2.494","postureX":"13.342","postureY":"4.039","time":1783238851121,"type":1,"vehicleState":4}]
2026-07-05 10:07:33.200 DEBUG (paho-mqtt-client-REDACTED-MQTT-CLIENT-ID) [custom_components.navimow] MQTT client log: level=16 msg=Received PUBLISH (d0, q0, r0, m0), '/downlink/vehicle/REDACTED-ROBOT-SERIAL/realtimeDate/location', ...  (112 bytes)
2026-07-05 10:07:33.200 DEBUG (paho-mqtt-client-REDACTED-MQTT-CLIENT-ID) [mower_sdk.mqtt] NavimowMQTT payload: topic=/downlink/vehicle/REDACTED-ROBOT-SERIAL/realtimeDate/location payload=[{"postureTheta":"2.469","postureX":"12.622","postureY":"4.546","time":1783238853111,"type":1,"vehicleState":4}]
2026-07-05 10:07:33.200 DEBUG (paho-mqtt-client-REDACTED-MQTT-CLIENT-ID) [mower_sdk.mqtt] NavimowMQTT message: topic=/downlink/vehicle/REDACTED-ROBOT-SERIAL/realtimeDate/location bytes=112 device=REDACTED-ROBOT-SERIAL
2026-07-05 10:07:33.201 DEBUG (MainThread) [custom_components.navimow] MQTT message received: topic=/downlink/vehicle/REDACTED-ROBOT-SERIAL/realtimeDate/location bytes=112 device=REDACTED-ROBOT-SERIAL payload=[{"postureTheta":"2.469","postureX":"12.622","postureY":"4.546","time":1783238853111,"type":1,"vehicleState":4}]
2026-07-05 10:07:35.172 DEBUG (paho-mqtt-client-REDACTED-MQTT-CLIENT-ID) [custom_components.navimow] MQTT client log: level=16 msg=Received PUBLISH (d0, q0, r0, m0), '/downlink/vehicle/REDACTED-ROBOT-SERIAL/realtimeDate/location', ...  (112 bytes)
2026-07-05 10:07:35.173 DEBUG (paho-mqtt-client-REDACTED-MQTT-CLIENT-ID) [mower_sdk.mqtt] NavimowMQTT payload: topic=/downlink/vehicle/REDACTED-ROBOT-SERIAL/realtimeDate/location payload=[{"postureTheta":"2.512","postureX":"11.925","postureY":"5.097","time":1783238855112,"type":1,"vehicleState":4}]
2026-07-05 10:07:35.173 DEBUG (paho-mqtt-client-REDACTED-MQTT-CLIENT-ID) [mower_sdk.mqtt] NavimowMQTT message: topic=/downlink/vehicle/REDACTED-ROBOT-SERIAL/realtimeDate/location bytes=112 device=REDACTED-ROBOT-SERIAL
2026-07-05 10:07:35.174 DEBUG (MainThread) [custom_components.navimow] MQTT message received: topic=/downlink/vehicle/REDACTED-ROBOT-SERIAL/realtimeDate/location bytes=112 device=REDACTED-ROBOT-SERIAL payload=[{"postureTheta":"2.512","postureX":"11.925","postureY":"5.097","time":1783238855112,"type":1,"vehicleState":4}]
2026-07-05 10:07:37.142 DEBUG (paho-mqtt-client-REDACTED-MQTT-CLIENT-ID) [custom_components.navimow] MQTT client log: level=16 msg=Received PUBLISH (d0, q0, r0, m0), '/downlink/vehicle/REDACTED-ROBOT-SERIAL/realtimeDate/location', ...  (112 bytes)
2026-07-05 10:07:37.142 DEBUG (paho-mqtt-client-REDACTED-MQTT-CLIENT-ID) [mower_sdk.mqtt] NavimowMQTT payload: topic=/downlink/vehicle/REDACTED-ROBOT-SERIAL/realtimeDate/location payload=[{"postureTheta":"2.465","postureX":"11.235","postureY":"5.677","time":1783238857113,"type":1,"vehicleState":4}]
2026-07-05 10:07:37.142 DEBUG (paho-mqtt-client-REDACTED-MQTT-CLIENT-ID) [mower_sdk.mqtt] NavimowMQTT message: topic=/downlink/vehicle/REDACTED-ROBOT-SERIAL/realtimeDate/location bytes=112 device=REDACTED-ROBOT-SERIAL
2026-07-05 10:07:37.144 DEBUG (MainThread) [custom_components.navimow] MQTT message received: topic=/downlink/vehicle/REDACTED-ROBOT-SERIAL/realtimeDate/location bytes=112 device=REDACTED-ROBOT-SERIAL payload=[{"postureTheta":"2.465","postureX":"11.235","postureY":"5.677","time":1783238857113,"type":1,"vehicleState":4}]
2026-07-05 10:07:39.099 DEBUG (paho-mqtt-client-REDACTED-MQTT-CLIENT-ID) [custom_components.navimow] MQTT client log: level=16 msg=Received PUBLISH (d0, q0, r0, m0), '/downlink/vehicle/REDACTED-ROBOT-SERIAL/realtimeDate/location', ...  (112 bytes)
2026-07-05 10:07:39.100 DEBUG (paho-mqtt-client-REDACTED-MQTT-CLIENT-ID) [mower_sdk.mqtt] NavimowMQTT payload: topic=/downlink/vehicle/REDACTED-ROBOT-SERIAL/realtimeDate/location payload=[{"postureTheta":"2.465","postureX":"10.532","postureY":"6.242","time":1783238859113,"type":1,"vehicleState":4}]
2026-07-05 10:07:39.100 DEBUG (paho-mqtt-client-REDACTED-MQTT-CLIENT-ID) [mower_sdk.mqtt] NavimowMQTT message: topic=/downlink/vehicle/REDACTED-ROBOT-SERIAL/realtimeDate/location bytes=112 device=REDACTED-ROBOT-SERIAL
2026-07-05 10:07:39.101 DEBUG (MainThread) [custom_components.navimow] MQTT message received: topic=/downlink/vehicle/REDACTED-ROBOT-SERIAL/realtimeDate/location bytes=112 device=REDACTED-ROBOT-SERIAL payload=[{"postureTheta":"2.465","postureX":"10.532","postureY":"6.242","time":1783238859113,"type":1,"vehicleState":4}]
2026-07-05 10:07:41.135 DEBUG (paho-mqtt-client-REDACTED-MQTT-CLIENT-ID) [custom_components.navimow] MQTT client log: level=16 msg=Received PUBLISH (d0, q0, r0, m0), '/downlink/vehicle/REDACTED-ROBOT-SERIAL/realtimeDate/location', ...  (327 bytes)
2026-07-05 10:07:41.135 DEBUG (paho-mqtt-client-REDACTED-MQTT-CLIENT-ID) [mower_sdk.mqtt] NavimowMQTT payload: topic=/downlink/vehicle/REDACTED-ROBOT-SERIAL/realtimeDate/location payload=[{"action":5,"currentMowBoundary":1,"currentMowProgress":3809,"mapWorkPosition":"0000000500000000000000000000000100000EE10000000000000000000000000000000000000000000000000000000000000000000000000000000000000000","mowStartType":0,"mowingPercentage":38,"mowingWeekArea":"91.3","subtotalArea":"91.3","time":1783238861112,"type":2}]
2026-07-05 10:07:41.135 DEBUG (paho-mqtt-client-REDACTED-MQTT-CLIENT-ID) [mower_sdk.mqtt] NavimowMQTT message: topic=/downlink/vehicle/REDACTED-ROBOT-SERIAL/realtimeDate/location bytes=327 device=REDACTED-ROBOT-SERIAL
2026-07-05 10:07:41.137 DEBUG (MainThread) [custom_components.navimow] MQTT message received: topic=/downlink/vehicle/REDACTED-ROBOT-SERIAL/realtimeDate/location bytes=327 device=REDACTED-ROBOT-SERIAL payload=[{"action":5,"currentMowBoundary":1,"currentMowProgress":3809,"mapWorkPosition":"0000000500000000000000000000000100000EE10000000000000000000000000000000000000000000000000000000000000000000000000000000000000000","mowStartType":0,"mowingPercentage":38,"mowingWeekArea":"91.3","subtotalArea":"91.3","time":1783238861112,"type":2}]
2026-07-05 10:07:41.137 DEBUG (MainThread) [custom_components.navimow.run_tracker] run_tracker: type-2 rejected by layer 2 (wk=91.3 last=1189.34 time=1783238861112)
2026-07-05 10:07:41.137 DEBUG (MainThread) [custom_components.navimow.coordinator] Manually updated navimow data
2026-07-05 10:07:41.230 DEBUG (paho-mqtt-client-REDACTED-MQTT-CLIENT-ID) [custom_components.navimow] MQTT client log: level=16 msg=Received PUBLISH (d0, q0, r0, m0), '/downlink/vehicle/REDACTED-ROBOT-SERIAL/realtimeDate/location', ...  (111 bytes)
2026-07-05 10:07:41.230 DEBUG (paho-mqtt-client-REDACTED-MQTT-CLIENT-ID) [mower_sdk.mqtt] NavimowMQTT payload: topic=/downlink/vehicle/REDACTED-ROBOT-SERIAL/realtimeDate/location payload=[{"postureTheta":"2.51","postureX":"10.239","postureY":"6.466","time":1783238861113,"type":1,"vehicleState":4}]
2026-07-05 10:07:41.230 DEBUG (paho-mqtt-client-REDACTED-MQTT-CLIENT-ID) [mower_sdk.mqtt] NavimowMQTT message: topic=/downlink/vehicle/REDACTED-ROBOT-SERIAL/realtimeDate/location bytes=111 device=REDACTED-ROBOT-SERIAL
2026-07-05 10:07:41.232 DEBUG (MainThread) [custom_components.navimow] MQTT message received: topic=/downlink/vehicle/REDACTED-ROBOT-SERIAL/realtimeDate/location bytes=111 device=REDACTED-ROBOT-SERIAL payload=[{"postureTheta":"2.51","postureX":"10.239","postureY":"6.466","time":1783238861113,"type":1,"vehicleState":4}]
2026-07-05 10:07:43.136 DEBUG (paho-mqtt-client-REDACTED-MQTT-CLIENT-ID) [custom_components.navimow] MQTT client log: level=16 msg=Received PUBLISH (d0, q0, r0, m0), '/downlink/vehicle/REDACTED-ROBOT-SERIAL/realtimeDate/location', ...  (111 bytes)
2026-07-05 10:07:43.136 DEBUG (paho-mqtt-client-REDACTED-MQTT-CLIENT-ID) [mower_sdk.mqtt] NavimowMQTT payload: topic=/downlink/vehicle/REDACTED-ROBOT-SERIAL/realtimeDate/location payload=[{"postureTheta":"2.411","postureX":"10.131","postureY":"6.54","time":1783238863111,"type":1,"vehicleState":4}]
2026-07-05 10:07:43.136 DEBUG (paho-mqtt-client-REDACTED-MQTT-CLIENT-ID) [mower_sdk.mqtt] NavimowMQTT message: topic=/downlink/vehicle/REDACTED-ROBOT-SERIAL/realtimeDate/location bytes=111 device=REDACTED-ROBOT-SERIAL
2026-07-05 10:07:43.136 DEBUG (MainThread) [custom_components.navimow] MQTT message received: topic=/downlink/vehicle/REDACTED-ROBOT-SERIAL/realtimeDate/location bytes=111 device=REDACTED-ROBOT-SERIAL payload=[{"postureTheta":"2.411","postureX":"10.131","postureY":"6.54","time":1783238863111,"type":1,"vehicleState":4}]
2026-07-05 10:07:45.200 DEBUG (paho-mqtt-client-REDACTED-MQTT-CLIENT-ID) [custom_components.navimow] MQTT client log: level=16 msg=Received PUBLISH (d0, q0, r0, m0), '/downlink/vehicle/REDACTED-ROBOT-SERIAL/realtimeDate/location', ...  (112 bytes)
2026-07-05 10:07:45.200 DEBUG (paho-mqtt-client-REDACTED-MQTT-CLIENT-ID) [mower_sdk.mqtt] NavimowMQTT payload: topic=/downlink/vehicle/REDACTED-ROBOT-SERIAL/realtimeDate/location payload=[{"postureTheta":"1.471","postureX":"10.142","postureY":"6.556","time":1783238865110,"type":1,"vehicleState":4}]
2026-07-05 10:07:45.200 DEBUG (paho-mqtt-client-REDACTED-MQTT-CLIENT-ID) [mower_sdk.mqtt] NavimowMQTT message: topic=/downlink/vehicle/REDACTED-ROBOT-SERIAL/realtimeDate/location bytes=112 device=REDACTED-ROBOT-SERIAL
2026-07-05 10:07:45.201 DEBUG (MainThread) [custom_components.navimow] MQTT message received: topic=/downlink/vehicle/REDACTED-ROBOT-SERIAL/realtimeDate/location bytes=112 device=REDACTED-ROBOT-SERIAL payload=[{"postureTheta":"1.471","postureX":"10.142","postureY":"6.556","time":1783238865110,"type":1,"vehicleState":4}]
2026-07-05 10:07:47.224 DEBUG (paho-mqtt-client-REDACTED-MQTT-CLIENT-ID) [custom_components.navimow] MQTT client log: level=16 msg=Received PUBLISH (d0, q0, r0, m0), '/downlink/vehicle/REDACTED-ROBOT-SERIAL/realtimeDate/location', ...  (111 bytes)
2026-07-05 10:07:47.225 DEBUG (paho-mqtt-client-REDACTED-MQTT-CLIENT-ID) [mower_sdk.mqtt] NavimowMQTT payload: topic=/downlink/vehicle/REDACTED-ROBOT-SERIAL/realtimeDate/location payload=[{"postureTheta":"1.067","postureX":"10.161","postureY":"6.66","time":1783238867111,"type":1,"vehicleState":4}]
2026-07-05 10:07:47.225 DEBUG (paho-mqtt-client-REDACTED-MQTT-CLIENT-ID) [mower_sdk.mqtt] NavimowMQTT message: topic=/downlink/vehicle/REDACTED-ROBOT-SERIAL/realtimeDate/location bytes=111 device=REDACTED-ROBOT-SERIAL
2026-07-05 10:07:47.226 DEBUG (MainThread) [custom_components.navimow] MQTT message received: topic=/downlink/vehicle/REDACTED-ROBOT-SERIAL/realtimeDate/location bytes=111 device=REDACTED-ROBOT-SERIAL payload=[{"postureTheta":"1.067","postureX":"10.161","postureY":"6.66","time":1783238867111,"type":1,"vehicleState":4}]
2026-07-05 10:07:49.200 DEBUG (paho-mqtt-client-REDACTED-MQTT-CLIENT-ID) [custom_components.navimow] MQTT client log: level=16 msg=Received PUBLISH (d0, q0, r0, m0), '/downlink/vehicle/REDACTED-ROBOT-SERIAL/realtimeDate/location', ...  (112 bytes)
2026-07-05 10:07:49.201 DEBUG (paho-mqtt-client-REDACTED-MQTT-CLIENT-ID) [mower_sdk.mqtt] NavimowMQTT payload: topic=/downlink/vehicle/REDACTED-ROBOT-SERIAL/realtimeDate/location payload=[{"postureTheta":"-0.26","postureX":"10.156","postureY":"6.647","time":1783238869111,"type":1,"vehicleState":4}]
2026-07-05 10:07:49.201 DEBUG (paho-mqtt-client-REDACTED-MQTT-CLIENT-ID) [mower_sdk.mqtt] NavimowMQTT message: topic=/downlink/vehicle/REDACTED-ROBOT-SERIAL/realtimeDate/location bytes=112 device=REDACTED-ROBOT-SERIAL
2026-07-05 10:07:49.202 DEBUG (MainThread) [custom_components.navimow] MQTT message received: topic=/downlink/vehicle/REDACTED-ROBOT-SERIAL/realtimeDate/location bytes=112 device=REDACTED-ROBOT-SERIAL payload=[{"postureTheta":"-0.26","postureX":"10.156","postureY":"6.647","time":1783238869111,"type":1,"vehicleState":4}]
2026-07-05 10:07:51.200 DEBUG (paho-mqtt-client-REDACTED-MQTT-CLIENT-ID) [custom_components.navimow] MQTT client log: level=16 msg=Received PUBLISH (d0, q0, r0, m0), '/downlink/vehicle/REDACTED-ROBOT-SERIAL/realtimeDate/location', ...  (113 bytes)
2026-07-05 10:07:51.201 DEBUG (paho-mqtt-client-REDACTED-MQTT-CLIENT-ID) [mower_sdk.mqtt] NavimowMQTT payload: topic=/downlink/vehicle/REDACTED-ROBOT-SERIAL/realtimeDate/location payload=[{"postureTheta":"-0.635","postureX":"10.302","postureY":"6.525","time":1783238871115,"type":1,"vehicleState":4}]
2026-07-05 10:07:51.201 DEBUG (paho-mqtt-client-REDACTED-MQTT-CLIENT-ID) [mower_sdk.mqtt] NavimowMQTT message: topic=/downlink/vehicle/REDACTED-ROBOT-SERIAL/realtimeDate/location bytes=113 device=REDACTED-ROBOT-SERIAL
2026-07-05 10:07:51.201 DEBUG (MainThread) [custom_components.navimow] MQTT message received: topic=/downlink/vehicle/REDACTED-ROBOT-SERIAL/realtimeDate/location bytes=113 device=REDACTED-ROBOT-SERIAL payload=[{"postureTheta":"-0.635","postureX":"10.302","postureY":"6.525","time":1783238871115,"type":1,"vehicleState":4}]
2026-07-05 10:07:53.101 DEBUG (paho-mqtt-client-REDACTED-MQTT-CLIENT-ID) [custom_components.navimow] MQTT client log: level=16 msg=Received PUBLISH (d0, q0, r0, m0), '/downlink/vehicle/REDACTED-ROBOT-SERIAL/realtimeDate/location', ...  (112 bytes)
2026-07-05 10:07:53.101 DEBUG (paho-mqtt-client-REDACTED-MQTT-CLIENT-ID) [mower_sdk.mqtt] NavimowMQTT payload: topic=/downlink/vehicle/REDACTED-ROBOT-SERIAL/realtimeDate/location payload=[{"postureTheta":"-0.682","postureX":"11.02","postureY":"5.971","time":1783238873111,"type":1,"vehicleState":4}]
2026-07-05 10:07:53.101 DEBUG (paho-mqtt-client-REDACTED-MQTT-CLIENT-ID) [mower_sdk.mqtt] NavimowMQTT message: topic=/downlink/vehicle/REDACTED-ROBOT-SERIAL/realtimeDate/location bytes=112 device=REDACTED-ROBOT-SERIAL
2026-07-05 10:07:53.102 DEBUG (MainThread) [custom_components.navimow] MQTT message received: topic=/downlink/vehicle/REDACTED-ROBOT-SERIAL/realtimeDate/location bytes=112 device=REDACTED-ROBOT-SERIAL payload=[{"postureTheta":"-0.682","postureX":"11.02","postureY":"5.971","time":1783238873111,"type":1,"vehicleState":4}]
2026-07-05 10:07:55.315 DEBUG (paho-mqtt-client-REDACTED-MQTT-CLIENT-ID) [custom_components.navimow] MQTT client log: level=16 msg=Received PUBLISH (d0, q0, r0, m0), '/downlink/vehicle/REDACTED-ROBOT-SERIAL/realtimeDate/location', ...  (113 bytes)
2026-07-05 10:07:55.315 DEBUG (paho-mqtt-client-REDACTED-MQTT-CLIENT-ID) [mower_sdk.mqtt] NavimowMQTT payload: topic=/downlink/vehicle/REDACTED-ROBOT-SERIAL/realtimeDate/location payload=[{"postureTheta":"-0.635","postureX":"11.717","postureY":"5.429","time":1783238875111,"type":1,"vehicleState":4}]
2026-07-05 10:07:55.315 DEBUG (paho-mqtt-client-REDACTED-MQTT-CLIENT-ID) [mower_sdk.mqtt] NavimowMQTT message: topic=/downlink/vehicle/REDACTED-ROBOT-SERIAL/realtimeDate/location bytes=113 device=REDACTED-ROBOT-SERIAL
2026-07-05 10:07:55.315 DEBUG (MainThread) [custom_components.navimow] MQTT message received: topic=/downlink/vehicle/REDACTED-ROBOT-SERIAL/realtimeDate/location bytes=113 device=REDACTED-ROBOT-SERIAL payload=[{"postureTheta":"-0.635","postureX":"11.717","postureY":"5.429","time":1783238875111,"type":1,"vehicleState":4}]
2026-07-05 10:07:57.891 DEBUG (paho-mqtt-client-REDACTED-MQTT-CLIENT-ID) [custom_components.navimow] MQTT client log: level=16 msg=Received PUBLISH (d0, q0, r0, m0), '/downlink/vehicle/REDACTED-ROBOT-SERIAL/realtimeDate/location', ...  (113 bytes)
2026-07-05 10:07:57.891 DEBUG (paho-mqtt-client-REDACTED-MQTT-CLIENT-ID) [mower_sdk.mqtt] NavimowMQTT payload: topic=/downlink/vehicle/REDACTED-ROBOT-SERIAL/realtimeDate/location payload=[{"postureTheta":"-0.671","postureX":"12.413","postureY":"4.866","time":1783238877111,"type":1,"vehicleState":4}]
2026-07-05 10:07:57.891 DEBUG (paho-mqtt-client-REDACTED-MQTT-CLIENT-ID) [mower_sdk.mqtt] NavimowMQTT message: topic=/downlink/vehicle/REDACTED-ROBOT-SERIAL/realtimeDate/location bytes=113 device=REDACTED-ROBOT-SERIAL
2026-07-05 10:07:57.893 DEBUG (MainThread) [custom_components.navimow] MQTT message received: topic=/downlink/vehicle/REDACTED-ROBOT-SERIAL/realtimeDate/location bytes=113 device=REDACTED-ROBOT-SERIAL payload=[{"postureTheta":"-0.671","postureX":"12.413","postureY":"4.866","time":1783238877111,"type":1,"vehicleState":4}]
2026-07-05 10:07:59.194 DEBUG (paho-mqtt-client-REDACTED-MQTT-CLIENT-ID) [custom_components.navimow] MQTT client log: level=16 msg=Received PUBLISH (d0, q0, r0, m0), '/downlink/vehicle/REDACTED-ROBOT-SERIAL/realtimeDate/location', ...  (111 bytes)
2026-07-05 10:07:59.194 DEBUG (paho-mqtt-client-REDACTED-MQTT-CLIENT-ID) [mower_sdk.mqtt] NavimowMQTT payload: topic=/downlink/vehicle/REDACTED-ROBOT-SERIAL/realtimeDate/location payload=[{"postureTheta":"-0.71","postureX":"13.158","postureY":"4.31","time":1783238879111,"type":1,"vehicleState":4}]
2026-07-05 10:07:59.194 DEBUG (paho-mqtt-client-REDACTED-MQTT-CLIENT-ID) [mower_sdk.mqtt] NavimowMQTT message: topic=/downlink/vehicle/REDACTED-ROBOT-SERIAL/realtimeDate/location bytes=111 device=REDACTED-ROBOT-SERIAL
2026-07-05 10:07:59.197 DEBUG (MainThread) [custom_components.navimow] MQTT message received: topic=/downlink/vehicle/REDACTED-ROBOT-SERIAL/realtimeDate/location bytes=111 device=REDACTED-ROBOT-SERIAL payload=[{"postureTheta":"-0.71","postureX":"13.158","postureY":"4.31","time":1783238879111,"type":1,"vehicleState":4}]
2026-07-05 10:08:01.316 DEBUG (paho-mqtt-client-REDACTED-MQTT-CLIENT-ID) [custom_components.navimow] MQTT client log: level=16 msg=Received PUBLISH (d0, q0, r0, m0), '/downlink/vehicle/REDACTED-ROBOT-SERIAL/realtimeDate/location', ...  (113 bytes)
2026-07-05 10:08:01.317 DEBUG (paho-mqtt-client-REDACTED-MQTT-CLIENT-ID) [mower_sdk.mqtt] NavimowMQTT payload: topic=/downlink/vehicle/REDACTED-ROBOT-SERIAL/realtimeDate/location payload=[{"postureTheta":"-0.657","postureX":"13.884","postureY":"3.745","time":1783238881113,"type":1,"vehicleState":4}]
2026-07-05 10:08:01.317 DEBUG (paho-mqtt-client-REDACTED-MQTT-CLIENT-ID) [mower_sdk.mqtt] NavimowMQTT message: topic=/downlink/vehicle/REDACTED-ROBOT-SERIAL/realtimeDate/location bytes=113 device=REDACTED-ROBOT-SERIAL
2026-07-05 10:08:01.319 DEBUG (MainThread) [custom_components.navimow] MQTT message received: topic=/downlink/vehicle/REDACTED-ROBOT-SERIAL/realtimeDate/location bytes=113 device=REDACTED-ROBOT-SERIAL payload=[{"postureTheta":"-0.657","postureX":"13.884","postureY":"3.745","time":1783238881113,"type":1,"vehicleState":4}]
2026-07-05 10:08:03.101 DEBUG (paho-mqtt-client-REDACTED-MQTT-CLIENT-ID) [custom_components.navimow] MQTT client log: level=16 msg=Received PUBLISH (d0, q0, r0, m0), '/downlink/vehicle/REDACTED-ROBOT-SERIAL/realtimeDate/location', ...  (113 bytes)
2026-07-05 10:08:03.101 DEBUG (paho-mqtt-client-REDACTED-MQTT-CLIENT-ID) [mower_sdk.mqtt] NavimowMQTT payload: topic=/downlink/vehicle/REDACTED-ROBOT-SERIAL/realtimeDate/location payload=[{"postureTheta":"-0.667","postureX":"14.566","postureY":"3.181","time":1783238883112,"type":1,"vehicleState":4}]
2026-07-05 10:08:03.101 DEBUG (paho-mqtt-client-REDACTED-MQTT-CLIENT-ID) [mower_sdk.mqtt] NavimowMQTT message: topic=/downlink/vehicle/REDACTED-ROBOT-SERIAL/realtimeDate/location bytes=113 device=REDACTED-ROBOT-SERIAL
2026-07-05 10:08:03.102 DEBUG (MainThread) [custom_components.navimow] MQTT message received: topic=/downlink/vehicle/REDACTED-ROBOT-SERIAL/realtimeDate/location bytes=113 device=REDACTED-ROBOT-SERIAL payload=[{"postureTheta":"-0.667","postureX":"14.566","postureY":"3.181","time":1783238883112,"type":1,"vehicleState":4}]
2026-07-05 10:08:05.100 DEBUG (paho-mqtt-client-REDACTED-MQTT-CLIENT-ID) [custom_components.navimow] MQTT client log: level=16 msg=Received PUBLISH (d0, q0, r0, m0), '/downlink/vehicle/REDACTED-ROBOT-SERIAL/realtimeDate/location', ...  (113 bytes)
2026-07-05 10:08:05.100 DEBUG (paho-mqtt-client-REDACTED-MQTT-CLIENT-ID) [mower_sdk.mqtt] NavimowMQTT payload: topic=/downlink/vehicle/REDACTED-ROBOT-SERIAL/realtimeDate/location payload=[{"postureTheta":"-0.662","postureX":"15.286","postureY":"2.657","time":1783238885113,"type":1,"vehicleState":4}]
2026-07-05 10:08:05.100 DEBUG (paho-mqtt-client-REDACTED-MQTT-CLIENT-ID) [mower_sdk.mqtt] NavimowMQTT message: topic=/downlink/vehicle/REDACTED-ROBOT-SERIAL/realtimeDate/location bytes=113 device=REDACTED-ROBOT-SERIAL
2026-07-05 10:08:05.101 DEBUG (MainThread) [custom_components.navimow] MQTT message received: topic=/downlink/vehicle/REDACTED-ROBOT-SERIAL/realtimeDate/location bytes=113 device=REDACTED-ROBOT-SERIAL payload=[{"postureTheta":"-0.662","postureX":"15.286","postureY":"2.657","time":1783238885113,"type":1,"vehicleState":4}]
2026-07-05 10:08:07.214 DEBUG (paho-mqtt-client-REDACTED-MQTT-CLIENT-ID) [custom_components.navimow] MQTT client log: level=16 msg=Received PUBLISH (d0, q0, r0, m0), '/downlink/vehicle/REDACTED-ROBOT-SERIAL/realtimeDate/location', ...  (113 bytes)
2026-07-05 10:08:07.214 DEBUG (paho-mqtt-client-REDACTED-MQTT-CLIENT-ID) [mower_sdk.mqtt] NavimowMQTT payload: topic=/downlink/vehicle/REDACTED-ROBOT-SERIAL/realtimeDate/location payload=[{"postureTheta":"-0.643","postureX":"15.973","postureY":"2.088","time":1783238887111,"type":1,"vehicleState":4}]
2026-07-05 10:08:07.214 DEBUG (paho-mqtt-client-REDACTED-MQTT-CLIENT-ID) [mower_sdk.mqtt] NavimowMQTT message: topic=/downlink/vehicle/REDACTED-ROBOT-SERIAL/realtimeDate/location bytes=113 device=REDACTED-ROBOT-SERIAL
2026-07-05 10:08:07.215 DEBUG (MainThread) [custom_components.navimow] MQTT message received: topic=/downlink/vehicle/REDACTED-ROBOT-SERIAL/realtimeDate/location bytes=113 device=REDACTED-ROBOT-SERIAL payload=[{"postureTheta":"-0.643","postureX":"15.973","postureY":"2.088","time":1783238887111,"type":1,"vehicleState":4}]
2026-07-05 10:08:09.126 DEBUG (paho-mqtt-client-REDACTED-MQTT-CLIENT-ID) [custom_components.navimow] MQTT client log: level=16 msg=Received PUBLISH (d0, q0, r0, m0), '/downlink/vehicle/REDACTED-ROBOT-SERIAL/realtimeDate/location', ...  (113 bytes)
2026-07-05 10:08:09.126 DEBUG (paho-mqtt-client-REDACTED-MQTT-CLIENT-ID) [mower_sdk.mqtt] NavimowMQTT payload: topic=/downlink/vehicle/REDACTED-ROBOT-SERIAL/realtimeDate/location payload=[{"postureTheta":"-0.664","postureX":"16.662","postureY":"1.582","time":1783238889111,"type":1,"vehicleState":4}]
2026-07-05 10:08:09.126 DEBUG (paho-mqtt-client-REDACTED-MQTT-CLIENT-ID) [mower_sdk.mqtt] NavimowMQTT message: topic=/downlink/vehicle/REDACTED-ROBOT-SERIAL/realtimeDate/location bytes=113 device=REDACTED-ROBOT-SERIAL
2026-07-05 10:08:09.127 DEBUG (MainThread) [custom_components.navimow] MQTT message received: topic=/downlink/vehicle/REDACTED-ROBOT-SERIAL/realtimeDate/location bytes=113 device=REDACTED-ROBOT-SERIAL payload=[{"postureTheta":"-0.664","postureX":"16.662","postureY":"1.582","time":1783238889111,"type":1,"vehicleState":4}]
2026-07-05 10:08:10.565 DEBUG (MainThread) [custom_components.navimow.coordinator] Coordinator update: device=REDACTED-ROBOT-SERIAL source=mqtt_cache mqtt_ts=2229650.480233704 mqtt_state_ts=2229650.480233704 http_ts=2230180.165491183
2026-07-05 10:08:10.565 DEBUG (MainThread) [custom_components.navimow.coordinator] Finished fetching navimow data in 0.000 seconds (success: True)
2026-07-05 10:08:11.222 DEBUG (paho-mqtt-client-REDACTED-MQTT-CLIENT-ID) [custom_components.navimow] MQTT client log: level=16 msg=Received PUBLISH (d0, q0, r0, m0), '/downlink/vehicle/REDACTED-ROBOT-SERIAL/realtimeDate/location', ...  (113 bytes)
2026-07-05 10:08:11.222 DEBUG (paho-mqtt-client-REDACTED-MQTT-CLIENT-ID) [mower_sdk.mqtt] NavimowMQTT payload: topic=/downlink/vehicle/REDACTED-ROBOT-SERIAL/realtimeDate/location payload=[{"postureTheta":"-0.652","postureX":"17.385","postureY":"1.013","time":1783238891133,"type":1,"vehicleState":4}]
2026-07-05 10:08:11.222 DEBUG (paho-mqtt-client-REDACTED-MQTT-CLIENT-ID) [mower_sdk.mqtt] NavimowMQTT message: topic=/downlink/vehicle/REDACTED-ROBOT-SERIAL/realtimeDate/location bytes=113 device=REDACTED-ROBOT-SERIAL
2026-07-05 10:08:11.223 DEBUG (MainThread) [custom_components.navimow] MQTT message received: topic=/downlink/vehicle/REDACTED-ROBOT-SERIAL/realtimeDate/location bytes=113 device=REDACTED-ROBOT-SERIAL payload=[{"postureTheta":"-0.652","postureX":"17.385","postureY":"1.013","time":1783238891133,"type":1,"vehicleState":4}]
2026-07-05 10:08:13.111 DEBUG (paho-mqtt-client-REDACTED-MQTT-CLIENT-ID) [custom_components.navimow] MQTT client log: level=16 msg=Received PUBLISH (d0, q0, r0, m0), '/downlink/vehicle/REDACTED-ROBOT-SERIAL/realtimeDate/location', ...  (112 bytes)
2026-07-05 10:08:13.111 DEBUG (paho-mqtt-client-REDACTED-MQTT-CLIENT-ID) [mower_sdk.mqtt] NavimowMQTT payload: topic=/downlink/vehicle/REDACTED-ROBOT-SERIAL/realtimeDate/location payload=[{"postureTheta":"-0.647","postureX":"18.12","postureY":"0.441","time":1783238893111,"type":1,"vehicleState":4}]
2026-07-05 10:08:13.111 DEBUG (paho-mqtt-client-REDACTED-MQTT-CLIENT-ID) [mower_sdk.mqtt] NavimowMQTT message: topic=/downlink/vehicle/REDACTED-ROBOT-SERIAL/realtimeDate/location bytes=112 device=REDACTED-ROBOT-SERIAL
2026-07-05 10:08:13.112 DEBUG (MainThread) [custom_components.navimow] MQTT message received: topic=/downlink/vehicle/REDACTED-ROBOT-SERIAL/realtimeDate/location bytes=112 device=REDACTED-ROBOT-SERIAL payload=[{"postureTheta":"-0.647","postureX":"18.12","postureY":"0.441","time":1783238893111,"type":1,"vehicleState":4}]
2026-07-05 10:08:15.111 DEBUG (paho-mqtt-client-REDACTED-MQTT-CLIENT-ID) [custom_components.navimow] MQTT client log: level=16 msg=Received PUBLISH (d0, q0, r0, m0), '/downlink/vehicle/REDACTED-ROBOT-SERIAL/realtimeDate/location', ...  (114 bytes)
2026-07-05 10:08:15.112 DEBUG (paho-mqtt-client-REDACTED-MQTT-CLIENT-ID) [mower_sdk.mqtt] NavimowMQTT payload: topic=/downlink/vehicle/REDACTED-ROBOT-SERIAL/realtimeDate/location payload=[{"postureTheta":"-0.667","postureX":"18.802","postureY":"-0.094","time":1783238895112,"type":1,"vehicleState":4}]
2026-07-05 10:08:15.112 DEBUG (paho-mqtt-client-REDACTED-MQTT-CLIENT-ID) [mower_sdk.mqtt] NavimowMQTT message: topic=/downlink/vehicle/REDACTED-ROBOT-SERIAL/realtimeDate/location bytes=114 device=REDACTED-ROBOT-SERIAL
2026-07-05 10:08:15.113 DEBUG (MainThread) [custom_components.navimow] MQTT message received: topic=/downlink/vehicle/REDACTED-ROBOT-SERIAL/realtimeDate/location bytes=114 device=REDACTED-ROBOT-SERIAL payload=[{"postureTheta":"-0.667","postureX":"18.802","postureY":"-0.094","time":1783238895112,"type":1,"vehicleState":4}]
2026-07-05 10:08:17.225 DEBUG (paho-mqtt-client-REDACTED-MQTT-CLIENT-ID) [custom_components.navimow] MQTT client log: level=16 msg=Received PUBLISH (d0, q0, r0, m0), '/downlink/vehicle/REDACTED-ROBOT-SERIAL/realtimeDate/location', ...  (114 bytes)
2026-07-05 10:08:17.225 DEBUG (paho-mqtt-client-REDACTED-MQTT-CLIENT-ID) [mower_sdk.mqtt] NavimowMQTT payload: topic=/downlink/vehicle/REDACTED-ROBOT-SERIAL/realtimeDate/location payload=[{"postureTheta":"-0.668","postureX":"19.488","postureY":"-0.632","time":1783238897116,"type":1,"vehicleState":4}]
2026-07-05 10:08:17.225 DEBUG (paho-mqtt-client-REDACTED-MQTT-CLIENT-ID) [mower_sdk.mqtt] NavimowMQTT message: topic=/downlink/vehicle/REDACTED-ROBOT-SERIAL/realtimeDate/location bytes=114 device=REDACTED-ROBOT-SERIAL
2026-07-05 10:08:17.227 DEBUG (MainThread) [custom_components.navimow] MQTT message received: topic=/downlink/vehicle/REDACTED-ROBOT-SERIAL/realtimeDate/location bytes=114 device=REDACTED-ROBOT-SERIAL payload=[{"postureTheta":"-0.668","postureX":"19.488","postureY":"-0.632","time":1783238897116,"type":1,"vehicleState":4}]
2026-07-05 10:08:19.066 DEBUG (paho-mqtt-client-REDACTED-MQTT-CLIENT-ID) [custom_components.navimow] MQTT client log: level=16 msg=Received PUBLISH (d0, q0, r0, m0), '/downlink/vehicle/REDACTED-ROBOT-SERIAL/realtimeDate/location', ...  (114 bytes)
2026-07-05 10:08:19.066 DEBUG (paho-mqtt-client-REDACTED-MQTT-CLIENT-ID) [mower_sdk.mqtt] NavimowMQTT payload: topic=/downlink/vehicle/REDACTED-ROBOT-SERIAL/realtimeDate/location payload=[{"postureTheta":"-0.671","postureX":"20.154","postureY":"-1.098","time":1783238899111,"type":1,"vehicleState":4}]
2026-07-05 10:08:19.066 DEBUG (paho-mqtt-client-REDACTED-MQTT-CLIENT-ID) [mower_sdk.mqtt] NavimowMQTT message: topic=/downlink/vehicle/REDACTED-ROBOT-SERIAL/realtimeDate/location bytes=114 device=REDACTED-ROBOT-SERIAL
2026-07-05 10:08:19.067 DEBUG (MainThread) [custom_components.navimow] MQTT message received: topic=/downlink/vehicle/REDACTED-ROBOT-SERIAL/realtimeDate/location bytes=114 device=REDACTED-ROBOT-SERIAL payload=[{"postureTheta":"-0.671","postureX":"20.154","postureY":"-1.098","time":1783238899111,"type":1,"vehicleState":4}]
2026-07-05 10:08:21.192 DEBUG (paho-mqtt-client-REDACTED-MQTT-CLIENT-ID) [custom_components.navimow] MQTT client log: level=16 msg=Received PUBLISH (d0, q0, r0, m0), '/downlink/vehicle/REDACTED-ROBOT-SERIAL/realtimeDate/location', ...  (114 bytes)
2026-07-05 10:08:21.192 DEBUG (paho-mqtt-client-REDACTED-MQTT-CLIENT-ID) [mower_sdk.mqtt] NavimowMQTT payload: topic=/downlink/vehicle/REDACTED-ROBOT-SERIAL/realtimeDate/location payload=[{"postureTheta":"-0.709","postureX":"20.344","postureY":"-1.247","time":1783238901111,"type":1,"vehicleState":4}]
2026-07-05 10:08:21.192 DEBUG (paho-mqtt-client-REDACTED-MQTT-CLIENT-ID) [mower_sdk.mqtt] NavimowMQTT message: topic=/downlink/vehicle/REDACTED-ROBOT-SERIAL/realtimeDate/location bytes=114 device=REDACTED-ROBOT-SERIAL
2026-07-05 10:08:21.194 DEBUG (MainThread) [custom_components.navimow] MQTT message received: topic=/downlink/vehicle/REDACTED-ROBOT-SERIAL/realtimeDate/location bytes=114 device=REDACTED-ROBOT-SERIAL payload=[{"postureTheta":"-0.709","postureX":"20.344","postureY":"-1.247","time":1783238901111,"type":1,"vehicleState":4}]
2026-07-05 10:08:23.060 DEBUG (paho-mqtt-client-REDACTED-MQTT-CLIENT-ID) [custom_components.navimow] MQTT client log: level=16 msg=Received PUBLISH (d0, q0, r0, m0), '/downlink/vehicle/REDACTED-ROBOT-SERIAL/realtimeDate/location', ...  (113 bytes)
2026-07-05 10:08:23.060 DEBUG (paho-mqtt-client-REDACTED-MQTT-CLIENT-ID) [mower_sdk.mqtt] NavimowMQTT payload: topic=/downlink/vehicle/REDACTED-ROBOT-SERIAL/realtimeDate/location payload=[{"postureTheta":"-1.346","postureX":"20.34","postureY":"-1.264","time":1783238903111,"type":1,"vehicleState":4}]
2026-07-05 10:08:23.061 DEBUG (paho-mqtt-client-REDACTED-MQTT-CLIENT-ID) [mower_sdk.mqtt] NavimowMQTT message: topic=/downlink/vehicle/REDACTED-ROBOT-SERIAL/realtimeDate/location bytes=113 device=REDACTED-ROBOT-SERIAL
2026-07-05 10:08:23.062 DEBUG (MainThread) [custom_components.navimow] MQTT message received: topic=/downlink/vehicle/REDACTED-ROBOT-SERIAL/realtimeDate/location bytes=113 device=REDACTED-ROBOT-SERIAL payload=[{"postureTheta":"-1.346","postureX":"20.34","postureY":"-1.264","time":1783238903111,"type":1,"vehicleState":4}]
2026-07-05 10:08:25.163 DEBUG (paho-mqtt-client-REDACTED-MQTT-CLIENT-ID) [custom_components.navimow] MQTT client log: level=16 msg=Received PUBLISH (d0, q0, r0, m0), '/downlink/vehicle/REDACTED-ROBOT-SERIAL/realtimeDate/location', ...  (114 bytes)
2026-07-05 10:08:25.163 DEBUG (paho-mqtt-client-REDACTED-MQTT-CLIENT-ID) [mower_sdk.mqtt] NavimowMQTT payload: topic=/downlink/vehicle/REDACTED-ROBOT-SERIAL/realtimeDate/location payload=[{"postureTheta":"-2.891","postureX":"20.341","postureY":"-1.255","time":1783238905111,"type":1,"vehicleState":4}]
2026-07-05 10:08:25.163 DEBUG (paho-mqtt-client-REDACTED-MQTT-CLIENT-ID) [mower_sdk.mqtt] NavimowMQTT message: topic=/downlink/vehicle/REDACTED-ROBOT-SERIAL/realtimeDate/location bytes=114 device=REDACTED-ROBOT-SERIAL
2026-07-05 10:08:25.165 DEBUG (MainThread) [custom_components.navimow] MQTT message received: topic=/downlink/vehicle/REDACTED-ROBOT-SERIAL/realtimeDate/location bytes=114 device=REDACTED-ROBOT-SERIAL payload=[{"postureTheta":"-2.891","postureX":"20.341","postureY":"-1.255","time":1783238905111,"type":1,"vehicleState":4}]
2026-07-05 10:08:27.135 DEBUG (paho-mqtt-client-REDACTED-MQTT-CLIENT-ID) [custom_components.navimow] MQTT client log: level=16 msg=Received PUBLISH (d0, q0, r0, m0), '/downlink/vehicle/REDACTED-ROBOT-SERIAL/realtimeDate/location', ...  (112 bytes)
2026-07-05 10:08:27.136 DEBUG (paho-mqtt-client-REDACTED-MQTT-CLIENT-ID) [mower_sdk.mqtt] NavimowMQTT payload: topic=/downlink/vehicle/REDACTED-ROBOT-SERIAL/realtimeDate/location payload=[{"postureTheta":"2.879","postureX":"20.454","postureY":"-1.29","time":1783238907113,"type":1,"vehicleState":4}]
2026-07-05 10:08:27.136 DEBUG (paho-mqtt-client-REDACTED-MQTT-CLIENT-ID) [mower_sdk.mqtt] NavimowMQTT message: topic=/downlink/vehicle/REDACTED-ROBOT-SERIAL/realtimeDate/location bytes=112 device=REDACTED-ROBOT-SERIAL
2026-07-05 10:08:27.137 DEBUG (MainThread) [custom_components.navimow] MQTT message received: topic=/downlink/vehicle/REDACTED-ROBOT-SERIAL/realtimeDate/location bytes=112 device=REDACTED-ROBOT-SERIAL payload=[{"postureTheta":"2.879","postureX":"20.454","postureY":"-1.29","time":1783238907113,"type":1,"vehicleState":4}]
2026-07-05 10:08:29.207 DEBUG (paho-mqtt-client-REDACTED-MQTT-CLIENT-ID) [custom_components.navimow] MQTT client log: level=16 msg=Received PUBLISH (d0, q0, r0, m0), '/downlink/vehicle/REDACTED-ROBOT-SERIAL/realtimeDate/location', ...  (113 bytes)
2026-07-05 10:08:29.208 DEBUG (paho-mqtt-client-REDACTED-MQTT-CLIENT-ID) [mower_sdk.mqtt] NavimowMQTT payload: topic=/downlink/vehicle/REDACTED-ROBOT-SERIAL/realtimeDate/location payload=[{"postureTheta":"2.621","postureX":"20.516","postureY":"-1.288","time":1783238909111,"type":1,"vehicleState":4}]
2026-07-05 10:08:29.208 DEBUG (paho-mqtt-client-REDACTED-MQTT-CLIENT-ID) [mower_sdk.mqtt] NavimowMQTT message: topic=/downlink/vehicle/REDACTED-ROBOT-SERIAL/realtimeDate/location bytes=113 device=REDACTED-ROBOT-SERIAL
2026-07-05 10:08:29.210 DEBUG (MainThread) [custom_components.navimow] MQTT message received: topic=/downlink/vehicle/REDACTED-ROBOT-SERIAL/realtimeDate/location bytes=113 device=REDACTED-ROBOT-SERIAL payload=[{"postureTheta":"2.621","postureX":"20.516","postureY":"-1.288","time":1783238909111,"type":1,"vehicleState":4}]
2026-07-05 10:08:31.225 DEBUG (paho-mqtt-client-REDACTED-MQTT-CLIENT-ID) [custom_components.navimow] MQTT client log: level=16 msg=Received PUBLISH (d0, q0, r0, m0), '/downlink/vehicle/REDACTED-ROBOT-SERIAL/realtimeDate/location', ...  (113 bytes)
2026-07-05 10:08:31.225 DEBUG (paho-mqtt-client-REDACTED-MQTT-CLIENT-ID) [mower_sdk.mqtt] NavimowMQTT payload: topic=/downlink/vehicle/REDACTED-ROBOT-SERIAL/realtimeDate/location payload=[{"postureTheta":"2.457","postureX":"20.214","postureY":"-1.049","time":1783238911112,"type":1,"vehicleState":4}]
2026-07-05 10:08:31.225 DEBUG (paho-mqtt-client-REDACTED-MQTT-CLIENT-ID) [mower_sdk.mqtt] NavimowMQTT message: topic=/downlink/vehicle/REDACTED-ROBOT-SERIAL/realtimeDate/location bytes=113 device=REDACTED-ROBOT-SERIAL
2026-07-05 10:08:31.226 DEBUG (MainThread) [custom_components.navimow] MQTT message received: topic=/downlink/vehicle/REDACTED-ROBOT-SERIAL/realtimeDate/location bytes=113 device=REDACTED-ROBOT-SERIAL payload=[{"postureTheta":"2.457","postureX":"20.214","postureY":"-1.049","time":1783238911112,"type":1,"vehicleState":4}]
2026-07-05 10:08:33.063 DEBUG (paho-mqtt-client-REDACTED-MQTT-CLIENT-ID) [custom_components.navimow] MQTT client log: level=16 msg=Received PUBLISH (d0, q0, r0, m0), '/downlink/vehicle/REDACTED-ROBOT-SERIAL/realtimeDate/location', ...  (113 bytes)
2026-07-05 10:08:33.063 DEBUG (paho-mqtt-client-REDACTED-MQTT-CLIENT-ID) [mower_sdk.mqtt] NavimowMQTT payload: topic=/downlink/vehicle/REDACTED-ROBOT-SERIAL/realtimeDate/location payload=[{"postureTheta":"2.452","postureX":"19.558","postureY":"-0.456","time":1783238913113,"type":1,"vehicleState":4}]
2026-07-05 10:08:33.063 DEBUG (paho-mqtt-client-REDACTED-MQTT-CLIENT-ID) [mower_sdk.mqtt] NavimowMQTT message: topic=/downlink/vehicle/REDACTED-ROBOT-SERIAL/realtimeDate/location bytes=113 device=REDACTED-ROBOT-SERIAL
2026-07-05 10:08:33.064 DEBUG (MainThread) [custom_components.navimow] MQTT message received: topic=/downlink/vehicle/REDACTED-ROBOT-SERIAL/realtimeDate/location bytes=113 device=REDACTED-ROBOT-SERIAL payload=[{"postureTheta":"2.452","postureX":"19.558","postureY":"-0.456","time":1783238913113,"type":1,"vehicleState":4}]
2026-07-05 10:08:35.146 DEBUG (paho-mqtt-client-REDACTED-MQTT-CLIENT-ID) [custom_components.navimow] MQTT client log: level=16 msg=Received PUBLISH (d0, q0, r0, m0), '/downlink/vehicle/REDACTED-ROBOT-SERIAL/realtimeDate/location', ...  (110 bytes)
2026-07-05 10:08:35.146 DEBUG (paho-mqtt-client-REDACTED-MQTT-CLIENT-ID) [mower_sdk.mqtt] NavimowMQTT payload: topic=/downlink/vehicle/REDACTED-ROBOT-SERIAL/realtimeDate/location payload=[{"postureTheta":"2.446","postureX":"18.88","postureY":"0.04","time":1783238915111,"type":1,"vehicleState":4}]
2026-07-05 10:08:35.146 DEBUG (paho-mqtt-client-REDACTED-MQTT-CLIENT-ID) [mower_sdk.mqtt] NavimowMQTT message: topic=/downlink/vehicle/REDACTED-ROBOT-SERIAL/realtimeDate/location bytes=110 device=REDACTED-ROBOT-SERIAL
2026-07-05 10:08:35.148 DEBUG (MainThread) [custom_components.navimow] MQTT message received: topic=/downlink/vehicle/REDACTED-ROBOT-SERIAL/realtimeDate/location bytes=110 device=REDACTED-ROBOT-SERIAL payload=[{"postureTheta":"2.446","postureX":"18.88","postureY":"0.04","time":1783238915111,"type":1,"vehicleState":4}]
2026-07-05 10:08:37.215 DEBUG (paho-mqtt-client-REDACTED-MQTT-CLIENT-ID) [custom_components.navimow] MQTT client log: level=16 msg=Received PUBLISH (d0, q0, r0, m0), '/downlink/vehicle/REDACTED-ROBOT-SERIAL/realtimeDate/location', ...  (112 bytes)
2026-07-05 10:08:37.215 DEBUG (paho-mqtt-client-REDACTED-MQTT-CLIENT-ID) [mower_sdk.mqtt] NavimowMQTT payload: topic=/downlink/vehicle/REDACTED-ROBOT-SERIAL/realtimeDate/location payload=[{"postureTheta":"2.532","postureX":"18.131","postureY":"0.596","time":1783238917112,"type":1,"vehicleState":4}]
2026-07-05 10:08:37.215 DEBUG (paho-mqtt-client-REDACTED-MQTT-CLIENT-ID) [mower_sdk.mqtt] NavimowMQTT message: topic=/downlink/vehicle/REDACTED-ROBOT-SERIAL/realtimeDate/location bytes=112 device=REDACTED-ROBOT-SERIAL
2026-07-05 10:08:37.216 DEBUG (MainThread) [custom_components.navimow] MQTT message received: topic=/downlink/vehicle/REDACTED-ROBOT-SERIAL/realtimeDate/location bytes=112 device=REDACTED-ROBOT-SERIAL payload=[{"postureTheta":"2.532","postureX":"18.131","postureY":"0.596","time":1783238917112,"type":1,"vehicleState":4}]
2026-07-05 10:08:39.147 DEBUG (paho-mqtt-client-REDACTED-MQTT-CLIENT-ID) [custom_components.navimow] MQTT client log: level=16 msg=Received PUBLISH (d0, q0, r0, m0), '/downlink/vehicle/REDACTED-ROBOT-SERIAL/realtimeDate/location', ...  (110 bytes)
2026-07-05 10:08:39.147 DEBUG (paho-mqtt-client-REDACTED-MQTT-CLIENT-ID) [mower_sdk.mqtt] NavimowMQTT payload: topic=/downlink/vehicle/REDACTED-ROBOT-SERIAL/realtimeDate/location payload=[{"postureTheta":"2.45","postureX":"17.452","postureY":"1.13","time":1783238919111,"type":1,"vehicleState":4}]
2026-07-05 10:08:39.147 DEBUG (paho-mqtt-client-REDACTED-MQTT-CLIENT-ID) [mower_sdk.mqtt] NavimowMQTT message: topic=/downlink/vehicle/REDACTED-ROBOT-SERIAL/realtimeDate/location bytes=110 device=REDACTED-ROBOT-SERIAL
2026-07-05 10:08:39.149 DEBUG (MainThread) [custom_components.navimow] MQTT message received: topic=/downlink/vehicle/REDACTED-ROBOT-SERIAL/realtimeDate/location bytes=110 device=REDACTED-ROBOT-SERIAL payload=[{"postureTheta":"2.45","postureX":"17.452","postureY":"1.13","time":1783238919111,"type":1,"vehicleState":4}]
2026-07-05 10:08:40.747 INFO (MainThread) [custom_components.navimow.coordinator] HTTP fallback succeeded for device REDACTED-ROBOT-SERIAL (MQTT stale)
2026-07-05 10:08:40.747 DEBUG (MainThread) [custom_components.navimow.coordinator] Coordinator update: device=REDACTED-ROBOT-SERIAL source=http_fallback mqtt_ts=2229650.480233704 mqtt_state_ts=2229650.480233704 http_ts=2230260.16426263
2026-07-05 10:08:40.747 DEBUG (MainThread) [custom_components.navimow.coordinator] Finished fetching navimow data in 0.183 seconds (success: True)
2026-07-05 10:08:41.085 DEBUG (paho-mqtt-client-REDACTED-MQTT-CLIENT-ID) [custom_components.navimow] MQTT client log: level=16 msg=Received PUBLISH (d0, q0, r0, m0), '/downlink/vehicle/REDACTED-ROBOT-SERIAL/realtimeDate/location', ...  (329 bytes)
2026-07-05 10:08:41.085 DEBUG (paho-mqtt-client-REDACTED-MQTT-CLIENT-ID) [mower_sdk.mqtt] NavimowMQTT payload: topic=/downlink/vehicle/REDACTED-ROBOT-SERIAL/realtimeDate/location payload=[{"action":5,"currentMowBoundary":1,"currentMowProgress":3910,"mapWorkPosition":"0000000500000000000000000000000100000F460000000000000000000000000000000000000000000000000000000000000000000000000000000000000000","mowStartType":0,"mowingPercentage":39,"mowingWeekArea":"93.68","subtotalArea":"93.68","time":1783238921112,"type":2}]
2026-07-05 10:08:41.086 DEBUG (paho-mqtt-client-REDACTED-MQTT-CLIENT-ID) [mower_sdk.mqtt] NavimowMQTT message: topic=/downlink/vehicle/REDACTED-ROBOT-SERIAL/realtimeDate/location bytes=329 device=REDACTED-ROBOT-SERIAL
2026-07-05 10:08:41.086 DEBUG (MainThread) [custom_components.navimow] MQTT message received: topic=/downlink/vehicle/REDACTED-ROBOT-SERIAL/realtimeDate/location bytes=329 device=REDACTED-ROBOT-SERIAL payload=[{"action":5,"currentMowBoundary":1,"currentMowProgress":3910,"mapWorkPosition":"0000000500000000000000000000000100000F460000000000000000000000000000000000000000000000000000000000000000000000000000000000000000","mowStartType":0,"mowingPercentage":39,"mowingWeekArea":"93.68","subtotalArea":"93.68","time":1783238921112,"type":2}]
2026-07-05 10:08:41.087 DEBUG (MainThread) [custom_components.navimow.run_tracker] run_tracker: type-2 rejected by layer 2 (wk=93.68 last=1189.34 time=1783238921112)
2026-07-05 10:08:41.087 DEBUG (MainThread) [custom_components.navimow.coordinator] Manually updated navimow data
2026-07-05 10:08:41.244 DEBUG (paho-mqtt-client-REDACTED-MQTT-CLIENT-ID) [custom_components.navimow] MQTT client log: level=16 msg=Received PUBLISH (d0, q0, r0, m0), '/downlink/vehicle/REDACTED-ROBOT-SERIAL/realtimeDate/location', ...  (110 bytes)
2026-07-05 10:08:41.245 DEBUG (paho-mqtt-client-REDACTED-MQTT-CLIENT-ID) [mower_sdk.mqtt] NavimowMQTT payload: topic=/downlink/vehicle/REDACTED-ROBOT-SERIAL/realtimeDate/location payload=[{"postureTheta":"2.493","postureX":"16.76","postureY":"1.67","time":1783238921115,"type":1,"vehicleState":4}]
2026-07-05 10:08:41.245 DEBUG (paho-mqtt-client-REDACTED-MQTT-CLIENT-ID) [mower_sdk.mqtt] NavimowMQTT message: topic=/downlink/vehicle/REDACTED-ROBOT-SERIAL/realtimeDate/location bytes=110 device=REDACTED-ROBOT-SERIAL
2026-07-05 10:08:41.245 DEBUG (MainThread) [custom_components.navimow] MQTT message received: topic=/downlink/vehicle/REDACTED-ROBOT-SERIAL/realtimeDate/location bytes=110 device=REDACTED-ROBOT-SERIAL payload=[{"postureTheta":"2.493","postureX":"16.76","postureY":"1.67","time":1783238921115,"type":1,"vehicleState":4}]
2026-07-05 10:08:43.074 DEBUG (paho-mqtt-client-REDACTED-MQTT-CLIENT-ID) [custom_components.navimow] MQTT client log: level=16 msg=Received PUBLISH (d0, q0, r0, m0), '/downlink/vehicle/REDACTED-ROBOT-SERIAL/realtimeDate/location', ...  (112 bytes)
2026-07-05 10:08:43.074 DEBUG (paho-mqtt-client-REDACTED-MQTT-CLIENT-ID) [mower_sdk.mqtt] NavimowMQTT payload: topic=/downlink/vehicle/REDACTED-ROBOT-SERIAL/realtimeDate/location payload=[{"postureTheta":"2.471","postureX":"16.081","postureY":"2.226","time":1783238923111,"type":1,"vehicleState":4}]
2026-07-05 10:08:43.075 DEBUG (paho-mqtt-client-REDACTED-MQTT-CLIENT-ID) [mower_sdk.mqtt] NavimowMQTT message: topic=/downlink/vehicle/REDACTED-ROBOT-SERIAL/realtimeDate/location bytes=112 device=REDACTED-ROBOT-SERIAL
2026-07-05 10:08:43.077 DEBUG (MainThread) [custom_components.navimow] MQTT message received: topic=/downlink/vehicle/REDACTED-ROBOT-SERIAL/realtimeDate/location bytes=112 device=REDACTED-ROBOT-SERIAL payload=[{"postureTheta":"2.471","postureX":"16.081","postureY":"2.226","time":1783238923111,"type":1,"vehicleState":4}]
2026-07-05 10:08:45.210 DEBUG (paho-mqtt-client-REDACTED-MQTT-CLIENT-ID) [custom_components.navimow] MQTT client log: level=16 msg=Received PUBLISH (d0, q0, r0, m0), '/downlink/vehicle/REDACTED-ROBOT-SERIAL/realtimeDate/location', ...  (112 bytes)
2026-07-05 10:08:45.211 DEBUG (paho-mqtt-client-REDACTED-MQTT-CLIENT-ID) [mower_sdk.mqtt] NavimowMQTT payload: topic=/downlink/vehicle/REDACTED-ROBOT-SERIAL/realtimeDate/location payload=[{"postureTheta":"2.465","postureX":"15.368","postureY":"2.776","time":1783238925112,"type":1,"vehicleState":4}]
2026-07-05 10:08:45.211 DEBUG (paho-mqtt-client-REDACTED-MQTT-CLIENT-ID) [mower_sdk.mqtt] NavimowMQTT message: topic=/downlink/vehicle/REDACTED-ROBOT-SERIAL/realtimeDate/location bytes=112 device=REDACTED-ROBOT-SERIAL
2026-07-05 10:08:45.213 DEBUG (MainThread) [custom_components.navimow] MQTT message received: topic=/downlink/vehicle/REDACTED-ROBOT-SERIAL/realtimeDate/location bytes=112 device=REDACTED-ROBOT-SERIAL payload=[{"postureTheta":"2.465","postureX":"15.368","postureY":"2.776","time":1783238925112,"type":1,"vehicleState":4}]
2026-07-05 10:08:47.159 DEBUG (paho-mqtt-client-REDACTED-MQTT-CLIENT-ID) [custom_components.navimow] MQTT client log: level=16 msg=Received PUBLISH (d0, q0, r0, m0), '/downlink/vehicle/REDACTED-ROBOT-SERIAL/realtimeDate/location', ...  (112 bytes)
2026-07-05 10:08:47.159 DEBUG (paho-mqtt-client-REDACTED-MQTT-CLIENT-ID) [mower_sdk.mqtt] NavimowMQTT payload: topic=/downlink/vehicle/REDACTED-ROBOT-SERIAL/realtimeDate/location payload=[{"postureTheta":"2.482","postureX":"14.674","postureY":"3.304","time":1783238927111,"type":1,"vehicleState":4}]
2026-07-05 10:08:47.159 DEBUG (paho-mqtt-client-REDACTED-MQTT-CLIENT-ID) [mower_sdk.mqtt] NavimowMQTT message: topic=/downlink/vehicle/REDACTED-ROBOT-SERIAL/realtimeDate/location bytes=112 device=REDACTED-ROBOT-SERIAL
2026-07-05 10:08:47.161 DEBUG (MainThread) [custom_components.navimow] MQTT message received: topic=/downlink/vehicle/REDACTED-ROBOT-SERIAL/realtimeDate/location bytes=112 device=REDACTED-ROBOT-SERIAL payload=[{"postureTheta":"2.482","postureX":"14.674","postureY":"3.304","time":1783238927111,"type":1,"vehicleState":4}]
2026-07-05 10:08:49.197 DEBUG (paho-mqtt-client-REDACTED-MQTT-CLIENT-ID) [custom_components.navimow] MQTT client log: level=16 msg=Received PUBLISH (d0, q0, r0, m0), '/downlink/vehicle/REDACTED-ROBOT-SERIAL/realtimeDate/location', ...  (112 bytes)
2026-07-05 10:08:49.197 DEBUG (paho-mqtt-client-REDACTED-MQTT-CLIENT-ID) [mower_sdk.mqtt] NavimowMQTT payload: topic=/downlink/vehicle/REDACTED-ROBOT-SERIAL/realtimeDate/location payload=[{"postureTheta":"2.472","postureX":"13.951","postureY":"3.836","time":1783238929112,"type":1,"vehicleState":4}]
2026-07-05 10:08:49.197 DEBUG (paho-mqtt-client-REDACTED-MQTT-CLIENT-ID) [mower_sdk.mqtt] NavimowMQTT message: topic=/downlink/vehicle/REDACTED-ROBOT-SERIAL/realtimeDate/location bytes=112 device=REDACTED-ROBOT-SERIAL
2026-07-05 10:08:49.199 DEBUG (MainThread) [custom_components.navimow] MQTT message received: topic=/downlink/vehicle/REDACTED-ROBOT-SERIAL/realtimeDate/location bytes=112 device=REDACTED-ROBOT-SERIAL payload=[{"postureTheta":"2.472","postureX":"13.951","postureY":"3.836","time":1783238929112,"type":1,"vehicleState":4}]
2026-07-05 10:08:51.136 DEBUG (paho-mqtt-client-REDACTED-MQTT-CLIENT-ID) [custom_components.navimow] MQTT client log: level=16 msg=Received PUBLISH (d0, q0, r0, m0), '/downlink/vehicle/REDACTED-ROBOT-SERIAL/realtimeDate/location', ...  (112 bytes)
2026-07-05 10:08:51.137 DEBUG (paho-mqtt-client-REDACTED-MQTT-CLIENT-ID) [mower_sdk.mqtt] NavimowMQTT payload: topic=/downlink/vehicle/REDACTED-ROBOT-SERIAL/realtimeDate/location payload=[{"postureTheta":"2.499","postureX":"13.267","postureY":"4.419","time":1783238931113,"type":1,"vehicleState":4}]
2026-07-05 10:08:51.137 DEBUG (paho-mqtt-client-REDACTED-MQTT-CLIENT-ID) [mower_sdk.mqtt] NavimowMQTT message: topic=/downlink/vehicle/REDACTED-ROBOT-SERIAL/realtimeDate/location bytes=112 device=REDACTED-ROBOT-SERIAL
2026-07-05 10:08:51.137 DEBUG (MainThread) [custom_components.navimow] MQTT message received: topic=/downlink/vehicle/REDACTED-ROBOT-SERIAL/realtimeDate/location bytes=112 device=REDACTED-ROBOT-SERIAL payload=[{"postureTheta":"2.499","postureX":"13.267","postureY":"4.419","time":1783238931113,"type":1,"vehicleState":4}]
2026-07-05 10:08:53.184 DEBUG (paho-mqtt-client-REDACTED-MQTT-CLIENT-ID) [custom_components.navimow] MQTT client log: level=16 msg=Received PUBLISH (d0, q0, r0, m0), '/downlink/vehicle/REDACTED-ROBOT-SERIAL/realtimeDate/location', ...  (112 bytes)
2026-07-05 10:08:53.184 DEBUG (paho-mqtt-client-REDACTED-MQTT-CLIENT-ID) [mower_sdk.mqtt] NavimowMQTT payload: topic=/downlink/vehicle/REDACTED-ROBOT-SERIAL/realtimeDate/location payload=[{"postureTheta":"2.496","postureX":"12.563","postureY":"4.945","time":1783238933112,"type":1,"vehicleState":4}]
2026-07-05 10:08:53.184 DEBUG (paho-mqtt-client-REDACTED-MQTT-CLIENT-ID) [mower_sdk.mqtt] NavimowMQTT message: topic=/downlink/vehicle/REDACTED-ROBOT-SERIAL/realtimeDate/location bytes=112 device=REDACTED-ROBOT-SERIAL
2026-07-05 10:08:53.187 DEBUG (MainThread) [custom_components.navimow] MQTT message received: topic=/downlink/vehicle/REDACTED-ROBOT-SERIAL/realtimeDate/location bytes=112 device=REDACTED-ROBOT-SERIAL payload=[{"postureTheta":"2.496","postureX":"12.563","postureY":"4.945","time":1783238933112,"type":1,"vehicleState":4}]
2026-07-05 10:08:55.162 DEBUG (paho-mqtt-client-REDACTED-MQTT-CLIENT-ID) [custom_components.navimow] MQTT client log: level=16 msg=Received PUBLISH (d0, q0, r0, m0), '/downlink/vehicle/REDACTED-ROBOT-SERIAL/realtimeDate/location', ...  (111 bytes)
2026-07-05 10:08:55.162 DEBUG (paho-mqtt-client-REDACTED-MQTT-CLIENT-ID) [mower_sdk.mqtt] NavimowMQTT payload: topic=/downlink/vehicle/REDACTED-ROBOT-SERIAL/realtimeDate/location payload=[{"postureTheta":"2.47","postureX":"11.823","postureY":"5.514","time":1783238935114,"type":1,"vehicleState":4}]
2026-07-05 10:08:55.162 DEBUG (paho-mqtt-client-REDACTED-MQTT-CLIENT-ID) [mower_sdk.mqtt] NavimowMQTT message: topic=/downlink/vehicle/REDACTED-ROBOT-SERIAL/realtimeDate/location bytes=111 device=REDACTED-ROBOT-SERIAL
2026-07-05 10:08:55.162 DEBUG (paho-mqtt-client-REDACTED-MQTT-CLIENT-ID) [custom_components.navimow] MQTT client log: level=16 msg=Sending PINGREQ
2026-07-05 10:08:55.166 DEBUG (MainThread) [custom_components.navimow] MQTT message received: topic=/downlink/vehicle/REDACTED-ROBOT-SERIAL/realtimeDate/location bytes=111 device=REDACTED-ROBOT-SERIAL payload=[{"postureTheta":"2.47","postureX":"11.823","postureY":"5.514","time":1783238935114,"type":1,"vehicleState":4}]
2026-07-05 10:08:55.196 DEBUG (paho-mqtt-client-REDACTED-MQTT-CLIENT-ID) [custom_components.navimow] MQTT client log: level=16 msg=Received PINGRESP
2026-07-05 10:08:57.159 DEBUG (paho-mqtt-client-REDACTED-MQTT-CLIENT-ID) [custom_components.navimow] MQTT client log: level=16 msg=Received PUBLISH (d0, q0, r0, m0), '/downlink/vehicle/REDACTED-ROBOT-SERIAL/realtimeDate/location', ...  (111 bytes)
2026-07-05 10:08:57.159 DEBUG (paho-mqtt-client-REDACTED-MQTT-CLIENT-ID) [mower_sdk.mqtt] NavimowMQTT payload: topic=/downlink/vehicle/REDACTED-ROBOT-SERIAL/realtimeDate/location payload=[{"postureTheta":"2.493","postureX":"11.118","postureY":"6.09","time":1783238937112,"type":1,"vehicleState":4}]
2026-07-05 10:08:57.160 DEBUG (paho-mqtt-client-REDACTED-MQTT-CLIENT-ID) [mower_sdk.mqtt] NavimowMQTT message: topic=/downlink/vehicle/REDACTED-ROBOT-SERIAL/realtimeDate/location bytes=111 device=REDACTED-ROBOT-SERIAL
2026-07-05 10:08:57.162 DEBUG (MainThread) [custom_components.navimow] MQTT message received: topic=/downlink/vehicle/REDACTED-ROBOT-SERIAL/realtimeDate/location bytes=111 device=REDACTED-ROBOT-SERIAL payload=[{"postureTheta":"2.493","postureX":"11.118","postureY":"6.09","time":1783238937112,"type":1,"vehicleState":4}]
2026-07-05 10:08:59.196 DEBUG (paho-mqtt-client-REDACTED-MQTT-CLIENT-ID) [custom_components.navimow] MQTT client log: level=16 msg=Received PUBLISH (d0, q0, r0, m0), '/downlink/vehicle/REDACTED-ROBOT-SERIAL/realtimeDate/location', ...  (112 bytes)
2026-07-05 10:08:59.196 DEBUG (paho-mqtt-client-REDACTED-MQTT-CLIENT-ID) [mower_sdk.mqtt] NavimowMQTT payload: topic=/downlink/vehicle/REDACTED-ROBOT-SERIAL/realtimeDate/location payload=[{"postureTheta":"2.511","postureX":"10.512","postureY":"6.552","time":1783238939111,"type":1,"vehicleState":4}]
2026-07-05 10:08:59.197 DEBUG (paho-mqtt-client-REDACTED-MQTT-CLIENT-ID) [mower_sdk.mqtt] NavimowMQTT message: topic=/downlink/vehicle/REDACTED-ROBOT-SERIAL/realtimeDate/location bytes=112 device=REDACTED-ROBOT-SERIAL
2026-07-05 10:08:59.199 DEBUG (MainThread) [custom_components.navimow] MQTT message received: topic=/downlink/vehicle/REDACTED-ROBOT-SERIAL/realtimeDate/location bytes=112 device=REDACTED-ROBOT-SERIAL payload=[{"postureTheta":"2.511","postureX":"10.512","postureY":"6.552","time":1783238939111,"type":1,"vehicleState":4}]
2026-07-05 10:09:01.093 DEBUG (paho-mqtt-client-REDACTED-MQTT-CLIENT-ID) [custom_components.navimow] MQTT client log: level=16 msg=Received PUBLISH (d0, q0, r0, m0), '/downlink/vehicle/REDACTED-ROBOT-SERIAL/realtimeDate/location', ...  (112 bytes)
2026-07-05 10:09:01.093 DEBUG (paho-mqtt-client-REDACTED-MQTT-CLIENT-ID) [mower_sdk.mqtt] NavimowMQTT payload: topic=/downlink/vehicle/REDACTED-ROBOT-SERIAL/realtimeDate/location payload=[{"postureTheta":"2.492","postureX":"10.291","postureY":"6.741","time":1783238941112,"type":1,"vehicleState":4}]
2026-07-05 10:09:01.093 DEBUG (paho-mqtt-client-REDACTED-MQTT-CLIENT-ID) [mower_sdk.mqtt] NavimowMQTT message: topic=/downlink/vehicle/REDACTED-ROBOT-SERIAL/realtimeDate/location bytes=112 device=REDACTED-ROBOT-SERIAL
2026-07-05 10:09:01.095 DEBUG (MainThread) [custom_components.navimow] MQTT message received: topic=/downlink/vehicle/REDACTED-ROBOT-SERIAL/realtimeDate/location bytes=112 device=REDACTED-ROBOT-SERIAL payload=[{"postureTheta":"2.492","postureX":"10.291","postureY":"6.741","time":1783238941112,"type":1,"vehicleState":4}]
2026-07-05 10:09:03.009 DEBUG (paho-mqtt-client-REDACTED-MQTT-CLIENT-ID) [custom_components.navimow] MQTT client log: level=16 msg=Received PUBLISH (d0, q0, r0, m0), '/downlink/vehicle/REDACTED-ROBOT-SERIAL/realtimeDate/location', ...  (112 bytes)
2026-07-05 10:09:03.009 DEBUG (paho-mqtt-client-REDACTED-MQTT-CLIENT-ID) [mower_sdk.mqtt] NavimowMQTT payload: topic=/downlink/vehicle/REDACTED-ROBOT-SERIAL/realtimeDate/location payload=[{"postureTheta":"2.223","postureX":"10.252","postureY":"6.771","time":1783238943112,"type":1,"vehicleState":4}]
2026-07-05 10:09:03.009 DEBUG (paho-mqtt-client-REDACTED-MQTT-CLIENT-ID) [mower_sdk.mqtt] NavimowMQTT message: topic=/downlink/vehicle/REDACTED-ROBOT-SERIAL/realtimeDate/location bytes=112 device=REDACTED-ROBOT-SERIAL
2026-07-05 10:09:03.010 DEBUG (MainThread) [custom_components.navimow] MQTT message received: topic=/downlink/vehicle/REDACTED-ROBOT-SERIAL/realtimeDate/location bytes=112 device=REDACTED-ROBOT-SERIAL payload=[{"postureTheta":"2.223","postureX":"10.252","postureY":"6.771","time":1783238943112,"type":1,"vehicleState":4}]
2026-07-05 10:09:05.205 DEBUG (paho-mqtt-client-REDACTED-MQTT-CLIENT-ID) [custom_components.navimow] MQTT client log: level=16 msg=Received PUBLISH (d0, q0, r0, m0), '/downlink/vehicle/REDACTED-ROBOT-SERIAL/realtimeDate/location', ...  (112 bytes)
2026-07-05 10:09:05.205 DEBUG (paho-mqtt-client-REDACTED-MQTT-CLIENT-ID) [mower_sdk.mqtt] NavimowMQTT payload: topic=/downlink/vehicle/REDACTED-ROBOT-SERIAL/realtimeDate/location payload=[{"postureTheta":"1.408","postureX":"10.269","postureY":"6.882","time":1783238945112,"type":1,"vehicleState":4}]
2026-07-05 10:09:05.205 DEBUG (paho-mqtt-client-REDACTED-MQTT-CLIENT-ID) [mower_sdk.mqtt] NavimowMQTT message: topic=/downlink/vehicle/REDACTED-ROBOT-SERIAL/realtimeDate/location bytes=112 device=REDACTED-ROBOT-SERIAL
2026-07-05 10:09:05.208 DEBUG (MainThread) [custom_components.navimow] MQTT message received: topic=/downlink/vehicle/REDACTED-ROBOT-SERIAL/realtimeDate/location bytes=112 device=REDACTED-ROBOT-SERIAL payload=[{"postureTheta":"1.408","postureX":"10.269","postureY":"6.882","time":1783238945112,"type":1,"vehicleState":4}]
2026-07-05 10:09:07.110 DEBUG (paho-mqtt-client-REDACTED-MQTT-CLIENT-ID) [custom_components.navimow] MQTT client log: level=16 msg=Received PUBLISH (d0, q0, r0, m0), '/downlink/vehicle/REDACTED-ROBOT-SERIAL/realtimeDate/location', ...  (112 bytes)
2026-07-05 10:09:07.110 DEBUG (paho-mqtt-client-REDACTED-MQTT-CLIENT-ID) [mower_sdk.mqtt] NavimowMQTT payload: topic=/downlink/vehicle/REDACTED-ROBOT-SERIAL/realtimeDate/location payload=[{"postureTheta":"0.873","postureX":"10.263","postureY":"6.884","time":1783238947111,"type":1,"vehicleState":4}]
2026-07-05 10:09:07.110 DEBUG (paho-mqtt-client-REDACTED-MQTT-CLIENT-ID) [mower_sdk.mqtt] NavimowMQTT message: topic=/downlink/vehicle/REDACTED-ROBOT-SERIAL/realtimeDate/location bytes=112 device=REDACTED-ROBOT-SERIAL
2026-07-05 10:09:07.111 DEBUG (MainThread) [custom_components.navimow] MQTT message received: topic=/downlink/vehicle/REDACTED-ROBOT-SERIAL/realtimeDate/location bytes=112 device=REDACTED-ROBOT-SERIAL payload=[{"postureTheta":"0.873","postureX":"10.263","postureY":"6.884","time":1783238947111,"type":1,"vehicleState":4}]
2026-07-05 10:09:09.188 DEBUG (paho-mqtt-client-REDACTED-MQTT-CLIENT-ID) [custom_components.navimow] MQTT client log: level=16 msg=Received PUBLISH (d0, q0, r0, m0), '/downlink/vehicle/REDACTED-ROBOT-SERIAL/realtimeDate/location', ...  (113 bytes)
2026-07-05 10:09:09.188 DEBUG (paho-mqtt-client-REDACTED-MQTT-CLIENT-ID) [mower_sdk.mqtt] NavimowMQTT payload: topic=/downlink/vehicle/REDACTED-ROBOT-SERIAL/realtimeDate/location payload=[{"postureTheta":"-0.274","postureX":"10.274","postureY":"6.894","time":1783238949111,"type":1,"vehicleState":4}]
2026-07-05 10:09:09.188 DEBUG (paho-mqtt-client-REDACTED-MQTT-CLIENT-ID) [mower_sdk.mqtt] NavimowMQTT message: topic=/downlink/vehicle/REDACTED-ROBOT-SERIAL/realtimeDate/location bytes=113 device=REDACTED-ROBOT-SERIAL
2026-07-05 10:09:09.189 DEBUG (MainThread) [custom_components.navimow] MQTT message received: topic=/downlink/vehicle/REDACTED-ROBOT-SERIAL/realtimeDate/location bytes=113 device=REDACTED-ROBOT-SERIAL payload=[{"postureTheta":"-0.274","postureX":"10.274","postureY":"6.894","time":1783238949111,"type":1,"vehicleState":4}]
2026-07-05 10:09:10.564 DEBUG (MainThread) [custom_components.navimow.coordinator] Coordinator update: device=REDACTED-ROBOT-SERIAL source=mqtt_cache mqtt_ts=2229650.480233704 mqtt_state_ts=2229650.480233704 http_ts=2230260.16426263
2026-07-05 10:09:10.564 DEBUG (MainThread) [custom_components.navimow.coordinator] Finished fetching navimow data in 0.000 seconds (success: True)
2026-07-05 10:09:11.107 DEBUG (paho-mqtt-client-REDACTED-MQTT-CLIENT-ID) [custom_components.navimow] MQTT client log: level=16 msg=Received PUBLISH (d0, q0, r0, m0), '/downlink/vehicle/REDACTED-ROBOT-SERIAL/realtimeDate/location', ...  (113 bytes)
2026-07-05 10:09:11.107 DEBUG (paho-mqtt-client-REDACTED-MQTT-CLIENT-ID) [mower_sdk.mqtt] NavimowMQTT payload: topic=/downlink/vehicle/REDACTED-ROBOT-SERIAL/realtimeDate/location payload=[{"postureTheta":"-0.657","postureX":"10.468","postureY":"6.748","time":1783238951116,"type":1,"vehicleState":4}]
2026-07-05 10:09:11.107 DEBUG (paho-mqtt-client-REDACTED-MQTT-CLIENT-ID) [mower_sdk.mqtt] NavimowMQTT message: topic=/downlink/vehicle/REDACTED-ROBOT-SERIAL/realtimeDate/location bytes=113 device=REDACTED-ROBOT-SERIAL
2026-07-05 10:09:11.108 DEBUG (MainThread) [custom_components.navimow] MQTT message received: topic=/downlink/vehicle/REDACTED-ROBOT-SERIAL/realtimeDate/location bytes=113 device=REDACTED-ROBOT-SERIAL payload=[{"postureTheta":"-0.657","postureX":"10.468","postureY":"6.748","time":1783238951116,"type":1,"vehicleState":4}]
2026-07-05 10:09:13.104 DEBUG (paho-mqtt-client-REDACTED-MQTT-CLIENT-ID) [custom_components.navimow] MQTT client log: level=16 msg=Received PUBLISH (d0, q0, r0, m0), '/downlink/vehicle/REDACTED-ROBOT-SERIAL/realtimeDate/location', ...  (112 bytes)
2026-07-05 10:09:13.104 DEBUG (paho-mqtt-client-REDACTED-MQTT-CLIENT-ID) [mower_sdk.mqtt] NavimowMQTT payload: topic=/downlink/vehicle/REDACTED-ROBOT-SERIAL/realtimeDate/location payload=[{"postureTheta":"-0.636","postureX":"11.195","postureY":"6.17","time":1783238953111,"type":1,"vehicleState":4}]
2026-07-05 10:09:13.104 DEBUG (paho-mqtt-client-REDACTED-MQTT-CLIENT-ID) [mower_sdk.mqtt] NavimowMQTT message: topic=/downlink/vehicle/REDACTED-ROBOT-SERIAL/realtimeDate/location bytes=112 device=REDACTED-ROBOT-SERIAL
2026-07-05 10:09:13.106 DEBUG (MainThread) [custom_components.navimow] MQTT message received: topic=/downlink/vehicle/REDACTED-ROBOT-SERIAL/realtimeDate/location bytes=112 device=REDACTED-ROBOT-SERIAL payload=[{"postureTheta":"-0.636","postureX":"11.195","postureY":"6.17","time":1783238953111,"type":1,"vehicleState":4}]
2026-07-05 10:09:15.117 DEBUG (paho-mqtt-client-REDACTED-MQTT-CLIENT-ID) [custom_components.navimow] MQTT client log: level=16 msg=Received PUBLISH (d0, q0, r0, m0), '/downlink/vehicle/REDACTED-ROBOT-SERIAL/realtimeDate/location', ...  (113 bytes)
2026-07-05 10:09:15.118 DEBUG (paho-mqtt-client-REDACTED-MQTT-CLIENT-ID) [mower_sdk.mqtt] NavimowMQTT payload: topic=/downlink/vehicle/REDACTED-ROBOT-SERIAL/realtimeDate/location payload=[{"postureTheta":"-0.658","postureX":"11.882","postureY":"5.651","time":1783238955111,"type":1,"vehicleState":4}]
2026-07-05 10:09:15.118 DEBUG (paho-mqtt-client-REDACTED-MQTT-CLIENT-ID) [mower_sdk.mqtt] NavimowMQTT message: topic=/downlink/vehicle/REDACTED-ROBOT-SERIAL/realtimeDate/location bytes=113 device=REDACTED-ROBOT-SERIAL
2026-07-05 10:09:15.119 DEBUG (MainThread) [custom_components.navimow] MQTT message received: topic=/downlink/vehicle/REDACTED-ROBOT-SERIAL/realtimeDate/location bytes=113 device=REDACTED-ROBOT-SERIAL payload=[{"postureTheta":"-0.658","postureX":"11.882","postureY":"5.651","time":1783238955111,"type":1,"vehicleState":4}]
2026-07-05 10:09:17.127 DEBUG (paho-mqtt-client-REDACTED-MQTT-CLIENT-ID) [custom_components.navimow] MQTT client log: level=16 msg=Received PUBLISH (d0, q0, r0, m0), '/downlink/vehicle/REDACTED-ROBOT-SERIAL/realtimeDate/location', ...  (113 bytes)
2026-07-05 10:09:17.127 DEBUG (paho-mqtt-client-REDACTED-MQTT-CLIENT-ID) [mower_sdk.mqtt] NavimowMQTT payload: topic=/downlink/vehicle/REDACTED-ROBOT-SERIAL/realtimeDate/location payload=[{"postureTheta":"-0.672","postureX":"12.631","postureY":"5.075","time":1783238957111,"type":1,"vehicleState":4}]
2026-07-05 10:09:17.127 DEBUG (paho-mqtt-client-REDACTED-MQTT-CLIENT-ID) [mower_sdk.mqtt] NavimowMQTT message: topic=/downlink/vehicle/REDACTED-ROBOT-SERIAL/realtimeDate/location bytes=113 device=REDACTED-ROBOT-SERIAL
2026-07-05 10:09:17.129 DEBUG (MainThread) [custom_components.navimow] MQTT message received: topic=/downlink/vehicle/REDACTED-ROBOT-SERIAL/realtimeDate/location bytes=113 device=REDACTED-ROBOT-SERIAL payload=[{"postureTheta":"-0.672","postureX":"12.631","postureY":"5.075","time":1783238957111,"type":1,"vehicleState":4}]
2026-07-05 10:09:19.078 DEBUG (paho-mqtt-client-REDACTED-MQTT-CLIENT-ID) [custom_components.navimow] MQTT client log: level=16 msg=Received PUBLISH (d0, q0, r0, m0), '/downlink/vehicle/REDACTED-ROBOT-SERIAL/realtimeDate/location', ...  (113 bytes)
2026-07-05 10:09:19.079 DEBUG (paho-mqtt-client-REDACTED-MQTT-CLIENT-ID) [mower_sdk.mqtt] NavimowMQTT payload: topic=/downlink/vehicle/REDACTED-ROBOT-SERIAL/realtimeDate/location payload=[{"postureTheta":"-0.662","postureX":"13.286","postureY":"4.558","time":1783238959113,"type":1,"vehicleState":4}]
2026-07-05 10:09:19.079 DEBUG (paho-mqtt-client-REDACTED-MQTT-CLIENT-ID) [mower_sdk.mqtt] NavimowMQTT message: topic=/downlink/vehicle/REDACTED-ROBOT-SERIAL/realtimeDate/location bytes=113 device=REDACTED-ROBOT-SERIAL
2026-07-05 10:09:19.080 DEBUG (MainThread) [custom_components.navimow] MQTT message received: topic=/downlink/vehicle/REDACTED-ROBOT-SERIAL/realtimeDate/location bytes=113 device=REDACTED-ROBOT-SERIAL payload=[{"postureTheta":"-0.662","postureX":"13.286","postureY":"4.558","time":1783238959113,"type":1,"vehicleState":4}]
2026-07-05 10:09:21.198 DEBUG (paho-mqtt-client-REDACTED-MQTT-CLIENT-ID) [custom_components.navimow] MQTT client log: level=16 msg=Received PUBLISH (d0, q0, r0, m0), '/downlink/vehicle/REDACTED-ROBOT-SERIAL/realtimeDate/location', ...  (113 bytes)
2026-07-05 10:09:21.199 DEBUG (paho-mqtt-client-REDACTED-MQTT-CLIENT-ID) [mower_sdk.mqtt] NavimowMQTT payload: topic=/downlink/vehicle/REDACTED-ROBOT-SERIAL/realtimeDate/location payload=[{"postureTheta":"-0.706","postureX":"13.995","postureY":"3.978","time":1783238961113,"type":1,"vehicleState":4}]
2026-07-05 10:09:21.199 DEBUG (paho-mqtt-client-REDACTED-MQTT-CLIENT-ID) [mower_sdk.mqtt] NavimowMQTT message: topic=/downlink/vehicle/REDACTED-ROBOT-SERIAL/realtimeDate/location bytes=113 device=REDACTED-ROBOT-SERIAL
2026-07-05 10:09:21.200 DEBUG (MainThread) [custom_components.navimow] MQTT message received: topic=/downlink/vehicle/REDACTED-ROBOT-SERIAL/realtimeDate/location bytes=113 device=REDACTED-ROBOT-SERIAL payload=[{"postureTheta":"-0.706","postureX":"13.995","postureY":"3.978","time":1783238961113,"type":1,"vehicleState":4}]
