2026-07-20 11:21:50.915 INFO (MainThread) [custom_components.navimow.coordinator] HTTP fallback succeeded for device REDACTED-ROBOT-SERIAL (MQTT stale)
2026-07-20 11:21:50.916 DEBUG (MainThread) [custom_components.navimow.coordinator] Coordinator update: device=REDACTED-ROBOT-SERIAL source=http_fallback mqtt_ts=None mqtt_state_ts=None http_ts=3530650.305212023
2026-07-20 11:21:52.882 INFO (MainThread) [custom_components.navimow.lawn_mower] Started mowing for device REDACTED-ROBOT-SERIAL
2026-07-20 11:21:52.883 DEBUG (MainThread) [custom_components.navimow.coordinator] Coordinator update: device=REDACTED-ROBOT-SERIAL source=http_fallback mqtt_ts=None mqtt_state_ts=None http_ts=3530650.305212023
2026-07-20 11:21:54.223 DEBUG (paho-mqtt-client-web_REDACTED-MQTT-CLIENT-ID) [mower_sdk.mqtt] NavimowMQTT payload: topic=/downlink/vehicle/REDACTED-ROBOT-SERIAL/realtimeDate/location payload=[{"postureTheta":"0.0","postureX":"0.0","postureY":"0.0","time":1784539314400,"type":1,"vehicleState":4}]
2026-07-20 11:21:54.223 DEBUG (paho-mqtt-client-web_REDACTED-MQTT-CLIENT-ID) [mower_sdk.mqtt] NavimowMQTT message: topic=/downlink/vehicle/REDACTED-ROBOT-SERIAL/realtimeDate/location bytes=105 device=REDACTED-ROBOT-SERIAL
2026-07-20 11:21:54.224 DEBUG (MainThread) [custom_components.navimow] MQTT message received: topic=/downlink/vehicle/REDACTED-ROBOT-SERIAL/realtimeDate/location bytes=105 device=REDACTED-ROBOT-SERIAL payload=[{"postureTheta":"0.0","postureX":"0.0","postureY":"0.0","time":1784539314400,"type":1,"vehicleState":4}]
2026-07-20 11:21:54.229 DEBUG (paho-mqtt-client-web_REDACTED-MQTT-CLIENT-ID) [mower_sdk.mqtt] NavimowMQTT payload: topic=/downlink/vehicle/REDACTED-ROBOT-SERIAL/realtimeDate/location payload=[{"taskDelay":false,"type":4}]
2026-07-20 11:21:54.229 DEBUG (paho-mqtt-client-web_REDACTED-MQTT-CLIENT-ID) [mower_sdk.mqtt] NavimowMQTT message: topic=/downlink/vehicle/REDACTED-ROBOT-SERIAL/realtimeDate/location bytes=30 device=REDACTED-ROBOT-SERIAL
2026-07-20 11:21:54.230 DEBUG (MainThread) [custom_components.navimow] MQTT message received: topic=/downlink/vehicle/REDACTED-ROBOT-SERIAL/realtimeDate/location bytes=30 device=REDACTED-ROBOT-SERIAL payload=[{"taskDelay":false,"type":4}]
2026-07-20 11:21:54.244 DEBUG (paho-mqtt-client-web_REDACTED-MQTT-CLIENT-ID) [mower_sdk.mqtt] NavimowMQTT payload: topic=/downlink/vehicle/REDACTED-ROBOT-SERIAL/realtimeDate/state payload={"battery":100,"device_id":"REDACTED-ROBOT-SERIAL","state":"isRunning","timestamp":1784539314222}
2026-07-20 11:21:54.244 DEBUG (paho-mqtt-client-web_REDACTED-MQTT-CLIENT-ID) [mower_sdk.mqtt] NavimowMQTT message: topic=/downlink/vehicle/REDACTED-ROBOT-SERIAL/realtimeDate/state bytes=90 device=REDACTED-ROBOT-SERIAL
2026-07-20 11:21:54.245 DEBUG (MainThread) [custom_components.navimow] MQTT message received: topic=/downlink/vehicle/REDACTED-ROBOT-SERIAL/realtimeDate/state bytes=97 device=REDACTED-ROBOT-SERIAL payload={"battery": 100, "device_id": "REDACTED-ROBOT-SERIAL", "state": "isRunning", "timestamp": 1784539314222}
2026-07-20 11:21:54.246 DEBUG (MainThread) [custom_components.navimow.coordinator] MQTT state received: device=REDACTED-ROBOT-SERIAL state=mowing battery=100
2026-07-20 11:21:54.380 DEBUG (paho-mqtt-client-web_REDACTED-MQTT-CLIENT-ID) [mower_sdk.mqtt] NavimowMQTT payload: topic=/downlink/vehicle/REDACTED-ROBOT-SERIAL/realtimeDate/location payload=[{"postureTheta":"0.0","postureX":"0.0","postureY":"0.0","time":1784539314433,"type":1,"vehicleState":4}]
2026-07-20 11:21:54.380 DEBUG (paho-mqtt-client-web_REDACTED-MQTT-CLIENT-ID) [mower_sdk.mqtt] NavimowMQTT message: topic=/downlink/vehicle/REDACTED-ROBOT-SERIAL/realtimeDate/location bytes=105 device=REDACTED-ROBOT-SERIAL
2026-07-20 11:21:54.381 DEBUG (MainThread) [custom_components.navimow] MQTT message received: topic=/downlink/vehicle/REDACTED-ROBOT-SERIAL/realtimeDate/location bytes=105 device=REDACTED-ROBOT-SERIAL payload=[{"postureTheta":"0.0","postureX":"0.0","postureY":"0.0","time":1784539314433,"type":1,"vehicleState":4}]
2026-07-20 11:21:54.382 DEBUG (paho-mqtt-client-web_REDACTED-MQTT-CLIENT-ID) [mower_sdk.mqtt] NavimowMQTT payload: topic=/downlink/vehicle/REDACTED-ROBOT-SERIAL/realtimeDate/location payload=[{"action":-1,"currentMowBoundary":1,"currentMowProgress":10000,"mapWorkPosition":"FFFFFFFF000000000000000100000001000027100000000000000000000000000000000000000000000000000000000000000000000000000000000000000000","mowStartType":1,"mowingPercentage":100,"mowingWeekArea":"357.63","subtotalArea":"0.0","time":1784539314431,"type":2}]
2026-07-20 11:21:54.382 DEBUG (paho-mqtt-client-web_REDACTED-MQTT-CLIENT-ID) [mower_sdk.mqtt] NavimowMQTT message: topic=/downlink/vehicle/REDACTED-ROBOT-SERIAL/realtimeDate/location bytes=331 device=REDACTED-ROBOT-SERIAL
2026-07-20 11:21:54.382 DEBUG (MainThread) [custom_components.navimow] MQTT message received: topic=/downlink/vehicle/REDACTED-ROBOT-SERIAL/realtimeDate/location bytes=331 device=REDACTED-ROBOT-SERIAL payload=[{"action":-1,"currentMowBoundary":1,"currentMowProgress":10000,"mapWorkPosition":"FFFFFFFF000000000000000100000001000027100000000000000000000000000000000000000000000000000000000000000000000000000000000000000000","mowStartType":1,"mowingPercentage":100,"mowingWeekArea":"357.63","subtotalArea":"0.0","time":1784539314431,"type":2}]
2026-07-20 11:21:54.382 DEBUG (MainThread) [custom_components.navimow.coordinator] run_tracker event: kind=run_started payload={'start_time': 1784539314431, 'mow_start_type': 1}
2026-07-20 11:22:12.278 DEBUG (paho-mqtt-client-web_REDACTED-MQTT-CLIENT-ID) [mower_sdk.mqtt] NavimowMQTT payload: topic=/downlink/vehicle/REDACTED-ROBOT-SERIAL/realtimeDate/location payload=[{"postureTheta":"0.069","postureX":"0.672","postureY":"-0.056","time":1784539332428,"type":1,"vehicleState":4}]
2026-07-20 11:22:12.278 DEBUG (paho-mqtt-client-web_REDACTED-MQTT-CLIENT-ID) [mower_sdk.mqtt] NavimowMQTT message: topic=/downlink/vehicle/REDACTED-ROBOT-SERIAL/realtimeDate/location bytes=112 device=REDACTED-ROBOT-SERIAL
2026-07-20 11:22:12.280 DEBUG (MainThread) [custom_components.navimow] MQTT message received: topic=/downlink/vehicle/REDACTED-ROBOT-SERIAL/realtimeDate/location bytes=112 device=REDACTED-ROBOT-SERIAL payload=[{"postureTheta":"0.069","postureX":"0.672","postureY":"-0.056","time":1784539332428,"type":1,"vehicleState":4}]
2026-07-20 11:22:15.615 DEBUG (paho-mqtt-client-web_REDACTED-MQTT-CLIENT-ID) [mower_sdk.mqtt] NavimowMQTT payload: topic=/downlink/vehicle/REDACTED-ROBOT-SERIAL/realtimeDate/location payload=[{"postureTheta":"0.068","postureX":"0.673","postureY":"-0.053","time":1784539334420,"type":1,"vehicleState":4}]
2026-07-20 11:22:15.615 DEBUG (paho-mqtt-client-web_REDACTED-MQTT-CLIENT-ID) [mower_sdk.mqtt] NavimowMQTT message: topic=/downlink/vehicle/REDACTED-ROBOT-SERIAL/realtimeDate/location bytes=112 device=REDACTED-ROBOT-SERIAL
2026-07-20 11:22:15.616 DEBUG (MainThread) [custom_components.navimow] MQTT message received: topic=/downlink/vehicle/REDACTED-ROBOT-SERIAL/realtimeDate/location bytes=112 device=REDACTED-ROBOT-SERIAL payload=[{"postureTheta":"0.068","postureX":"0.673","postureY":"-0.053","time":1784539334420,"type":1,"vehicleState":4}]
2026-07-20 11:22:18.558 DEBUG (paho-mqtt-client-web_REDACTED-MQTT-CLIENT-ID) [mower_sdk.mqtt] NavimowMQTT payload: topic=/downlink/vehicle/REDACTED-ROBOT-SERIAL/realtimeDate/location payload=[{"postureTheta":"-0.782","postureX":"1.138","postureY":"-0.551","time":1784539338426,"type":1,"vehicleState":4}]
2026-07-20 11:22:18.558 DEBUG (paho-mqtt-client-web_REDACTED-MQTT-CLIENT-ID) [mower_sdk.mqtt] NavimowMQTT message: topic=/downlink/vehicle/REDACTED-ROBOT-SERIAL/realtimeDate/location bytes=113 device=REDACTED-ROBOT-SERIAL
2026-07-20 11:22:18.563 DEBUG (MainThread) [custom_components.navimow] MQTT message received: topic=/downlink/vehicle/REDACTED-ROBOT-SERIAL/realtimeDate/location bytes=113 device=REDACTED-ROBOT-SERIAL payload=[{"postureTheta":"-0.782","postureX":"1.138","postureY":"-0.551","time":1784539338426,"type":1,"vehicleState":4}]
2026-07-20 11:22:20.408 DEBUG (paho-mqtt-client-web_REDACTED-MQTT-CLIENT-ID) [mower_sdk.mqtt] NavimowMQTT payload: topic=/downlink/vehicle/REDACTED-ROBOT-SERIAL/realtimeDate/location payload=[{"postureTheta":"-0.417","postureX":"1.452","postureY":"-0.769","time":1784539340422,"type":1,"vehicleState":4}]
2026-07-20 11:22:20.408 DEBUG (paho-mqtt-client-web_REDACTED-MQTT-CLIENT-ID) [mower_sdk.mqtt] NavimowMQTT message: topic=/downlink/vehicle/REDACTED-ROBOT-SERIAL/realtimeDate/location bytes=113 device=REDACTED-ROBOT-SERIAL
2026-07-20 11:22:20.410 DEBUG (MainThread) [custom_components.navimow] MQTT message received: topic=/downlink/vehicle/REDACTED-ROBOT-SERIAL/realtimeDate/location bytes=113 device=REDACTED-ROBOT-SERIAL payload=[{"postureTheta":"-0.417","postureX":"1.452","postureY":"-0.769","time":1784539340422,"type":1,"vehicleState":4}]
2026-07-20 11:22:22.256 DEBUG (paho-mqtt-client-web_REDACTED-MQTT-CLIENT-ID) [mower_sdk.mqtt] NavimowMQTT payload: topic=/downlink/vehicle/REDACTED-ROBOT-SERIAL/realtimeDate/location payload=[{"postureTheta":"0.091","postureX":"1.956","postureY":"-0.857","time":1784539342435,"type":1,"vehicleState":4}]
2026-07-20 11:22:22.257 DEBUG (paho-mqtt-client-web_REDACTED-MQTT-CLIENT-ID) [mower_sdk.mqtt] NavimowMQTT message: topic=/downlink/vehicle/REDACTED-ROBOT-SERIAL/realtimeDate/location bytes=112 device=REDACTED-ROBOT-SERIAL
2026-07-20 11:22:22.257 DEBUG (MainThread) [custom_components.navimow] MQTT message received: topic=/downlink/vehicle/REDACTED-ROBOT-SERIAL/realtimeDate/location bytes=112 device=REDACTED-ROBOT-SERIAL payload=[{"postureTheta":"0.091","postureX":"1.956","postureY":"-0.857","time":1784539342435,"type":1,"vehicleState":4}]
2026-07-20 11:22:23.705 DEBUG (MainThread) [custom_components.navimow.coordinator] Coordinator update: device=REDACTED-ROBOT-SERIAL source=mqtt_cache mqtt_ts=3530653.845670377 mqtt_state_ts=3530653.845670377 http_ts=3530650.305212023
2026-07-20 11:22:24.341 DEBUG (paho-mqtt-client-web_REDACTED-MQTT-CLIENT-ID) [mower_sdk.mqtt] NavimowMQTT payload: topic=/downlink/vehicle/REDACTED-ROBOT-SERIAL/realtimeDate/location payload=[{"postureTheta":"0.526","postureX":"2.614","postureY":"-0.631","time":1784539344422,"type":1,"vehicleState":4}]
2026-07-20 11:22:24.342 DEBUG (paho-mqtt-client-web_REDACTED-MQTT-CLIENT-ID) [mower_sdk.mqtt] NavimowMQTT message: topic=/downlink/vehicle/REDACTED-ROBOT-SERIAL/realtimeDate/location bytes=112 device=REDACTED-ROBOT-SERIAL
2026-07-20 11:22:24.343 DEBUG (MainThread) [custom_components.navimow] MQTT message received: topic=/downlink/vehicle/REDACTED-ROBOT-SERIAL/realtimeDate/location bytes=112 device=REDACTED-ROBOT-SERIAL payload=[{"postureTheta":"0.526","postureX":"2.614","postureY":"-0.631","time":1784539344422,"type":1,"vehicleState":4}]
2026-07-20 11:22:26.353 DEBUG (paho-mqtt-client-web_REDACTED-MQTT-CLIENT-ID) [mower_sdk.mqtt] NavimowMQTT payload: topic=/downlink/vehicle/REDACTED-ROBOT-SERIAL/realtimeDate/location payload=[{"postureTheta":"0.697","postureX":"3.237","postureY":"-0.177","time":1784539346454,"type":1,"vehicleState":4}]
2026-07-20 11:22:26.353 DEBUG (paho-mqtt-client-web_REDACTED-MQTT-CLIENT-ID) [mower_sdk.mqtt] NavimowMQTT message: topic=/downlink/vehicle/REDACTED-ROBOT-SERIAL/realtimeDate/location bytes=112 device=REDACTED-ROBOT-SERIAL
2026-07-20 11:22:26.353 DEBUG (MainThread) [custom_components.navimow] MQTT message received: topic=/downlink/vehicle/REDACTED-ROBOT-SERIAL/realtimeDate/location bytes=112 device=REDACTED-ROBOT-SERIAL payload=[{"postureTheta":"0.697","postureX":"3.237","postureY":"-0.177","time":1784539346454,"type":1,"vehicleState":4}]
2026-07-20 11:22:28.289 DEBUG (paho-mqtt-client-web_REDACTED-MQTT-CLIENT-ID) [mower_sdk.mqtt] NavimowMQTT payload: topic=/downlink/vehicle/REDACTED-ROBOT-SERIAL/realtimeDate/location payload=[{"postureTheta":"0.826","postureX":"3.863","postureY":"0.404","time":1784539348446,"type":1,"vehicleState":4}]
2026-07-20 11:22:28.289 DEBUG (paho-mqtt-client-web_REDACTED-MQTT-CLIENT-ID) [mower_sdk.mqtt] NavimowMQTT message: topic=/downlink/vehicle/REDACTED-ROBOT-SERIAL/realtimeDate/location bytes=111 device=REDACTED-ROBOT-SERIAL
2026-07-20 11:22:28.290 DEBUG (MainThread) [custom_components.navimow] MQTT message received: topic=/downlink/vehicle/REDACTED-ROBOT-SERIAL/realtimeDate/location bytes=111 device=REDACTED-ROBOT-SERIAL payload=[{"postureTheta":"0.826","postureX":"3.863","postureY":"0.404","time":1784539348446,"type":1,"vehicleState":4}]
2026-07-20 11:22:30.343 DEBUG (paho-mqtt-client-web_REDACTED-MQTT-CLIENT-ID) [mower_sdk.mqtt] NavimowMQTT payload: topic=/downlink/vehicle/REDACTED-ROBOT-SERIAL/realtimeDate/location payload=[{"postureTheta":"0.622","postureX":"4.437","postureY":"0.919","time":1784539350421,"type":1,"vehicleState":4}]
2026-07-20 11:22:30.343 DEBUG (paho-mqtt-client-web_REDACTED-MQTT-CLIENT-ID) [mower_sdk.mqtt] NavimowMQTT message: topic=/downlink/vehicle/REDACTED-ROBOT-SERIAL/realtimeDate/location bytes=111 device=REDACTED-ROBOT-SERIAL
2026-07-20 11:22:30.345 DEBUG (MainThread) [custom_components.navimow] MQTT message received: topic=/downlink/vehicle/REDACTED-ROBOT-SERIAL/realtimeDate/location bytes=111 device=REDACTED-ROBOT-SERIAL payload=[{"postureTheta":"0.622","postureX":"4.437","postureY":"0.919","time":1784539350421,"type":1,"vehicleState":4}]
2026-07-20 11:22:32.249 DEBUG (paho-mqtt-client-web_REDACTED-MQTT-CLIENT-ID) [mower_sdk.mqtt] NavimowMQTT payload: topic=/downlink/vehicle/REDACTED-ROBOT-SERIAL/realtimeDate/location payload=[{"postureTheta":"0.61","postureX":"5.051","postureY":"1.364","time":1784539352428,"type":1,"vehicleState":4}]
2026-07-20 11:22:32.250 DEBUG (paho-mqtt-client-web_REDACTED-MQTT-CLIENT-ID) [mower_sdk.mqtt] NavimowMQTT message: topic=/downlink/vehicle/REDACTED-ROBOT-SERIAL/realtimeDate/location bytes=110 device=REDACTED-ROBOT-SERIAL
2026-07-20 11:22:32.251 DEBUG (MainThread) [custom_components.navimow] MQTT message received: topic=/downlink/vehicle/REDACTED-ROBOT-SERIAL/realtimeDate/location bytes=110 device=REDACTED-ROBOT-SERIAL payload=[{"postureTheta":"0.61","postureX":"5.051","postureY":"1.364","time":1784539352428,"type":1,"vehicleState":4}]
2026-07-20 11:22:34.320 DEBUG (paho-mqtt-client-web_REDACTED-MQTT-CLIENT-ID) [mower_sdk.mqtt] NavimowMQTT payload: topic=/downlink/vehicle/REDACTED-ROBOT-SERIAL/realtimeDate/location payload=[{"postureTheta":"0.653","postureX":"5.641","postureY":"1.825","time":1784539354452,"type":1,"vehicleState":4}]
2026-07-20 11:22:34.320 DEBUG (paho-mqtt-client-web_REDACTED-MQTT-CLIENT-ID) [mower_sdk.mqtt] NavimowMQTT message: topic=/downlink/vehicle/REDACTED-ROBOT-SERIAL/realtimeDate/location bytes=111 device=REDACTED-ROBOT-SERIAL
2026-07-20 11:22:34.321 DEBUG (MainThread) [custom_components.navimow] MQTT message received: topic=/downlink/vehicle/REDACTED-ROBOT-SERIAL/realtimeDate/location bytes=111 device=REDACTED-ROBOT-SERIAL payload=[{"postureTheta":"0.653","postureX":"5.641","postureY":"1.825","time":1784539354452,"type":1,"vehicleState":4}]
2026-07-20 11:22:36.278 DEBUG (paho-mqtt-client-web_REDACTED-MQTT-CLIENT-ID) [mower_sdk.mqtt] NavimowMQTT payload: topic=/downlink/vehicle/REDACTED-ROBOT-SERIAL/realtimeDate/location payload=[{"postureTheta":"0.644","postureX":"6.332","postureY":"2.326","time":1784539356421,"type":1,"vehicleState":4}]
2026-07-20 11:22:36.278 DEBUG (paho-mqtt-client-web_REDACTED-MQTT-CLIENT-ID) [mower_sdk.mqtt] NavimowMQTT message: topic=/downlink/vehicle/REDACTED-ROBOT-SERIAL/realtimeDate/location bytes=111 device=REDACTED-ROBOT-SERIAL
2026-07-20 11:22:36.279 DEBUG (MainThread) [custom_components.navimow] MQTT message received: topic=/downlink/vehicle/REDACTED-ROBOT-SERIAL/realtimeDate/location bytes=111 device=REDACTED-ROBOT-SERIAL payload=[{"postureTheta":"0.644","postureX":"6.332","postureY":"2.326","time":1784539356421,"type":1,"vehicleState":4}]
2026-07-20 11:22:38.346 DEBUG (paho-mqtt-client-web_REDACTED-MQTT-CLIENT-ID) [mower_sdk.mqtt] NavimowMQTT payload: topic=/downlink/vehicle/REDACTED-ROBOT-SERIAL/realtimeDate/location payload=[{"postureTheta":"0.672","postureX":"6.958","postureY":"2.86","time":1784539358469,"type":1,"vehicleState":4}]
2026-07-20 11:22:38.346 DEBUG (paho-mqtt-client-web_REDACTED-MQTT-CLIENT-ID) [mower_sdk.mqtt] NavimowMQTT message: topic=/downlink/vehicle/REDACTED-ROBOT-SERIAL/realtimeDate/location bytes=110 device=REDACTED-ROBOT-SERIAL
2026-07-20 11:22:38.348 DEBUG (MainThread) [custom_components.navimow] MQTT message received: topic=/downlink/vehicle/REDACTED-ROBOT-SERIAL/realtimeDate/location bytes=110 device=REDACTED-ROBOT-SERIAL payload=[{"postureTheta":"0.672","postureX":"6.958","postureY":"2.86","time":1784539358469,"type":1,"vehicleState":4}]
2026-07-20 11:22:40.401 DEBUG (paho-mqtt-client-web_REDACTED-MQTT-CLIENT-ID) [mower_sdk.mqtt] NavimowMQTT payload: topic=/downlink/vehicle/REDACTED-ROBOT-SERIAL/realtimeDate/location payload=[{"postureTheta":"0.402","postureX":"7.675","postureY":"3.206","time":1784539360423,"type":1,"vehicleState":4}]
2026-07-20 11:22:40.401 DEBUG (paho-mqtt-client-web_REDACTED-MQTT-CLIENT-ID) [mower_sdk.mqtt] NavimowMQTT message: topic=/downlink/vehicle/REDACTED-ROBOT-SERIAL/realtimeDate/location bytes=111 device=REDACTED-ROBOT-SERIAL
2026-07-20 11:22:40.402 DEBUG (MainThread) [custom_components.navimow] MQTT message received: topic=/downlink/vehicle/REDACTED-ROBOT-SERIAL/realtimeDate/location bytes=111 device=REDACTED-ROBOT-SERIAL payload=[{"postureTheta":"0.402","postureX":"7.675","postureY":"3.206","time":1784539360423,"type":1,"vehicleState":4}]
2026-07-20 11:22:42.299 DEBUG (paho-mqtt-client-web_REDACTED-MQTT-CLIENT-ID) [mower_sdk.mqtt] NavimowMQTT payload: topic=/downlink/vehicle/REDACTED-ROBOT-SERIAL/realtimeDate/location payload=[{"postureTheta":"1.067","postureX":"8.239","postureY":"3.651","time":1784539362436,"type":1,"vehicleState":4}]
2026-07-20 11:22:42.299 DEBUG (paho-mqtt-client-web_REDACTED-MQTT-CLIENT-ID) [mower_sdk.mqtt] NavimowMQTT message: topic=/downlink/vehicle/REDACTED-ROBOT-SERIAL/realtimeDate/location bytes=111 device=REDACTED-ROBOT-SERIAL
2026-07-20 11:22:42.302 DEBUG (MainThread) [custom_components.navimow] MQTT message received: topic=/downlink/vehicle/REDACTED-ROBOT-SERIAL/realtimeDate/location bytes=111 device=REDACTED-ROBOT-SERIAL payload=[{"postureTheta":"1.067","postureX":"8.239","postureY":"3.651","time":1784539362436,"type":1,"vehicleState":4}]
2026-07-20 11:22:44.332 DEBUG (paho-mqtt-client-web_REDACTED-MQTT-CLIENT-ID) [mower_sdk.mqtt] NavimowMQTT payload: topic=/downlink/vehicle/REDACTED-ROBOT-SERIAL/realtimeDate/location payload=[{"postureTheta":"1.163","postureX":"8.602","postureY":"4.395","time":1784539364426,"type":1,"vehicleState":4}]
2026-07-20 11:22:44.332 DEBUG (paho-mqtt-client-web_REDACTED-MQTT-CLIENT-ID) [mower_sdk.mqtt] NavimowMQTT message: topic=/downlink/vehicle/REDACTED-ROBOT-SERIAL/realtimeDate/location bytes=111 device=REDACTED-ROBOT-SERIAL
2026-07-20 11:22:44.334 DEBUG (MainThread) [custom_components.navimow] MQTT message received: topic=/downlink/vehicle/REDACTED-ROBOT-SERIAL/realtimeDate/location bytes=111 device=REDACTED-ROBOT-SERIAL payload=[{"postureTheta":"1.163","postureX":"8.602","postureY":"4.395","time":1784539364426,"type":1,"vehicleState":4}]
2026-07-20 11:22:46.307 DEBUG (paho-mqtt-client-web_REDACTED-MQTT-CLIENT-ID) [mower_sdk.mqtt] NavimowMQTT payload: topic=/downlink/vehicle/REDACTED-ROBOT-SERIAL/realtimeDate/location payload=[{"postureTheta":"1.139","postureX":"8.894","postureY":"5.128","time":1784539366436,"type":1,"vehicleState":4}]
2026-07-20 11:22:46.307 DEBUG (paho-mqtt-client-web_REDACTED-MQTT-CLIENT-ID) [mower_sdk.mqtt] NavimowMQTT message: topic=/downlink/vehicle/REDACTED-ROBOT-SERIAL/realtimeDate/location bytes=111 device=REDACTED-ROBOT-SERIAL
2026-07-20 11:22:46.309 DEBUG (MainThread) [custom_components.navimow] MQTT message received: topic=/downlink/vehicle/REDACTED-ROBOT-SERIAL/realtimeDate/location bytes=111 device=REDACTED-ROBOT-SERIAL payload=[{"postureTheta":"1.139","postureX":"8.894","postureY":"5.128","time":1784539366436,"type":1,"vehicleState":4}]
2026-07-20 11:22:48.212 DEBUG (paho-mqtt-client-web_REDACTED-MQTT-CLIENT-ID) [mower_sdk.mqtt] NavimowMQTT payload: topic=/downlink/vehicle/REDACTED-ROBOT-SERIAL/realtimeDate/location payload=[{"postureTheta":"1.079","postureX":"9.24","postureY":"5.828","time":1784539368431,"type":1,"vehicleState":4}]
2026-07-20 11:22:48.212 DEBUG (paho-mqtt-client-web_REDACTED-MQTT-CLIENT-ID) [mower_sdk.mqtt] NavimowMQTT message: topic=/downlink/vehicle/REDACTED-ROBOT-SERIAL/realtimeDate/location bytes=110 device=REDACTED-ROBOT-SERIAL
2026-07-20 11:22:48.213 DEBUG (MainThread) [custom_components.navimow] MQTT message received: topic=/downlink/vehicle/REDACTED-ROBOT-SERIAL/realtimeDate/location bytes=110 device=REDACTED-ROBOT-SERIAL payload=[{"postureTheta":"1.079","postureX":"9.24","postureY":"5.828","time":1784539368431,"type":1,"vehicleState":4}]
2026-07-20 11:22:50.379 DEBUG (paho-mqtt-client-web_REDACTED-MQTT-CLIENT-ID) [mower_sdk.mqtt] NavimowMQTT payload: topic=/downlink/vehicle/REDACTED-ROBOT-SERIAL/realtimeDate/location payload=[{"postureTheta":"1.086","postureX":"9.536","postureY":"6.54","time":1784539370463,"type":1,"vehicleState":4}]
2026-07-20 11:22:50.379 DEBUG (paho-mqtt-client-web_REDACTED-MQTT-CLIENT-ID) [mower_sdk.mqtt] NavimowMQTT message: topic=/downlink/vehicle/REDACTED-ROBOT-SERIAL/realtimeDate/location bytes=110 device=REDACTED-ROBOT-SERIAL
2026-07-20 11:22:50.380 DEBUG (MainThread) [custom_components.navimow] MQTT message received: topic=/downlink/vehicle/REDACTED-ROBOT-SERIAL/realtimeDate/location bytes=110 device=REDACTED-ROBOT-SERIAL payload=[{"postureTheta":"1.086","postureX":"9.536","postureY":"6.54","time":1784539370463,"type":1,"vehicleState":4}]
2026-07-20 11:22:50.383 DEBUG (paho-mqtt-client-web_REDACTED-MQTT-CLIENT-ID) [mower_sdk.mqtt] NavimowMQTT payload: topic=/downlink/vehicle/REDACTED-ROBOT-SERIAL/realtimeDate/location payload=[{"action":8,"currentMowBoundary":1,"currentMowProgress":104,"mapWorkPosition":"00000008000000060000000100000001000000680000000000000000000000000000000000000000000000000000000000000000000000000000000000000000","mowStartType":1,"mowingPercentage":0,"mowingWeekArea":"360.12","subAction":6,"subtotalArea":"2.53","time":1784539370461,"type":2}]
2026-07-20 11:22:50.383 DEBUG (paho-mqtt-client-web_REDACTED-MQTT-CLIENT-ID) [mower_sdk.mqtt] NavimowMQTT message: topic=/downlink/vehicle/REDACTED-ROBOT-SERIAL/realtimeDate/location bytes=341 device=REDACTED-ROBOT-SERIAL
2026-07-20 11:22:50.384 DEBUG (MainThread) [custom_components.navimow] MQTT message received: topic=/downlink/vehicle/REDACTED-ROBOT-SERIAL/realtimeDate/location bytes=341 device=REDACTED-ROBOT-SERIAL payload=[{"action":8,"currentMowBoundary":1,"currentMowProgress":104,"mapWorkPosition":"00000008000000060000000100000001000000680000000000000000000000000000000000000000000000000000000000000000000000000000000000000000","mowStartType":1,"mowingPercentage":0,"mowingWeekArea":"360.12","subAction":6,"subtotalArea":"2.53","time":1784539370461,"type":2}]
2026-07-20 11:22:52.298 DEBUG (paho-mqtt-client-web_REDACTED-MQTT-CLIENT-ID) [mower_sdk.mqtt] NavimowMQTT payload: topic=/downlink/vehicle/REDACTED-ROBOT-SERIAL/realtimeDate/location payload=[{"postureTheta":"0.809","postureX":"9.912","postureY":"7.109","time":1784539372421,"type":1,"vehicleState":4}]
2026-07-20 11:22:52.298 DEBUG (paho-mqtt-client-web_REDACTED-MQTT-CLIENT-ID) [mower_sdk.mqtt] NavimowMQTT message: topic=/downlink/vehicle/REDACTED-ROBOT-SERIAL/realtimeDate/location bytes=111 device=REDACTED-ROBOT-SERIAL
2026-07-20 11:22:52.300 DEBUG (MainThread) [custom_components.navimow] MQTT message received: topic=/downlink/vehicle/REDACTED-ROBOT-SERIAL/realtimeDate/location bytes=111 device=REDACTED-ROBOT-SERIAL payload=[{"postureTheta":"0.809","postureX":"9.912","postureY":"7.109","time":1784539372421,"type":1,"vehicleState":4}]
2026-07-20 11:22:54.319 DEBUG (paho-mqtt-client-web_REDACTED-MQTT-CLIENT-ID) [mower_sdk.mqtt] NavimowMQTT payload: topic=/downlink/vehicle/REDACTED-ROBOT-SERIAL/realtimeDate/location payload=[{"postureTheta":"0.945","postureX":"10.068","postureY":"7.3","time":1784539374419,"type":1,"vehicleState":4}]
2026-07-20 11:22:54.319 DEBUG (paho-mqtt-client-web_REDACTED-MQTT-CLIENT-ID) [mower_sdk.mqtt] NavimowMQTT message: topic=/downlink/vehicle/REDACTED-ROBOT-SERIAL/realtimeDate/location bytes=110 device=REDACTED-ROBOT-SERIAL
2026-07-20 11:22:54.321 DEBUG (MainThread) [custom_components.navimow] MQTT message received: topic=/downlink/vehicle/REDACTED-ROBOT-SERIAL/realtimeDate/location bytes=110 device=REDACTED-ROBOT-SERIAL payload=[{"postureTheta":"0.945","postureX":"10.068","postureY":"7.3","time":1784539374419,"type":1,"vehicleState":4}]
2026-07-20 11:22:56.275 DEBUG (paho-mqtt-client-web_REDACTED-MQTT-CLIENT-ID) [mower_sdk.mqtt] NavimowMQTT payload: topic=/downlink/vehicle/REDACTED-ROBOT-SERIAL/realtimeDate/location payload=[{"postureTheta":"0.992","postureX":"10.188","postureY":"7.429","time":1784539376420,"type":1,"vehicleState":4}]
2026-07-20 11:22:56.276 DEBUG (paho-mqtt-client-web_REDACTED-MQTT-CLIENT-ID) [mower_sdk.mqtt] NavimowMQTT message: topic=/downlink/vehicle/REDACTED-ROBOT-SERIAL/realtimeDate/location bytes=112 device=REDACTED-ROBOT-SERIAL
2026-07-20 11:22:56.278 DEBUG (MainThread) [custom_components.navimow] MQTT message received: topic=/downlink/vehicle/REDACTED-ROBOT-SERIAL/realtimeDate/location bytes=112 device=REDACTED-ROBOT-SERIAL payload=[{"postureTheta":"0.992","postureX":"10.188","postureY":"7.429","time":1784539376420,"type":1,"vehicleState":4}]
2026-07-20 11:22:58.355 DEBUG (paho-mqtt-client-web_REDACTED-MQTT-CLIENT-ID) [mower_sdk.mqtt] NavimowMQTT payload: topic=/downlink/vehicle/REDACTED-ROBOT-SERIAL/realtimeDate/location payload=[{"postureTheta":"0.712","postureX":"10.11","postureY":"7.34","time":1784539378431,"type":1,"vehicleState":4}]
2026-07-20 11:22:58.355 DEBUG (paho-mqtt-client-web_REDACTED-MQTT-CLIENT-ID) [mower_sdk.mqtt] NavimowMQTT message: topic=/downlink/vehicle/REDACTED-ROBOT-SERIAL/realtimeDate/location bytes=110 device=REDACTED-ROBOT-SERIAL
2026-07-20 11:22:58.356 DEBUG (MainThread) [custom_components.navimow] MQTT message received: topic=/downlink/vehicle/REDACTED-ROBOT-SERIAL/realtimeDate/location bytes=110 device=REDACTED-ROBOT-SERIAL payload=[{"postureTheta":"0.712","postureX":"10.11","postureY":"7.34","time":1784539378431,"type":1,"vehicleState":4}]
2026-07-20 11:23:00.315 DEBUG (paho-mqtt-client-web_REDACTED-MQTT-CLIENT-ID) [mower_sdk.mqtt] NavimowMQTT payload: topic=/downlink/vehicle/REDACTED-ROBOT-SERIAL/realtimeDate/location payload=[{"postureTheta":"0.041","postureX":"10.557","postureY":"7.566","time":1784539380423,"type":1,"vehicleState":4}]
2026-07-20 11:23:00.316 DEBUG (paho-mqtt-client-web_REDACTED-MQTT-CLIENT-ID) [mower_sdk.mqtt] NavimowMQTT message: topic=/downlink/vehicle/REDACTED-ROBOT-SERIAL/realtimeDate/location bytes=112 device=REDACTED-ROBOT-SERIAL
2026-07-20 11:23:00.316 DEBUG (MainThread) [custom_components.navimow] MQTT message received: topic=/downlink/vehicle/REDACTED-ROBOT-SERIAL/realtimeDate/location bytes=112 device=REDACTED-ROBOT-SERIAL payload=[{"postureTheta":"0.041","postureX":"10.557","postureY":"7.566","time":1784539380423,"type":1,"vehicleState":4}]
2026-07-20 11:23:02.284 DEBUG (paho-mqtt-client-web_REDACTED-MQTT-CLIENT-ID) [mower_sdk.mqtt] NavimowMQTT payload: topic=/downlink/vehicle/REDACTED-ROBOT-SERIAL/realtimeDate/location payload=[{"postureTheta":"-0.202","postureX":"10.297","postureY":"7.51","time":1784539382449,"type":1,"vehicleState":4}]
2026-07-20 11:23:02.284 DEBUG (paho-mqtt-client-web_REDACTED-MQTT-CLIENT-ID) [mower_sdk.mqtt] NavimowMQTT message: topic=/downlink/vehicle/REDACTED-ROBOT-SERIAL/realtimeDate/location bytes=112 device=REDACTED-ROBOT-SERIAL
2026-07-20 11:23:02.286 DEBUG (MainThread) [custom_components.navimow] MQTT message received: topic=/downlink/vehicle/REDACTED-ROBOT-SERIAL/realtimeDate/location bytes=112 device=REDACTED-ROBOT-SERIAL payload=[{"postureTheta":"-0.202","postureX":"10.297","postureY":"7.51","time":1784539382449,"type":1,"vehicleState":4}]
2026-07-20 11:23:04.235 DEBUG (paho-mqtt-client-web_REDACTED-MQTT-CLIENT-ID) [mower_sdk.mqtt] NavimowMQTT payload: topic=/downlink/vehicle/REDACTED-ROBOT-SERIAL/realtimeDate/location payload=[{"postureTheta":"-0.129","postureX":"10.355","postureY":"7.507","time":1784539384420,"type":1,"vehicleState":4}]
2026-07-20 11:23:04.235 DEBUG (paho-mqtt-client-web_REDACTED-MQTT-CLIENT-ID) [mower_sdk.mqtt] NavimowMQTT message: topic=/downlink/vehicle/REDACTED-ROBOT-SERIAL/realtimeDate/location bytes=113 device=REDACTED-ROBOT-SERIAL
2026-07-20 11:23:04.237 DEBUG (MainThread) [custom_components.navimow] MQTT message received: topic=/downlink/vehicle/REDACTED-ROBOT-SERIAL/realtimeDate/location bytes=113 device=REDACTED-ROBOT-SERIAL payload=[{"postureTheta":"-0.129","postureX":"10.355","postureY":"7.507","time":1784539384420,"type":1,"vehicleState":4}]
2026-07-20 11:23:06.319 DEBUG (paho-mqtt-client-web_REDACTED-MQTT-CLIENT-ID) [mower_sdk.mqtt] NavimowMQTT payload: topic=/downlink/vehicle/REDACTED-ROBOT-SERIAL/realtimeDate/location payload=[{"postureTheta":"-0.294","postureX":"11.147","postureY":"7.387","time":1784539386426,"type":1,"vehicleState":4}]
2026-07-20 11:23:06.319 DEBUG (paho-mqtt-client-web_REDACTED-MQTT-CLIENT-ID) [mower_sdk.mqtt] NavimowMQTT message: topic=/downlink/vehicle/REDACTED-ROBOT-SERIAL/realtimeDate/location bytes=113 device=REDACTED-ROBOT-SERIAL
2026-07-20 11:23:06.320 DEBUG (MainThread) [custom_components.navimow] MQTT message received: topic=/downlink/vehicle/REDACTED-ROBOT-SERIAL/realtimeDate/location bytes=113 device=REDACTED-ROBOT-SERIAL payload=[{"postureTheta":"-0.294","postureX":"11.147","postureY":"7.387","time":1784539386426,"type":1,"vehicleState":4}]
2026-07-20 11:23:08.250 DEBUG (paho-mqtt-client-web_REDACTED-MQTT-CLIENT-ID) [mower_sdk.mqtt] NavimowMQTT payload: topic=/downlink/vehicle/REDACTED-ROBOT-SERIAL/realtimeDate/location payload=[{"postureTheta":"-0.402","postureX":"11.881","postureY":"7.139","time":1784539388430,"type":1,"vehicleState":4}]
2026-07-20 11:23:08.250 DEBUG (paho-mqtt-client-web_REDACTED-MQTT-CLIENT-ID) [mower_sdk.mqtt] NavimowMQTT message: topic=/downlink/vehicle/REDACTED-ROBOT-SERIAL/realtimeDate/location bytes=113 device=REDACTED-ROBOT-SERIAL
2026-07-20 11:23:08.254 DEBUG (MainThread) [custom_components.navimow] MQTT message received: topic=/downlink/vehicle/REDACTED-ROBOT-SERIAL/realtimeDate/location bytes=113 device=REDACTED-ROBOT-SERIAL payload=[{"postureTheta":"-0.402","postureX":"11.881","postureY":"7.139","time":1784539388430,"type":1,"vehicleState":4}]
2026-07-20 11:23:10.370 DEBUG (paho-mqtt-client-web_REDACTED-MQTT-CLIENT-ID) [mower_sdk.mqtt] NavimowMQTT payload: topic=/downlink/vehicle/REDACTED-ROBOT-SERIAL/realtimeDate/location payload=[{"postureTheta":"-0.215","postureX":"12.658","postureY":"6.908","time":1784539390430,"type":1,"vehicleState":4}]
2026-07-20 11:23:10.370 DEBUG (paho-mqtt-client-web_REDACTED-MQTT-CLIENT-ID) [mower_sdk.mqtt] NavimowMQTT message: topic=/downlink/vehicle/REDACTED-ROBOT-SERIAL/realtimeDate/location bytes=113 device=REDACTED-ROBOT-SERIAL
2026-07-20 11:23:10.371 DEBUG (MainThread) [custom_components.navimow] MQTT message received: topic=/downlink/vehicle/REDACTED-ROBOT-SERIAL/realtimeDate/location bytes=113 device=REDACTED-ROBOT-SERIAL payload=[{"postureTheta":"-0.215","postureX":"12.658","postureY":"6.908","time":1784539390430,"type":1,"vehicleState":4}]
2026-07-20 11:23:12.279 DEBUG (paho-mqtt-client-web_REDACTED-MQTT-CLIENT-ID) [mower_sdk.mqtt] NavimowMQTT payload: topic=/downlink/vehicle/REDACTED-ROBOT-SERIAL/realtimeDate/location payload=[{"postureTheta":"-0.314","postureX":"13.449","postureY":"6.658","time":1784539392420,"type":1,"vehicleState":4}]
2026-07-20 11:23:12.279 DEBUG (paho-mqtt-client-web_REDACTED-MQTT-CLIENT-ID) [mower_sdk.mqtt] NavimowMQTT message: topic=/downlink/vehicle/REDACTED-ROBOT-SERIAL/realtimeDate/location bytes=113 device=REDACTED-ROBOT-SERIAL
2026-07-20 11:23:12.280 DEBUG (MainThread) [custom_components.navimow] MQTT message received: topic=/downlink/vehicle/REDACTED-ROBOT-SERIAL/realtimeDate/location bytes=113 device=REDACTED-ROBOT-SERIAL payload=[{"postureTheta":"-0.314","postureX":"13.449","postureY":"6.658","time":1784539392420,"type":1,"vehicleState":4}]
2026-07-20 11:23:14.333 DEBUG (paho-mqtt-client-web_REDACTED-MQTT-CLIENT-ID) [mower_sdk.mqtt] NavimowMQTT payload: topic=/downlink/vehicle/REDACTED-ROBOT-SERIAL/realtimeDate/location payload=[{"postureTheta":"-0.367","postureX":"14.136","postureY":"6.399","time":1784539394444,"type":1,"vehicleState":4}]
2026-07-20 11:23:14.333 DEBUG (paho-mqtt-client-web_REDACTED-MQTT-CLIENT-ID) [mower_sdk.mqtt] NavimowMQTT message: topic=/downlink/vehicle/REDACTED-ROBOT-SERIAL/realtimeDate/location bytes=113 device=REDACTED-ROBOT-SERIAL
2026-07-20 11:23:14.333 DEBUG (MainThread) [custom_components.navimow] MQTT message received: topic=/downlink/vehicle/REDACTED-ROBOT-SERIAL/realtimeDate/location bytes=113 device=REDACTED-ROBOT-SERIAL payload=[{"postureTheta":"-0.367","postureX":"14.136","postureY":"6.399","time":1784539394444,"type":1,"vehicleState":4}]
2026-07-20 11:23:16.338 DEBUG (paho-mqtt-client-web_REDACTED-MQTT-CLIENT-ID) [mower_sdk.mqtt] NavimowMQTT payload: topic=/downlink/vehicle/REDACTED-ROBOT-SERIAL/realtimeDate/location payload=[{"postureTheta":"-0.21","postureX":"14.911","postureY":"6.14","time":1784539396421,"type":1,"vehicleState":4}]
2026-07-20 11:23:16.339 DEBUG (paho-mqtt-client-web_REDACTED-MQTT-CLIENT-ID) [mower_sdk.mqtt] NavimowMQTT message: topic=/downlink/vehicle/REDACTED-ROBOT-SERIAL/realtimeDate/location bytes=111 device=REDACTED-ROBOT-SERIAL
2026-07-20 11:23:16.340 DEBUG (MainThread) [custom_components.navimow] MQTT message received: topic=/downlink/vehicle/REDACTED-ROBOT-SERIAL/realtimeDate/location bytes=111 device=REDACTED-ROBOT-SERIAL payload=[{"postureTheta":"-0.21","postureX":"14.911","postureY":"6.14","time":1784539396421,"type":1,"vehicleState":4}]
2026-07-20 11:23:19.705 DEBUG (MainThread) [custom_components.navimow.coordinator] Coordinator update: device=REDACTED-ROBOT-SERIAL source=mqtt_cache mqtt_ts=3530653.845670377 mqtt_state_ts=3530653.845670377 http_ts=3530650.305212023
2026-07-20 11:23:20.003 DEBUG (paho-mqtt-client-web_REDACTED-MQTT-CLIENT-ID) [mower_sdk.mqtt] NavimowMQTT payload: topic=/downlink/vehicle/REDACTED-ROBOT-SERIAL/realtimeDate/state payload={"battery":100,"device_id":"REDACTED-ROBOT-SERIAL","state":"isRunning","timestamp":1784539397282}
2026-07-20 11:23:20.004 DEBUG (paho-mqtt-client-web_REDACTED-MQTT-CLIENT-ID) [mower_sdk.mqtt] NavimowMQTT message: topic=/downlink/vehicle/REDACTED-ROBOT-SERIAL/realtimeDate/state bytes=90 device=REDACTED-ROBOT-SERIAL
2026-07-20 11:23:20.005 DEBUG (MainThread) [custom_components.navimow] MQTT message received: topic=/downlink/vehicle/REDACTED-ROBOT-SERIAL/realtimeDate/state bytes=97 device=REDACTED-ROBOT-SERIAL payload={"battery": 100, "device_id": "REDACTED-ROBOT-SERIAL", "state": "isRunning", "timestamp": 1784539397282}
2026-07-20 11:23:20.005 DEBUG (MainThread) [custom_components.navimow.coordinator] MQTT state received: device=REDACTED-ROBOT-SERIAL state=mowing battery=100
2026-07-20 11:23:20.018 DEBUG (paho-mqtt-client-web_REDACTED-MQTT-CLIENT-ID) [mower_sdk.mqtt] NavimowMQTT payload: topic=/downlink/vehicle/REDACTED-ROBOT-SERIAL/realtimeDate/location payload=[{"postureTheta":"-0.445","postureX":"15.508","postureY":"5.929","time":1784539398421,"type":1,"vehicleState":4}]
2026-07-20 11:23:20.019 DEBUG (paho-mqtt-client-web_REDACTED-MQTT-CLIENT-ID) [mower_sdk.mqtt] NavimowMQTT message: topic=/downlink/vehicle/REDACTED-ROBOT-SERIAL/realtimeDate/location bytes=113 device=REDACTED-ROBOT-SERIAL
2026-07-20 11:23:20.021 DEBUG (MainThread) [custom_components.navimow] MQTT message received: topic=/downlink/vehicle/REDACTED-ROBOT-SERIAL/realtimeDate/location bytes=113 device=REDACTED-ROBOT-SERIAL payload=[{"postureTheta":"-0.445","postureX":"15.508","postureY":"5.929","time":1784539398421,"type":1,"vehicleState":4}]
2026-07-20 11:23:20.366 DEBUG (paho-mqtt-client-web_REDACTED-MQTT-CLIENT-ID) [mower_sdk.mqtt] NavimowMQTT payload: topic=/downlink/vehicle/REDACTED-ROBOT-SERIAL/realtimeDate/location payload=[{"postureTheta":"-0.243","postureX":"16.31","postureY":"5.677","time":1784539400428,"type":1,"vehicleState":4}]
2026-07-20 11:23:20.366 DEBUG (paho-mqtt-client-web_REDACTED-MQTT-CLIENT-ID) [mower_sdk.mqtt] NavimowMQTT message: topic=/downlink/vehicle/REDACTED-ROBOT-SERIAL/realtimeDate/location bytes=112 device=REDACTED-ROBOT-SERIAL
2026-07-20 11:23:20.367 DEBUG (MainThread) [custom_components.navimow] MQTT message received: topic=/downlink/vehicle/REDACTED-ROBOT-SERIAL/realtimeDate/location bytes=112 device=REDACTED-ROBOT-SERIAL payload=[{"postureTheta":"-0.243","postureX":"16.31","postureY":"5.677","time":1784539400428,"type":1,"vehicleState":4}]
2026-07-20 11:23:22.223 DEBUG (paho-mqtt-client-web_REDACTED-MQTT-CLIENT-ID) [mower_sdk.mqtt] NavimowMQTT payload: topic=/downlink/vehicle/REDACTED-ROBOT-SERIAL/realtimeDate/location payload=[{"postureTheta":"-0.193","postureX":"17.056","postureY":"5.437","time":1784539402431,"type":1,"vehicleState":4}]
2026-07-20 11:23:22.223 DEBUG (paho-mqtt-client-web_REDACTED-MQTT-CLIENT-ID) [mower_sdk.mqtt] NavimowMQTT message: topic=/downlink/vehicle/REDACTED-ROBOT-SERIAL/realtimeDate/location bytes=113 device=REDACTED-ROBOT-SERIAL
2026-07-20 11:23:22.224 DEBUG (MainThread) [custom_components.navimow] MQTT message received: topic=/downlink/vehicle/REDACTED-ROBOT-SERIAL/realtimeDate/location bytes=113 device=REDACTED-ROBOT-SERIAL payload=[{"postureTheta":"-0.193","postureX":"17.056","postureY":"5.437","time":1784539402431,"type":1,"vehicleState":4}]
2026-07-20 11:23:24.208 DEBUG (paho-mqtt-client-web_REDACTED-MQTT-CLIENT-ID) [mower_sdk.mqtt] NavimowMQTT payload: topic=/downlink/vehicle/REDACTED-ROBOT-SERIAL/realtimeDate/location payload=[{"postureTheta":"0.043","postureX":"17.799","postureY":"5.369","time":1784539404421,"type":1,"vehicleState":4}]
2026-07-20 11:23:24.208 DEBUG (paho-mqtt-client-web_REDACTED-MQTT-CLIENT-ID) [mower_sdk.mqtt] NavimowMQTT message: topic=/downlink/vehicle/REDACTED-ROBOT-SERIAL/realtimeDate/location bytes=112 device=REDACTED-ROBOT-SERIAL
2026-07-20 11:23:24.209 DEBUG (MainThread) [custom_components.navimow] MQTT message received: topic=/downlink/vehicle/REDACTED-ROBOT-SERIAL/realtimeDate/location bytes=112 device=REDACTED-ROBOT-SERIAL payload=[{"postureTheta":"0.043","postureX":"17.799","postureY":"5.369","time":1784539404421,"type":1,"vehicleState":4}]
2026-07-20 11:23:26.294 DEBUG (paho-mqtt-client-web_REDACTED-MQTT-CLIENT-ID) [mower_sdk.mqtt] NavimowMQTT payload: topic=/downlink/vehicle/REDACTED-ROBOT-SERIAL/realtimeDate/location payload=[{"postureTheta":"0.897","postureX":"18.287","postureY":"5.547","time":1784539406441,"type":1,"vehicleState":4}]
2026-07-20 11:23:26.294 DEBUG (paho-mqtt-client-web_REDACTED-MQTT-CLIENT-ID) [mower_sdk.mqtt] NavimowMQTT message: topic=/downlink/vehicle/REDACTED-ROBOT-SERIAL/realtimeDate/location bytes=112 device=REDACTED-ROBOT-SERIAL
2026-07-20 11:23:26.295 DEBUG (MainThread) [custom_components.navimow] MQTT message received: topic=/downlink/vehicle/REDACTED-ROBOT-SERIAL/realtimeDate/location bytes=112 device=REDACTED-ROBOT-SERIAL payload=[{"postureTheta":"0.897","postureX":"18.287","postureY":"5.547","time":1784539406441,"type":1,"vehicleState":4}]
2026-07-20 11:23:28.277 DEBUG (paho-mqtt-client-web_REDACTED-MQTT-CLIENT-ID) [mower_sdk.mqtt] NavimowMQTT payload: topic=/downlink/vehicle/REDACTED-ROBOT-SERIAL/realtimeDate/location payload=[{"postureTheta":"0.504","postureX":"18.075","postureY":"5.377","time":1784539408422,"type":1,"vehicleState":4}]
2026-07-20 11:23:28.278 DEBUG (paho-mqtt-client-web_REDACTED-MQTT-CLIENT-ID) [mower_sdk.mqtt] NavimowMQTT message: topic=/downlink/vehicle/REDACTED-ROBOT-SERIAL/realtimeDate/location bytes=112 device=REDACTED-ROBOT-SERIAL
2026-07-20 11:23:28.280 DEBUG (MainThread) [custom_components.navimow] MQTT message received: topic=/downlink/vehicle/REDACTED-ROBOT-SERIAL/realtimeDate/location bytes=112 device=REDACTED-ROBOT-SERIAL payload=[{"postureTheta":"0.504","postureX":"18.075","postureY":"5.377","time":1784539408422,"type":1,"vehicleState":4}]
2026-07-20 11:23:30.789 DEBUG (paho-mqtt-client-web_REDACTED-MQTT-CLIENT-ID) [mower_sdk.mqtt] NavimowMQTT payload: topic=/downlink/vehicle/REDACTED-ROBOT-SERIAL/realtimeDate/location payload=[{"postureTheta":"0.156","postureX":"18.561","postureY":"5.648","time":1784539410448,"type":1,"vehicleState":4}]
2026-07-20 11:23:30.789 DEBUG (paho-mqtt-client-web_REDACTED-MQTT-CLIENT-ID) [mower_sdk.mqtt] NavimowMQTT message: topic=/downlink/vehicle/REDACTED-ROBOT-SERIAL/realtimeDate/location bytes=112 device=REDACTED-ROBOT-SERIAL
2026-07-20 11:23:30.790 DEBUG (MainThread) [custom_components.navimow] MQTT message received: topic=/downlink/vehicle/REDACTED-ROBOT-SERIAL/realtimeDate/location bytes=112 device=REDACTED-ROBOT-SERIAL payload=[{"postureTheta":"0.156","postureX":"18.561","postureY":"5.648","time":1784539410448,"type":1,"vehicleState":4}]
2026-07-20 11:23:32.259 DEBUG (paho-mqtt-client-web_REDACTED-MQTT-CLIENT-ID) [mower_sdk.mqtt] NavimowMQTT payload: topic=/downlink/vehicle/REDACTED-ROBOT-SERIAL/realtimeDate/location payload=[{"postureTheta":"-0.277","postureX":"18.383","postureY":"5.68","time":1784539412421,"type":1,"vehicleState":4}]
2026-07-20 11:23:32.259 DEBUG (paho-mqtt-client-web_REDACTED-MQTT-CLIENT-ID) [mower_sdk.mqtt] NavimowMQTT message: topic=/downlink/vehicle/REDACTED-ROBOT-SERIAL/realtimeDate/location bytes=112 device=REDACTED-ROBOT-SERIAL
2026-07-20 11:23:32.261 DEBUG (MainThread) [custom_components.navimow] MQTT message received: topic=/downlink/vehicle/REDACTED-ROBOT-SERIAL/realtimeDate/location bytes=112 device=REDACTED-ROBOT-SERIAL payload=[{"postureTheta":"-0.277","postureX":"18.383","postureY":"5.68","time":1784539412421,"type":1,"vehicleState":4}]
2026-07-20 11:23:34.311 DEBUG (paho-mqtt-client-web_REDACTED-MQTT-CLIENT-ID) [mower_sdk.mqtt] NavimowMQTT payload: topic=/downlink/vehicle/REDACTED-ROBOT-SERIAL/realtimeDate/location payload=[{"postureTheta":"-0.374","postureX":"18.366","postureY":"5.695","time":1784539414421,"type":1,"vehicleState":4}]
2026-07-20 11:23:34.312 DEBUG (paho-mqtt-client-web_REDACTED-MQTT-CLIENT-ID) [mower_sdk.mqtt] NavimowMQTT message: topic=/downlink/vehicle/REDACTED-ROBOT-SERIAL/realtimeDate/location bytes=113 device=REDACTED-ROBOT-SERIAL
2026-07-20 11:23:34.313 DEBUG (MainThread) [custom_components.navimow] MQTT message received: topic=/downlink/vehicle/REDACTED-ROBOT-SERIAL/realtimeDate/location bytes=113 device=REDACTED-ROBOT-SERIAL payload=[{"postureTheta":"-0.374","postureX":"18.366","postureY":"5.695","time":1784539414421,"type":1,"vehicleState":4}]
2026-07-20 11:23:36.316 DEBUG (paho-mqtt-client-web_REDACTED-MQTT-CLIENT-ID) [mower_sdk.mqtt] NavimowMQTT payload: topic=/downlink/vehicle/REDACTED-ROBOT-SERIAL/realtimeDate/location payload=[{"postureTheta":"-0.239","postureX":"19.14","postureY":"5.554","time":1784539416420,"type":1,"vehicleState":4}]
2026-07-20 11:23:36.317 DEBUG (paho-mqtt-client-web_REDACTED-MQTT-CLIENT-ID) [mower_sdk.mqtt] NavimowMQTT message: topic=/downlink/vehicle/REDACTED-ROBOT-SERIAL/realtimeDate/location bytes=112 device=REDACTED-ROBOT-SERIAL
2026-07-20 11:23:36.319 DEBUG (MainThread) [custom_components.navimow] MQTT message received: topic=/downlink/vehicle/REDACTED-ROBOT-SERIAL/realtimeDate/location bytes=112 device=REDACTED-ROBOT-SERIAL payload=[{"postureTheta":"-0.239","postureX":"19.14","postureY":"5.554","time":1784539416420,"type":1,"vehicleState":4}]
2026-07-20 11:23:38.245 DEBUG (paho-mqtt-client-web_REDACTED-MQTT-CLIENT-ID) [mower_sdk.mqtt] NavimowMQTT payload: topic=/downlink/vehicle/REDACTED-ROBOT-SERIAL/realtimeDate/location payload=[{"postureTheta":"-0.308","postureX":"19.904","postureY":"5.283","time":1784539418446,"type":1,"vehicleState":4}]
2026-07-20 11:23:38.246 DEBUG (paho-mqtt-client-web_REDACTED-MQTT-CLIENT-ID) [mower_sdk.mqtt] NavimowMQTT message: topic=/downlink/vehicle/REDACTED-ROBOT-SERIAL/realtimeDate/location bytes=113 device=REDACTED-ROBOT-SERIAL
2026-07-20 11:23:38.247 DEBUG (MainThread) [custom_components.navimow] MQTT message received: topic=/downlink/vehicle/REDACTED-ROBOT-SERIAL/realtimeDate/location bytes=113 device=REDACTED-ROBOT-SERIAL payload=[{"postureTheta":"-0.308","postureX":"19.904","postureY":"5.283","time":1784539418446,"type":1,"vehicleState":4}]
2026-07-20 11:23:40.362 DEBUG (paho-mqtt-client-web_REDACTED-MQTT-CLIENT-ID) [mower_sdk.mqtt] NavimowMQTT payload: topic=/downlink/vehicle/REDACTED-ROBOT-SERIAL/realtimeDate/location payload=[{"postureTheta":"-0.29","postureX":"20.545","postureY":"5.031","time":1784539420423,"type":1,"vehicleState":4}]
2026-07-20 11:23:40.362 DEBUG (paho-mqtt-client-web_REDACTED-MQTT-CLIENT-ID) [mower_sdk.mqtt] NavimowMQTT message: topic=/downlink/vehicle/REDACTED-ROBOT-SERIAL/realtimeDate/location bytes=112 device=REDACTED-ROBOT-SERIAL
2026-07-20 11:23:40.364 DEBUG (MainThread) [custom_components.navimow] MQTT message received: topic=/downlink/vehicle/REDACTED-ROBOT-SERIAL/realtimeDate/location bytes=112 device=REDACTED-ROBOT-SERIAL payload=[{"postureTheta":"-0.29","postureX":"20.545","postureY":"5.031","time":1784539420423,"type":1,"vehicleState":4}]
2026-07-20 11:23:40.828 DEBUG (paho-mqtt-client-web_REDACTED-MQTT-CLIENT-ID) [mower_sdk.mqtt] NavimowMQTT payload: topic=/downlink/vehicle/REDACTED-ROBOT-SERIAL/realtimeDate/location payload=[{"action":8,"currentMowBoundary":1,"currentMowProgress":213,"mapWorkPosition":"00000008000000060000000100000001000000D50000000000000000000000000000000000000000000000000000000000000000000000000000000000000000","mowStartType":1,"mowingPercentage":1,"mowingWeekArea":"362.74","subAction":6,"subtotalArea":"5.15","time":1784539420420,"type":2}]
2026-07-20 11:23:40.828 DEBUG (paho-mqtt-client-web_REDACTED-MQTT-CLIENT-ID) [mower_sdk.mqtt] NavimowMQTT message: topic=/downlink/vehicle/REDACTED-ROBOT-SERIAL/realtimeDate/location bytes=341 device=REDACTED-ROBOT-SERIAL
2026-07-20 11:23:40.830 DEBUG (MainThread) [custom_components.navimow] MQTT message received: topic=/downlink/vehicle/REDACTED-ROBOT-SERIAL/realtimeDate/location bytes=341 device=REDACTED-ROBOT-SERIAL payload=[{"action":8,"currentMowBoundary":1,"currentMowProgress":213,"mapWorkPosition":"00000008000000060000000100000001000000D50000000000000000000000000000000000000000000000000000000000000000000000000000000000000000","mowStartType":1,"mowingPercentage":1,"mowingWeekArea":"362.74","subAction":6,"subtotalArea":"5.15","time":1784539420420,"type":2}]
2026-07-20 11:23:42.250 DEBUG (paho-mqtt-client-web_REDACTED-MQTT-CLIENT-ID) [mower_sdk.mqtt] NavimowMQTT payload: topic=/downlink/vehicle/REDACTED-ROBOT-SERIAL/realtimeDate/location payload=[{"postureTheta":"0.052","postureX":"20.792","postureY":"5.02","time":1784539422429,"type":1,"vehicleState":4}]
2026-07-20 11:23:42.250 DEBUG (paho-mqtt-client-web_REDACTED-MQTT-CLIENT-ID) [mower_sdk.mqtt] NavimowMQTT message: topic=/downlink/vehicle/REDACTED-ROBOT-SERIAL/realtimeDate/location bytes=111 device=REDACTED-ROBOT-SERIAL
2026-07-20 11:23:42.252 DEBUG (MainThread) [custom_components.navimow] MQTT message received: topic=/downlink/vehicle/REDACTED-ROBOT-SERIAL/realtimeDate/location bytes=111 device=REDACTED-ROBOT-SERIAL payload=[{"postureTheta":"0.052","postureX":"20.792","postureY":"5.02","time":1784539422429,"type":1,"vehicleState":4}]
2026-07-20 11:23:44.217 DEBUG (paho-mqtt-client-web_REDACTED-MQTT-CLIENT-ID) [mower_sdk.mqtt] NavimowMQTT payload: topic=/downlink/vehicle/REDACTED-ROBOT-SERIAL/realtimeDate/location payload=[{"postureTheta":"0.773","postureX":"21.158","postureY":"5.033","time":1784539424419,"type":1,"vehicleState":4}]
2026-07-20 11:23:44.217 DEBUG (paho-mqtt-client-web_REDACTED-MQTT-CLIENT-ID) [mower_sdk.mqtt] NavimowMQTT message: topic=/downlink/vehicle/REDACTED-ROBOT-SERIAL/realtimeDate/location bytes=112 device=REDACTED-ROBOT-SERIAL
2026-07-20 11:23:44.218 DEBUG (MainThread) [custom_components.navimow] MQTT message received: topic=/downlink/vehicle/REDACTED-ROBOT-SERIAL/realtimeDate/location bytes=112 device=REDACTED-ROBOT-SERIAL payload=[{"postureTheta":"0.773","postureX":"21.158","postureY":"5.033","time":1784539424419,"type":1,"vehicleState":4}]
2026-07-20 11:23:46.305 DEBUG (paho-mqtt-client-web_REDACTED-MQTT-CLIENT-ID) [mower_sdk.mqtt] NavimowMQTT payload: topic=/downlink/vehicle/REDACTED-ROBOT-SERIAL/realtimeDate/location payload=[{"postureTheta":"1.109","postureX":"21.268","postureY":"5.087","time":1784539426420,"type":1,"vehicleState":4}]
2026-07-20 11:23:46.305 DEBUG (paho-mqtt-client-web_REDACTED-MQTT-CLIENT-ID) [mower_sdk.mqtt] NavimowMQTT message: topic=/downlink/vehicle/REDACTED-ROBOT-SERIAL/realtimeDate/location bytes=112 device=REDACTED-ROBOT-SERIAL
2026-07-20 11:23:46.306 DEBUG (MainThread) [custom_components.navimow] MQTT message received: topic=/downlink/vehicle/REDACTED-ROBOT-SERIAL/realtimeDate/location bytes=112 device=REDACTED-ROBOT-SERIAL payload=[{"postureTheta":"1.109","postureX":"21.268","postureY":"5.087","time":1784539426420,"type":1,"vehicleState":4}]
2026-07-20 11:23:48.218 DEBUG (paho-mqtt-client-web_REDACTED-MQTT-CLIENT-ID) [mower_sdk.mqtt] NavimowMQTT payload: topic=/downlink/vehicle/REDACTED-ROBOT-SERIAL/realtimeDate/location payload=[{"postureTheta":"0.783","postureX":"21.352","postureY":"5.155","time":1784539428423,"type":1,"vehicleState":4}]
2026-07-20 11:23:48.218 DEBUG (paho-mqtt-client-web_REDACTED-MQTT-CLIENT-ID) [mower_sdk.mqtt] NavimowMQTT message: topic=/downlink/vehicle/REDACTED-ROBOT-SERIAL/realtimeDate/location bytes=112 device=REDACTED-ROBOT-SERIAL
2026-07-20 11:23:48.219 DEBUG (MainThread) [custom_components.navimow] MQTT message received: topic=/downlink/vehicle/REDACTED-ROBOT-SERIAL/realtimeDate/location bytes=112 device=REDACTED-ROBOT-SERIAL payload=[{"postureTheta":"0.783","postureX":"21.352","postureY":"5.155","time":1784539428423,"type":1,"vehicleState":4}]
2026-07-20 11:23:50.685 DEBUG (paho-mqtt-client-web_REDACTED-MQTT-CLIENT-ID) [mower_sdk.mqtt] NavimowMQTT payload: topic=/downlink/vehicle/REDACTED-ROBOT-SERIAL/realtimeDate/location payload=[{"postureTheta":"1.081","postureX":"21.6","postureY":"5.513","time":1784539430427,"type":1,"vehicleState":4}]
2026-07-20 11:23:50.686 DEBUG (paho-mqtt-client-web_REDACTED-MQTT-CLIENT-ID) [mower_sdk.mqtt] NavimowMQTT message: topic=/downlink/vehicle/REDACTED-ROBOT-SERIAL/realtimeDate/location bytes=110 device=REDACTED-ROBOT-SERIAL
2026-07-20 11:23:50.686 DEBUG (MainThread) [custom_components.navimow] MQTT message received: topic=/downlink/vehicle/REDACTED-ROBOT-SERIAL/realtimeDate/location bytes=110 device=REDACTED-ROBOT-SERIAL payload=[{"postureTheta":"1.081","postureX":"21.6","postureY":"5.513","time":1784539430427,"type":1,"vehicleState":4}]
2026-07-20 11:23:52.290 DEBUG (paho-mqtt-client-web_REDACTED-MQTT-CLIENT-ID) [mower_sdk.mqtt] NavimowMQTT payload: topic=/downlink/vehicle/REDACTED-ROBOT-SERIAL/realtimeDate/location payload=[{"postureTheta":"1.231","postureX":"21.821","postureY":"6.036","time":1784539432419,"type":1,"vehicleState":4}]
2026-07-20 11:23:52.290 DEBUG (paho-mqtt-client-web_REDACTED-MQTT-CLIENT-ID) [mower_sdk.mqtt] NavimowMQTT message: topic=/downlink/vehicle/REDACTED-ROBOT-SERIAL/realtimeDate/location bytes=112 device=REDACTED-ROBOT-SERIAL
2026-07-20 11:23:52.292 DEBUG (MainThread) [custom_components.navimow] MQTT message received: topic=/downlink/vehicle/REDACTED-ROBOT-SERIAL/realtimeDate/location bytes=112 device=REDACTED-ROBOT-SERIAL payload=[{"postureTheta":"1.231","postureX":"21.821","postureY":"6.036","time":1784539432419,"type":1,"vehicleState":4}]
2026-07-20 11:23:54.412 DEBUG (paho-mqtt-client-web_REDACTED-MQTT-CLIENT-ID) [mower_sdk.mqtt] NavimowMQTT payload: topic=/downlink/vehicle/REDACTED-ROBOT-SERIAL/realtimeDate/location payload=[{"postureTheta":"1.216","postureX":"21.993","postureY":"6.636","time":1784539434434,"type":1,"vehicleState":4}]
2026-07-20 11:23:54.412 DEBUG (paho-mqtt-client-web_REDACTED-MQTT-CLIENT-ID) [mower_sdk.mqtt] NavimowMQTT message: topic=/downlink/vehicle/REDACTED-ROBOT-SERIAL/realtimeDate/location bytes=112 device=REDACTED-ROBOT-SERIAL
2026-07-20 11:23:54.413 DEBUG (MainThread) [custom_components.navimow] MQTT message received: topic=/downlink/vehicle/REDACTED-ROBOT-SERIAL/realtimeDate/location bytes=112 device=REDACTED-ROBOT-SERIAL payload=[{"postureTheta":"1.216","postureX":"21.993","postureY":"6.636","time":1784539434434,"type":1,"vehicleState":4}]
2026-07-20 11:23:56.324 DEBUG (paho-mqtt-client-web_REDACTED-MQTT-CLIENT-ID) [mower_sdk.mqtt] NavimowMQTT payload: topic=/downlink/vehicle/REDACTED-ROBOT-SERIAL/realtimeDate/location payload=[{"postureTheta":"1.316","postureX":"22.174","postureY":"7.413","time":1784539436423,"type":1,"vehicleState":4}]
2026-07-20 11:23:56.324 DEBUG (paho-mqtt-client-web_REDACTED-MQTT-CLIENT-ID) [mower_sdk.mqtt] NavimowMQTT message: topic=/downlink/vehicle/REDACTED-ROBOT-SERIAL/realtimeDate/location bytes=112 device=REDACTED-ROBOT-SERIAL
2026-07-20 11:23:56.325 DEBUG (MainThread) [custom_components.navimow] MQTT message received: topic=/downlink/vehicle/REDACTED-ROBOT-SERIAL/realtimeDate/location bytes=112 device=REDACTED-ROBOT-SERIAL payload=[{"postureTheta":"1.316","postureX":"22.174","postureY":"7.413","time":1784539436423,"type":1,"vehicleState":4}]
2026-07-20 11:23:58.294 DEBUG (paho-mqtt-client-web_REDACTED-MQTT-CLIENT-ID) [mower_sdk.mqtt] NavimowMQTT payload: topic=/downlink/vehicle/REDACTED-ROBOT-SERIAL/realtimeDate/location payload=[{"postureTheta":"1.378","postureX":"22.16","postureY":"7.453","time":1784539438432,"type":1,"vehicleState":4}]
2026-07-20 11:23:58.294 DEBUG (paho-mqtt-client-web_REDACTED-MQTT-CLIENT-ID) [mower_sdk.mqtt] NavimowMQTT message: topic=/downlink/vehicle/REDACTED-ROBOT-SERIAL/realtimeDate/location bytes=111 device=REDACTED-ROBOT-SERIAL
2026-07-20 11:23:58.297 DEBUG (MainThread) [custom_components.navimow] MQTT message received: topic=/downlink/vehicle/REDACTED-ROBOT-SERIAL/realtimeDate/location bytes=111 device=REDACTED-ROBOT-SERIAL payload=[{"postureTheta":"1.378","postureX":"22.16","postureY":"7.453","time":1784539438432,"type":1,"vehicleState":4}]
2026-07-20 11:24:00.439 DEBUG (paho-mqtt-client-web_REDACTED-MQTT-CLIENT-ID) [mower_sdk.mqtt] NavimowMQTT payload: topic=/downlink/vehicle/REDACTED-ROBOT-SERIAL/realtimeDate/location payload=[{"postureTheta":"1.366","postureX":"22.234","postureY":"7.777","time":1784539440440,"type":1,"vehicleState":4}]
2026-07-20 11:24:00.439 DEBUG (paho-mqtt-client-web_REDACTED-MQTT-CLIENT-ID) [mower_sdk.mqtt] NavimowMQTT message: topic=/downlink/vehicle/REDACTED-ROBOT-SERIAL/realtimeDate/location bytes=112 device=REDACTED-ROBOT-SERIAL
2026-07-20 11:24:00.441 DEBUG (MainThread) [custom_components.navimow] MQTT message received: topic=/downlink/vehicle/REDACTED-ROBOT-SERIAL/realtimeDate/location bytes=112 device=REDACTED-ROBOT-SERIAL payload=[{"postureTheta":"1.366","postureX":"22.234","postureY":"7.777","time":1784539440440,"type":1,"vehicleState":4}]
2026-07-20 11:24:02.345 DEBUG (paho-mqtt-client-web_REDACTED-MQTT-CLIENT-ID) [mower_sdk.mqtt] NavimowMQTT payload: topic=/downlink/vehicle/REDACTED-ROBOT-SERIAL/realtimeDate/location payload=[{"postureTheta":"1.231","postureX":"22.102","postureY":"7.39","time":1784539442423,"type":1,"vehicleState":4}]
2026-07-20 11:24:02.345 DEBUG (paho-mqtt-client-web_REDACTED-MQTT-CLIENT-ID) [mower_sdk.mqtt] NavimowMQTT message: topic=/downlink/vehicle/REDACTED-ROBOT-SERIAL/realtimeDate/location bytes=111 device=REDACTED-ROBOT-SERIAL
2026-07-20 11:24:02.345 DEBUG (MainThread) [custom_components.navimow] MQTT message received: topic=/downlink/vehicle/REDACTED-ROBOT-SERIAL/realtimeDate/location bytes=111 device=REDACTED-ROBOT-SERIAL payload=[{"postureTheta":"1.231","postureX":"22.102","postureY":"7.39","time":1784539442423,"type":1,"vehicleState":4}]
2026-07-20 11:24:04.390 DEBUG (paho-mqtt-client-web_REDACTED-MQTT-CLIENT-ID) [mower_sdk.mqtt] NavimowMQTT payload: topic=/downlink/vehicle/REDACTED-ROBOT-SERIAL/realtimeDate/location payload=[{"postureTheta":"0.432","postureX":"22.019","postureY":"7.192","time":1784539444424,"type":1,"vehicleState":4}]
2026-07-20 11:24:04.390 DEBUG (paho-mqtt-client-web_REDACTED-MQTT-CLIENT-ID) [mower_sdk.mqtt] NavimowMQTT message: topic=/downlink/vehicle/REDACTED-ROBOT-SERIAL/realtimeDate/location bytes=112 device=REDACTED-ROBOT-SERIAL
2026-07-20 11:24:04.392 DEBUG (MainThread) [custom_components.navimow] MQTT message received: topic=/downlink/vehicle/REDACTED-ROBOT-SERIAL/realtimeDate/location bytes=112 device=REDACTED-ROBOT-SERIAL payload=[{"postureTheta":"0.432","postureX":"22.019","postureY":"7.192","time":1784539444424,"type":1,"vehicleState":4}]
2026-07-20 11:24:06.284 DEBUG (paho-mqtt-client-web_REDACTED-MQTT-CLIENT-ID) [mower_sdk.mqtt] NavimowMQTT payload: topic=/downlink/vehicle/REDACTED-ROBOT-SERIAL/realtimeDate/location payload=[{"postureTheta":"-0.068","postureX":"22.788","postureY":"7.157","time":1784539446420,"type":1,"vehicleState":4}]
2026-07-20 11:24:06.284 DEBUG (paho-mqtt-client-web_REDACTED-MQTT-CLIENT-ID) [mower_sdk.mqtt] NavimowMQTT message: topic=/downlink/vehicle/REDACTED-ROBOT-SERIAL/realtimeDate/location bytes=113 device=REDACTED-ROBOT-SERIAL
2026-07-20 11:24:06.285 DEBUG (MainThread) [custom_components.navimow] MQTT message received: topic=/downlink/vehicle/REDACTED-ROBOT-SERIAL/realtimeDate/location bytes=113 device=REDACTED-ROBOT-SERIAL payload=[{"postureTheta":"-0.068","postureX":"22.788","postureY":"7.157","time":1784539446420,"type":1,"vehicleState":4}]
2026-07-20 11:24:08.248 DEBUG (paho-mqtt-client-web_REDACTED-MQTT-CLIENT-ID) [mower_sdk.mqtt] NavimowMQTT payload: topic=/downlink/vehicle/REDACTED-ROBOT-SERIAL/realtimeDate/location payload=[{"postureTheta":"0.863","postureX":"23.504","postureY":"7.498","time":1784539448421,"type":1,"vehicleState":4}]
2026-07-20 11:24:08.248 DEBUG (paho-mqtt-client-web_REDACTED-MQTT-CLIENT-ID) [mower_sdk.mqtt] NavimowMQTT message: topic=/downlink/vehicle/REDACTED-ROBOT-SERIAL/realtimeDate/location bytes=112 device=REDACTED-ROBOT-SERIAL
2026-07-20 11:24:08.250 DEBUG (MainThread) [custom_components.navimow] MQTT message received: topic=/downlink/vehicle/REDACTED-ROBOT-SERIAL/realtimeDate/location bytes=112 device=REDACTED-ROBOT-SERIAL payload=[{"postureTheta":"0.863","postureX":"23.504","postureY":"7.498","time":1784539448421,"type":1,"vehicleState":4}]
2026-07-20 11:24:10.311 DEBUG (paho-mqtt-client-web_REDACTED-MQTT-CLIENT-ID) [mower_sdk.mqtt] NavimowMQTT payload: topic=/downlink/vehicle/REDACTED-ROBOT-SERIAL/realtimeDate/location payload=[{"postureTheta":"1.361","postureX":"23.821","postureY":"8.072","time":1784539450433,"type":1,"vehicleState":4}]
2026-07-20 11:24:10.311 DEBUG (paho-mqtt-client-web_REDACTED-MQTT-CLIENT-ID) [mower_sdk.mqtt] NavimowMQTT message: topic=/downlink/vehicle/REDACTED-ROBOT-SERIAL/realtimeDate/location bytes=112 device=REDACTED-ROBOT-SERIAL
2026-07-20 11:24:10.312 DEBUG (MainThread) [custom_components.navimow] MQTT message received: topic=/downlink/vehicle/REDACTED-ROBOT-SERIAL/realtimeDate/location bytes=112 device=REDACTED-ROBOT-SERIAL payload=[{"postureTheta":"1.361","postureX":"23.821","postureY":"8.072","time":1784539450433,"type":1,"vehicleState":4}]
2026-07-20 11:24:10.705 DEBUG (MainThread) [custom_components.navimow.coordinator] Coordinator update: device=REDACTED-ROBOT-SERIAL source=mqtt_cache mqtt_ts=3530739.605176186 mqtt_state_ts=3530739.605176186 http_ts=3530650.305212023
2026-07-20 11:24:12.312 DEBUG (paho-mqtt-client-web_REDACTED-MQTT-CLIENT-ID) [mower_sdk.mqtt] NavimowMQTT payload: topic=/downlink/vehicle/REDACTED-ROBOT-SERIAL/realtimeDate/location payload=[{"postureTheta":"2.473","postureX":"23.643","postureY":"8.264","time":1784539452422,"type":1,"vehicleState":4}]
2026-07-20 11:24:12.312 DEBUG (paho-mqtt-client-web_REDACTED-MQTT-CLIENT-ID) [mower_sdk.mqtt] NavimowMQTT message: topic=/downlink/vehicle/REDACTED-ROBOT-SERIAL/realtimeDate/location bytes=112 device=REDACTED-ROBOT-SERIAL
2026-07-20 11:24:12.314 DEBUG (MainThread) [custom_components.navimow] MQTT message received: topic=/downlink/vehicle/REDACTED-ROBOT-SERIAL/realtimeDate/location bytes=112 device=REDACTED-ROBOT-SERIAL payload=[{"postureTheta":"2.473","postureX":"23.643","postureY":"8.264","time":1784539452422,"type":1,"vehicleState":4}]
2026-07-20 11:24:14.551 DEBUG (paho-mqtt-client-web_REDACTED-MQTT-CLIENT-ID) [mower_sdk.mqtt] NavimowMQTT payload: topic=/downlink/vehicle/REDACTED-ROBOT-SERIAL/realtimeDate/location payload=[{"postureTheta":"-2.701","postureX":"23.061","postureY":"8.343","time":1784539454419,"type":1,"vehicleState":4}]
2026-07-20 11:24:14.551 DEBUG (paho-mqtt-client-web_REDACTED-MQTT-CLIENT-ID) [mower_sdk.mqtt] NavimowMQTT message: topic=/downlink/vehicle/REDACTED-ROBOT-SERIAL/realtimeDate/location bytes=113 device=REDACTED-ROBOT-SERIAL
2026-07-20 11:24:14.553 DEBUG (MainThread) [custom_components.navimow] MQTT message received: topic=/downlink/vehicle/REDACTED-ROBOT-SERIAL/realtimeDate/location bytes=113 device=REDACTED-ROBOT-SERIAL payload=[{"postureTheta":"-2.701","postureX":"23.061","postureY":"8.343","time":1784539454419,"type":1,"vehicleState":4}]
2026-07-20 11:24:16.292 DEBUG (paho-mqtt-client-web_REDACTED-MQTT-CLIENT-ID) [mower_sdk.mqtt] NavimowMQTT payload: topic=/downlink/vehicle/REDACTED-ROBOT-SERIAL/realtimeDate/location payload=[{"postureTheta":"-2.702","postureX":"22.907","postureY":"8.287","time":1784539456426,"type":1,"vehicleState":4}]
2026-07-20 11:24:16.292 DEBUG (paho-mqtt-client-web_REDACTED-MQTT-CLIENT-ID) [mower_sdk.mqtt] NavimowMQTT message: topic=/downlink/vehicle/REDACTED-ROBOT-SERIAL/realtimeDate/location bytes=113 device=REDACTED-ROBOT-SERIAL
2026-07-20 11:24:16.294 DEBUG (MainThread) [custom_components.navimow] MQTT message received: topic=/downlink/vehicle/REDACTED-ROBOT-SERIAL/realtimeDate/location bytes=113 device=REDACTED-ROBOT-SERIAL payload=[{"postureTheta":"-2.702","postureX":"22.907","postureY":"8.287","time":1784539456426,"type":1,"vehicleState":4}]
2026-07-20 11:24:18.304 DEBUG (paho-mqtt-client-web_REDACTED-MQTT-CLIENT-ID) [mower_sdk.mqtt] NavimowMQTT payload: topic=/downlink/vehicle/REDACTED-ROBOT-SERIAL/realtimeDate/location payload=[{"postureTheta":"-2.832","postureX":"23.074","postureY":"8.359","time":1784539458423,"type":1,"vehicleState":4}]
2026-07-20 11:24:18.305 DEBUG (paho-mqtt-client-web_REDACTED-MQTT-CLIENT-ID) [mower_sdk.mqtt] NavimowMQTT message: topic=/downlink/vehicle/REDACTED-ROBOT-SERIAL/realtimeDate/location bytes=113 device=REDACTED-ROBOT-SERIAL
2026-07-20 11:24:18.305 DEBUG (MainThread) [custom_components.navimow] MQTT message received: topic=/downlink/vehicle/REDACTED-ROBOT-SERIAL/realtimeDate/location bytes=113 device=REDACTED-ROBOT-SERIAL payload=[{"postureTheta":"-2.832","postureX":"23.074","postureY":"8.359","time":1784539458423,"type":1,"vehicleState":4}]
2026-07-20 11:24:20.357 DEBUG (paho-mqtt-client-web_REDACTED-MQTT-CLIENT-ID) [mower_sdk.mqtt] NavimowMQTT payload: topic=/downlink/vehicle/REDACTED-ROBOT-SERIAL/realtimeDate/location payload=[{"postureTheta":"2.344","postureX":"22.789","postureY":"8.362","time":1784539460422,"type":1,"vehicleState":4}]
2026-07-20 11:24:20.357 DEBUG (paho-mqtt-client-web_REDACTED-MQTT-CLIENT-ID) [mower_sdk.mqtt] NavimowMQTT message: topic=/downlink/vehicle/REDACTED-ROBOT-SERIAL/realtimeDate/location bytes=112 device=REDACTED-ROBOT-SERIAL
2026-07-20 11:24:20.359 DEBUG (MainThread) [custom_components.navimow] MQTT message received: topic=/downlink/vehicle/REDACTED-ROBOT-SERIAL/realtimeDate/location bytes=112 device=REDACTED-ROBOT-SERIAL payload=[{"postureTheta":"2.344","postureX":"22.789","postureY":"8.362","time":1784539460422,"type":1,"vehicleState":4}]
2026-07-20 11:24:22.248 DEBUG (paho-mqtt-client-web_REDACTED-MQTT-CLIENT-ID) [mower_sdk.mqtt] NavimowMQTT payload: topic=/downlink/vehicle/REDACTED-ROBOT-SERIAL/realtimeDate/location payload=[{"postureTheta":"1.24","postureX":"22.764","postureY":"8.564","time":1784539462420,"type":1,"vehicleState":4}]
2026-07-20 11:24:22.248 DEBUG (paho-mqtt-client-web_REDACTED-MQTT-CLIENT-ID) [mower_sdk.mqtt] NavimowMQTT message: topic=/downlink/vehicle/REDACTED-ROBOT-SERIAL/realtimeDate/location bytes=111 device=REDACTED-ROBOT-SERIAL
2026-07-20 11:24:22.249 DEBUG (MainThread) [custom_components.navimow] MQTT message received: topic=/downlink/vehicle/REDACTED-ROBOT-SERIAL/realtimeDate/location bytes=111 device=REDACTED-ROBOT-SERIAL payload=[{"postureTheta":"1.24","postureX":"22.764","postureY":"8.564","time":1784539462420,"type":1,"vehicleState":4}]
2026-07-20 11:24:24.299 DEBUG (paho-mqtt-client-web_REDACTED-MQTT-CLIENT-ID) [mower_sdk.mqtt] NavimowMQTT payload: topic=/downlink/vehicle/REDACTED-ROBOT-SERIAL/realtimeDate/location payload=[{"postureTheta":"0.904","postureX":"22.534","postureY":"8.328","time":1784539464421,"type":1,"vehicleState":4}]
2026-07-20 11:24:24.299 DEBUG (paho-mqtt-client-web_REDACTED-MQTT-CLIENT-ID) [mower_sdk.mqtt] NavimowMQTT message: topic=/downlink/vehicle/REDACTED-ROBOT-SERIAL/realtimeDate/location bytes=112 device=REDACTED-ROBOT-SERIAL
2026-07-20 11:24:24.300 DEBUG (MainThread) [custom_components.navimow] MQTT message received: topic=/downlink/vehicle/REDACTED-ROBOT-SERIAL/realtimeDate/location bytes=112 device=REDACTED-ROBOT-SERIAL payload=[{"postureTheta":"0.904","postureX":"22.534","postureY":"8.328","time":1784539464421,"type":1,"vehicleState":4}]
2026-07-20 11:24:26.275 DEBUG (paho-mqtt-client-web_REDACTED-MQTT-CLIENT-ID) [mower_sdk.mqtt] NavimowMQTT payload: topic=/downlink/vehicle/REDACTED-ROBOT-SERIAL/realtimeDate/location payload=[{"postureTheta":"1.239","postureX":"22.423","postureY":"8.176","time":1784539466420,"type":1,"vehicleState":4}]
2026-07-20 11:24:26.275 DEBUG (paho-mqtt-client-web_REDACTED-MQTT-CLIENT-ID) [mower_sdk.mqtt] NavimowMQTT message: topic=/downlink/vehicle/REDACTED-ROBOT-SERIAL/realtimeDate/location bytes=112 device=REDACTED-ROBOT-SERIAL
2026-07-20 11:24:26.276 DEBUG (MainThread) [custom_components.navimow] MQTT message received: topic=/downlink/vehicle/REDACTED-ROBOT-SERIAL/realtimeDate/location bytes=112 device=REDACTED-ROBOT-SERIAL payload=[{"postureTheta":"1.239","postureX":"22.423","postureY":"8.176","time":1784539466420,"type":1,"vehicleState":4}]
2026-07-20 11:24:28.310 DEBUG (paho-mqtt-client-web_REDACTED-MQTT-CLIENT-ID) [mower_sdk.mqtt] NavimowMQTT payload: topic=/downlink/vehicle/REDACTED-ROBOT-SERIAL/realtimeDate/location payload=[{"postureTheta":"1.219","postureX":"22.636","postureY":"8.73","time":1784539468431,"type":1,"vehicleState":4}]
2026-07-20 11:24:28.311 DEBUG (paho-mqtt-client-web_REDACTED-MQTT-CLIENT-ID) [mower_sdk.mqtt] NavimowMQTT message: topic=/downlink/vehicle/REDACTED-ROBOT-SERIAL/realtimeDate/location bytes=111 device=REDACTED-ROBOT-SERIAL
2026-07-20 11:24:28.312 DEBUG (MainThread) [custom_components.navimow] MQTT message received: topic=/downlink/vehicle/REDACTED-ROBOT-SERIAL/realtimeDate/location bytes=111 device=REDACTED-ROBOT-SERIAL payload=[{"postureTheta":"1.219","postureX":"22.636","postureY":"8.73","time":1784539468431,"type":1,"vehicleState":4}]
2026-07-20 11:24:30.333 DEBUG (paho-mqtt-client-web_REDACTED-MQTT-CLIENT-ID) [mower_sdk.mqtt] NavimowMQTT payload: topic=/downlink/vehicle/REDACTED-ROBOT-SERIAL/realtimeDate/location payload=[{"postureTheta":"1.027","postureX":"22.981","postureY":"9.453","time":1784539470423,"type":1,"vehicleState":4}]
2026-07-20 11:24:30.333 DEBUG (paho-mqtt-client-web_REDACTED-MQTT-CLIENT-ID) [mower_sdk.mqtt] NavimowMQTT message: topic=/downlink/vehicle/REDACTED-ROBOT-SERIAL/realtimeDate/location bytes=112 device=REDACTED-ROBOT-SERIAL
2026-07-20 11:24:30.333 DEBUG (MainThread) [custom_components.navimow] MQTT message received: topic=/downlink/vehicle/REDACTED-ROBOT-SERIAL/realtimeDate/location bytes=112 device=REDACTED-ROBOT-SERIAL payload=[{"postureTheta":"1.027","postureX":"22.981","postureY":"9.453","time":1784539470423,"type":1,"vehicleState":4}]
2026-07-20 11:24:32.306 DEBUG (paho-mqtt-client-web_REDACTED-MQTT-CLIENT-ID) [mower_sdk.mqtt] NavimowMQTT payload: topic=/downlink/vehicle/REDACTED-ROBOT-SERIAL/realtimeDate/location payload=[{"postureTheta":"1.456","postureX":"23.267","postureY":"10.253","time":1784539472427,"type":1,"vehicleState":4}]
2026-07-20 11:24:32.306 DEBUG (paho-mqtt-client-web_REDACTED-MQTT-CLIENT-ID) [mower_sdk.mqtt] NavimowMQTT message: topic=/downlink/vehicle/REDACTED-ROBOT-SERIAL/realtimeDate/location bytes=113 device=REDACTED-ROBOT-SERIAL
2026-07-20 11:24:32.307 DEBUG (MainThread) [custom_components.navimow] MQTT message received: topic=/downlink/vehicle/REDACTED-ROBOT-SERIAL/realtimeDate/location bytes=113 device=REDACTED-ROBOT-SERIAL payload=[{"postureTheta":"1.456","postureX":"23.267","postureY":"10.253","time":1784539472427,"type":1,"vehicleState":4}]
2026-07-20 11:24:34.318 DEBUG (paho-mqtt-client-web_REDACTED-MQTT-CLIENT-ID) [mower_sdk.mqtt] NavimowMQTT payload: topic=/downlink/vehicle/REDACTED-ROBOT-SERIAL/realtimeDate/location payload=[{"postureTheta":"1.356","postureX":"23.446","postureY":"10.993","time":1784539474422,"type":1,"vehicleState":4}]
2026-07-20 11:24:34.318 DEBUG (paho-mqtt-client-web_REDACTED-MQTT-CLIENT-ID) [mower_sdk.mqtt] NavimowMQTT message: topic=/downlink/vehicle/REDACTED-ROBOT-SERIAL/realtimeDate/location bytes=113 device=REDACTED-ROBOT-SERIAL
2026-07-20 11:24:34.318 DEBUG (MainThread) [custom_components.navimow] MQTT message received: topic=/downlink/vehicle/REDACTED-ROBOT-SERIAL/realtimeDate/location bytes=113 device=REDACTED-ROBOT-SERIAL payload=[{"postureTheta":"1.356","postureX":"23.446","postureY":"10.993","time":1784539474422,"type":1,"vehicleState":4}]
2026-07-20 11:24:36.338 DEBUG (paho-mqtt-client-web_REDACTED-MQTT-CLIENT-ID) [mower_sdk.mqtt] NavimowMQTT payload: topic=/downlink/vehicle/REDACTED-ROBOT-SERIAL/realtimeDate/location payload=[{"postureTheta":"1.136","postureX":"23.659","postureY":"11.754","time":1784539476420,"type":1,"vehicleState":4}]
2026-07-20 11:24:36.338 DEBUG (paho-mqtt-client-web_REDACTED-MQTT-CLIENT-ID) [mower_sdk.mqtt] NavimowMQTT message: topic=/downlink/vehicle/REDACTED-ROBOT-SERIAL/realtimeDate/location bytes=113 device=REDACTED-ROBOT-SERIAL
2026-07-20 11:24:36.341 DEBUG (MainThread) [custom_components.navimow] MQTT message received: topic=/downlink/vehicle/REDACTED-ROBOT-SERIAL/realtimeDate/location bytes=113 device=REDACTED-ROBOT-SERIAL payload=[{"postureTheta":"1.136","postureX":"23.659","postureY":"11.754","time":1784539476420,"type":1,"vehicleState":4}]
2026-07-20 11:24:38.263 DEBUG (paho-mqtt-client-web_REDACTED-MQTT-CLIENT-ID) [mower_sdk.mqtt] NavimowMQTT payload: topic=/downlink/vehicle/REDACTED-ROBOT-SERIAL/realtimeDate/location payload=[{"postureTheta":"1.189","postureX":"23.969","postureY":"12.481","time":1784539478430,"type":1,"vehicleState":4}]
2026-07-20 11:24:38.263 DEBUG (paho-mqtt-client-web_REDACTED-MQTT-CLIENT-ID) [mower_sdk.mqtt] NavimowMQTT message: topic=/downlink/vehicle/REDACTED-ROBOT-SERIAL/realtimeDate/location bytes=113 device=REDACTED-ROBOT-SERIAL
2026-07-20 11:24:38.265 DEBUG (MainThread) [custom_components.navimow] MQTT message received: topic=/downlink/vehicle/REDACTED-ROBOT-SERIAL/realtimeDate/location bytes=113 device=REDACTED-ROBOT-SERIAL payload=[{"postureTheta":"1.189","postureX":"23.969","postureY":"12.481","time":1784539478430,"type":1,"vehicleState":4}]
2026-07-20 11:24:40.437 DEBUG (paho-mqtt-client-web_REDACTED-MQTT-CLIENT-ID) [mower_sdk.mqtt] NavimowMQTT payload: topic=/downlink/vehicle/REDACTED-ROBOT-SERIAL/realtimeDate/location payload=[{"postureTheta":"1.208","postureX":"24.071","postureY":"12.894","time":1784539480433,"type":1,"vehicleState":4}]
2026-07-20 11:24:40.437 DEBUG (paho-mqtt-client-web_REDACTED-MQTT-CLIENT-ID) [mower_sdk.mqtt] NavimowMQTT message: topic=/downlink/vehicle/REDACTED-ROBOT-SERIAL/realtimeDate/location bytes=113 device=REDACTED-ROBOT-SERIAL
2026-07-20 11:24:40.438 DEBUG (MainThread) [custom_components.navimow] MQTT message received: topic=/downlink/vehicle/REDACTED-ROBOT-SERIAL/realtimeDate/location bytes=113 device=REDACTED-ROBOT-SERIAL payload=[{"postureTheta":"1.208","postureX":"24.071","postureY":"12.894","time":1784539480433,"type":1,"vehicleState":4}]
2026-07-20 11:24:40.705 DEBUG (MainThread) [custom_components.navimow.coordinator] Coordinator update: device=REDACTED-ROBOT-SERIAL source=mqtt_cache mqtt_ts=3530739.605176186 mqtt_state_ts=3530739.605176186 http_ts=3530650.305212023
2026-07-20 11:24:42.240 DEBUG (paho-mqtt-client-web_REDACTED-MQTT-CLIENT-ID) [mower_sdk.mqtt] NavimowMQTT payload: topic=/downlink/vehicle/REDACTED-ROBOT-SERIAL/realtimeDate/location payload=[{"postureTheta":"0.515","postureX":"24.236","postureY":"13.084","time":1784539482427,"type":1,"vehicleState":4}]
2026-07-20 11:24:42.240 DEBUG (paho-mqtt-client-web_REDACTED-MQTT-CLIENT-ID) [mower_sdk.mqtt] NavimowMQTT message: topic=/downlink/vehicle/REDACTED-ROBOT-SERIAL/realtimeDate/location bytes=113 device=REDACTED-ROBOT-SERIAL
2026-07-20 11:24:42.241 DEBUG (MainThread) [custom_components.navimow] MQTT message received: topic=/downlink/vehicle/REDACTED-ROBOT-SERIAL/realtimeDate/location bytes=113 device=REDACTED-ROBOT-SERIAL payload=[{"postureTheta":"0.515","postureX":"24.236","postureY":"13.084","time":1784539482427,"type":1,"vehicleState":4}]
2026-07-20 11:24:44.328 DEBUG (paho-mqtt-client-web_REDACTED-MQTT-CLIENT-ID) [mower_sdk.mqtt] NavimowMQTT payload: topic=/downlink/vehicle/REDACTED-ROBOT-SERIAL/realtimeDate/location payload=[{"postureTheta":"0.592","postureX":"24.56","postureY":"13.328","time":1784539484430,"type":1,"vehicleState":4}]
2026-07-20 11:24:44.329 DEBUG (paho-mqtt-client-web_REDACTED-MQTT-CLIENT-ID) [mower_sdk.mqtt] NavimowMQTT message: topic=/downlink/vehicle/REDACTED-ROBOT-SERIAL/realtimeDate/location bytes=112 device=REDACTED-ROBOT-SERIAL
2026-07-20 11:24:44.330 DEBUG (MainThread) [custom_components.navimow] MQTT message received: topic=/downlink/vehicle/REDACTED-ROBOT-SERIAL/realtimeDate/location bytes=112 device=REDACTED-ROBOT-SERIAL payload=[{"postureTheta":"0.592","postureX":"24.56","postureY":"13.328","time":1784539484430,"type":1,"vehicleState":4}]
2026-07-20 11:24:46.354 DEBUG (paho-mqtt-client-web_REDACTED-MQTT-CLIENT-ID) [mower_sdk.mqtt] NavimowMQTT payload: topic=/downlink/vehicle/REDACTED-ROBOT-SERIAL/realtimeDate/location payload=[{"postureTheta":"-0.478","postureX":"24.725","postureY":"13.231","time":1784539486420,"type":1,"vehicleState":4}]
2026-07-20 11:24:46.355 DEBUG (paho-mqtt-client-web_REDACTED-MQTT-CLIENT-ID) [mower_sdk.mqtt] NavimowMQTT message: topic=/downlink/vehicle/REDACTED-ROBOT-SERIAL/realtimeDate/location bytes=114 device=REDACTED-ROBOT-SERIAL
2026-07-20 11:24:46.357 DEBUG (MainThread) [custom_components.navimow] MQTT message received: topic=/downlink/vehicle/REDACTED-ROBOT-SERIAL/realtimeDate/location bytes=114 device=REDACTED-ROBOT-SERIAL payload=[{"postureTheta":"-0.478","postureX":"24.725","postureY":"13.231","time":1784539486420,"type":1,"vehicleState":4}]
2026-07-20 11:24:48.363 DEBUG (paho-mqtt-client-web_REDACTED-MQTT-CLIENT-ID) [mower_sdk.mqtt] NavimowMQTT payload: topic=/downlink/vehicle/REDACTED-ROBOT-SERIAL/realtimeDate/location payload=[{"postureTheta":"-1.02","postureX":"25.198","postureY":"12.794","time":1784539488476,"type":1,"vehicleState":4}]
2026-07-20 11:24:48.363 DEBUG (paho-mqtt-client-web_REDACTED-MQTT-CLIENT-ID) [mower_sdk.mqtt] NavimowMQTT message: topic=/downlink/vehicle/REDACTED-ROBOT-SERIAL/realtimeDate/location bytes=113 device=REDACTED-ROBOT-SERIAL
2026-07-20 11:24:48.365 DEBUG (MainThread) [custom_components.navimow] MQTT message received: topic=/downlink/vehicle/REDACTED-ROBOT-SERIAL/realtimeDate/location bytes=113 device=REDACTED-ROBOT-SERIAL payload=[{"postureTheta":"-1.02","postureX":"25.198","postureY":"12.794","time":1784539488476,"type":1,"vehicleState":4}]
2026-07-20 11:24:50.234 DEBUG (paho-mqtt-client-web_REDACTED-MQTT-CLIENT-ID) [mower_sdk.mqtt] NavimowMQTT payload: topic=/downlink/vehicle/REDACTED-ROBOT-SERIAL/realtimeDate/location payload=[{"action":8,"currentMowBoundary":1,"currentMowProgress":319,"mapWorkPosition":"000000080000000600000001000000010000013F0000000000000000000000000000000000000000000000000000000000000000000000000000000000000000","mowStartType":1,"mowingPercentage":2,"mowingWeekArea":"365.3","subAction":6,"subtotalArea":"7.71","time":1784539490428,"type":2}]
2026-07-20 11:24:50.234 DEBUG (paho-mqtt-client-web_REDACTED-MQTT-CLIENT-ID) [mower_sdk.mqtt] NavimowMQTT message: topic=/downlink/vehicle/REDACTED-ROBOT-SERIAL/realtimeDate/location bytes=340 device=REDACTED-ROBOT-SERIAL
2026-07-20 11:24:50.236 DEBUG (MainThread) [custom_components.navimow] MQTT message received: topic=/downlink/vehicle/REDACTED-ROBOT-SERIAL/realtimeDate/location bytes=340 device=REDACTED-ROBOT-SERIAL payload=[{"action":8,"currentMowBoundary":1,"currentMowProgress":319,"mapWorkPosition":"000000080000000600000001000000010000013F0000000000000000000000000000000000000000000000000000000000000000000000000000000000000000","mowStartType":1,"mowingPercentage":2,"mowingWeekArea":"365.3","subAction":6,"subtotalArea":"7.71","time":1784539490428,"type":2}]
2026-07-20 11:24:50.328 DEBUG (paho-mqtt-client-web_REDACTED-MQTT-CLIENT-ID) [mower_sdk.mqtt] NavimowMQTT payload: topic=/downlink/vehicle/REDACTED-ROBOT-SERIAL/realtimeDate/location payload=[{"postureTheta":"-0.851","postureX":"25.54","postureY":"12.147","time":1784539490433,"type":1,"vehicleState":4}]
2026-07-20 11:24:50.328 DEBUG (paho-mqtt-client-web_REDACTED-MQTT-CLIENT-ID) [mower_sdk.mqtt] NavimowMQTT message: topic=/downlink/vehicle/REDACTED-ROBOT-SERIAL/realtimeDate/location bytes=113 device=REDACTED-ROBOT-SERIAL
2026-07-20 11:24:50.328 DEBUG (MainThread) [custom_components.navimow] MQTT message received: topic=/downlink/vehicle/REDACTED-ROBOT-SERIAL/realtimeDate/location bytes=113 device=REDACTED-ROBOT-SERIAL payload=[{"postureTheta":"-0.851","postureX":"25.54","postureY":"12.147","time":1784539490433,"type":1,"vehicleState":4}]
2026-07-20 11:24:52.203 DEBUG (paho-mqtt-client-web_REDACTED-MQTT-CLIENT-ID) [mower_sdk.mqtt] NavimowMQTT payload: topic=/downlink/vehicle/REDACTED-ROBOT-SERIAL/realtimeDate/location payload=[{"postureTheta":"-0.257","postureX":"26.066","postureY":"11.858","time":1784539492422,"type":1,"vehicleState":4}]
2026-07-20 11:24:52.203 DEBUG (paho-mqtt-client-web_REDACTED-MQTT-CLIENT-ID) [mower_sdk.mqtt] NavimowMQTT message: topic=/downlink/vehicle/REDACTED-ROBOT-SERIAL/realtimeDate/location bytes=114 device=REDACTED-ROBOT-SERIAL
2026-07-20 11:24:52.203 DEBUG (MainThread) [custom_components.navimow] MQTT message received: topic=/downlink/vehicle/REDACTED-ROBOT-SERIAL/realtimeDate/location bytes=114 device=REDACTED-ROBOT-SERIAL payload=[{"postureTheta":"-0.257","postureX":"26.066","postureY":"11.858","time":1784539492422,"type":1,"vehicleState":4}]
2026-07-20 11:24:54.217 DEBUG (paho-mqtt-client-web_REDACTED-MQTT-CLIENT-ID) [mower_sdk.mqtt] NavimowMQTT payload: topic=/downlink/vehicle/REDACTED-ROBOT-SERIAL/realtimeDate/location payload=[{"postureTheta":"-0.133","postureX":"26.513","postureY":"11.782","time":1784539494425,"type":1,"vehicleState":4}]
2026-07-20 11:24:54.217 DEBUG (paho-mqtt-client-web_REDACTED-MQTT-CLIENT-ID) [mower_sdk.mqtt] NavimowMQTT message: topic=/downlink/vehicle/REDACTED-ROBOT-SERIAL/realtimeDate/location bytes=114 device=REDACTED-ROBOT-SERIAL
2026-07-20 11:24:54.219 DEBUG (MainThread) [custom_components.navimow] MQTT message received: topic=/downlink/vehicle/REDACTED-ROBOT-SERIAL/realtimeDate/location bytes=114 device=REDACTED-ROBOT-SERIAL payload=[{"postureTheta":"-0.133","postureX":"26.513","postureY":"11.782","time":1784539494425,"type":1,"vehicleState":4}]
2026-07-20 11:24:56.248 DEBUG (paho-mqtt-client-web_REDACTED-MQTT-CLIENT-ID) [mower_sdk.mqtt] NavimowMQTT payload: topic=/downlink/vehicle/REDACTED-ROBOT-SERIAL/realtimeDate/location payload=[{"postureTheta":"-0.232","postureX":"26.996","postureY":"11.617","time":1784539496420,"type":1,"vehicleState":4}]
2026-07-20 11:24:56.248 DEBUG (paho-mqtt-client-web_REDACTED-MQTT-CLIENT-ID) [mower_sdk.mqtt] NavimowMQTT message: topic=/downlink/vehicle/REDACTED-ROBOT-SERIAL/realtimeDate/location bytes=114 device=REDACTED-ROBOT-SERIAL
2026-07-20 11:24:56.251 DEBUG (MainThread) [custom_components.navimow] MQTT message received: topic=/downlink/vehicle/REDACTED-ROBOT-SERIAL/realtimeDate/location bytes=114 device=REDACTED-ROBOT-SERIAL payload=[{"postureTheta":"-0.232","postureX":"26.996","postureY":"11.617","time":1784539496420,"type":1,"vehicleState":4}]
2026-07-20 11:24:58.287 DEBUG (paho-mqtt-client-web_REDACTED-MQTT-CLIENT-ID) [mower_sdk.mqtt] NavimowMQTT payload: topic=/downlink/vehicle/REDACTED-ROBOT-SERIAL/realtimeDate/location payload=[{"postureTheta":"-0.307","postureX":"26.689","postureY":"11.717","time":1784539498429,"type":1,"vehicleState":4}]
2026-07-20 11:24:58.287 DEBUG (paho-mqtt-client-web_REDACTED-MQTT-CLIENT-ID) [mower_sdk.mqtt] NavimowMQTT message: topic=/downlink/vehicle/REDACTED-ROBOT-SERIAL/realtimeDate/location bytes=114 device=REDACTED-ROBOT-SERIAL
2026-07-20 11:24:58.288 DEBUG (MainThread) [custom_components.navimow] MQTT message received: topic=/downlink/vehicle/REDACTED-ROBOT-SERIAL/realtimeDate/location bytes=114 device=REDACTED-ROBOT-SERIAL payload=[{"postureTheta":"-0.307","postureX":"26.689","postureY":"11.717","time":1784539498429,"type":1,"vehicleState":4}]
2026-07-20 11:25:25.584 DEBUG (paho-mqtt-client-web_REDACTED-MQTT-CLIENT-ID) [mower_sdk.mqtt] NavimowMQTT payload: topic=/downlink/vehicle/REDACTED-ROBOT-SERIAL/realtimeDate/location payload=[{"action":8,"currentMowBoundary":1,"currentMowProgress":412,"mapWorkPosition":"000000080000000600000001000000010000019C0000000000000000000000000000000000000000000000000000000000000000000000000000000000000000","mowStartType":1,"mowingPercentage":2,"mowingWeekArea":"367.55","subAction":6,"subtotalArea":"9.96","time":1784539525768,"type":2}]
2026-07-20 11:25:25.584 DEBUG (paho-mqtt-client-web_REDACTED-MQTT-CLIENT-ID) [mower_sdk.mqtt] NavimowMQTT message: topic=/downlink/vehicle/REDACTED-ROBOT-SERIAL/realtimeDate/location bytes=341 device=REDACTED-ROBOT-SERIAL
2026-07-20 11:25:25.584 DEBUG (MainThread) [custom_components.navimow] MQTT message received: topic=/downlink/vehicle/REDACTED-ROBOT-SERIAL/realtimeDate/location bytes=341 device=REDACTED-ROBOT-SERIAL payload=[{"action":8,"currentMowBoundary":1,"currentMowProgress":412,"mapWorkPosition":"000000080000000600000001000000010000019C0000000000000000000000000000000000000000000000000000000000000000000000000000000000000000","mowStartType":1,"mowingPercentage":2,"mowingWeekArea":"367.55","subAction":6,"subtotalArea":"9.96","time":1784539525768,"type":2}]
2026-07-20 11:25:25.678 DEBUG (paho-mqtt-client-web_REDACTED-MQTT-CLIENT-ID) [mower_sdk.mqtt] NavimowMQTT payload: topic=/downlink/vehicle/REDACTED-ROBOT-SERIAL/realtimeDate/location payload=[{"taskDelay":false,"type":4}]
2026-07-20 11:25:25.678 DEBUG (paho-mqtt-client-web_REDACTED-MQTT-CLIENT-ID) [mower_sdk.mqtt] NavimowMQTT message: topic=/downlink/vehicle/REDACTED-ROBOT-SERIAL/realtimeDate/location bytes=30 device=REDACTED-ROBOT-SERIAL
2026-07-20 11:25:25.679 DEBUG (MainThread) [custom_components.navimow] MQTT message received: topic=/downlink/vehicle/REDACTED-ROBOT-SERIAL/realtimeDate/location bytes=30 device=REDACTED-ROBOT-SERIAL payload=[{"taskDelay":false,"type":4}]
2026-07-20 11:25:25.683 DEBUG (paho-mqtt-client-web_REDACTED-MQTT-CLIENT-ID) [mower_sdk.mqtt] NavimowMQTT payload: topic=/downlink/vehicle/REDACTED-ROBOT-SERIAL/realtimeDate/location payload=[{"time":1784539525772,"type":3}]
2026-07-20 11:25:25.683 DEBUG (paho-mqtt-client-web_REDACTED-MQTT-CLIENT-ID) [mower_sdk.mqtt] NavimowMQTT message: topic=/downlink/vehicle/REDACTED-ROBOT-SERIAL/realtimeDate/location bytes=33 device=REDACTED-ROBOT-SERIAL
2026-07-20 11:25:25.685 DEBUG (MainThread) [custom_components.navimow] MQTT message received: topic=/downlink/vehicle/REDACTED-ROBOT-SERIAL/realtimeDate/location bytes=33 device=REDACTED-ROBOT-SERIAL payload=[{"time":1784539525772,"type":3}]
2026-07-20 11:25:25.922 DEBUG (paho-mqtt-client-web_REDACTED-MQTT-CLIENT-ID) [mower_sdk.mqtt] NavimowMQTT payload: topic=/downlink/vehicle/REDACTED-ROBOT-SERIAL/realtimeDate/state payload={"battery":100,"device_id":"REDACTED-ROBOT-SERIAL","state":"isDocking","timestamp":1784539525895}
2026-07-20 11:25:25.923 DEBUG (paho-mqtt-client-web_REDACTED-MQTT-CLIENT-ID) [mower_sdk.mqtt] NavimowMQTT message: topic=/downlink/vehicle/REDACTED-ROBOT-SERIAL/realtimeDate/state bytes=90 device=REDACTED-ROBOT-SERIAL
2026-07-20 11:25:25.925 DEBUG (MainThread) [custom_components.navimow] MQTT message received: topic=/downlink/vehicle/REDACTED-ROBOT-SERIAL/realtimeDate/state bytes=97 device=REDACTED-ROBOT-SERIAL payload={"battery": 100, "device_id": "REDACTED-ROBOT-SERIAL", "state": "isDocking", "timestamp": 1784539525895}
2026-07-20 11:25:25.925 DEBUG (MainThread) [custom_components.navimow.coordinator] MQTT state received: device=REDACTED-ROBOT-SERIAL state=returning battery=100
2026-07-20 11:25:26.093 DEBUG (paho-mqtt-client-web_REDACTED-MQTT-CLIENT-ID) [mower_sdk.mqtt] NavimowMQTT payload: topic=/downlink/vehicle/REDACTED-ROBOT-SERIAL/realtimeDate/location payload=[{"postureTheta":"-2.384","postureX":"24.563","postureY":"3.871","time":1784539526107,"type":1,"vehicleState":5}]
2026-07-20 11:25:26.093 DEBUG (paho-mqtt-client-web_REDACTED-MQTT-CLIENT-ID) [mower_sdk.mqtt] NavimowMQTT message: topic=/downlink/vehicle/REDACTED-ROBOT-SERIAL/realtimeDate/location bytes=113 device=REDACTED-ROBOT-SERIAL
2026-07-20 11:25:26.095 DEBUG (MainThread) [custom_components.navimow] MQTT message received: topic=/downlink/vehicle/REDACTED-ROBOT-SERIAL/realtimeDate/location bytes=113 device=REDACTED-ROBOT-SERIAL payload=[{"postureTheta":"-2.384","postureX":"24.563","postureY":"3.871","time":1784539526107,"type":1,"vehicleState":5}]
2026-07-20 11:25:28.479 DEBUG (paho-mqtt-client-web_REDACTED-MQTT-CLIENT-ID) [mower_sdk.mqtt] NavimowMQTT payload: topic=/downlink/vehicle/REDACTED-ROBOT-SERIAL/realtimeDate/location payload=[{"postureTheta":"-2.346","postureX":"24.827","postureY":"3.769","time":1784539528556,"type":1,"vehicleState":5}]
2026-07-20 11:25:28.479 DEBUG (paho-mqtt-client-web_REDACTED-MQTT-CLIENT-ID) [mower_sdk.mqtt] NavimowMQTT message: topic=/downlink/vehicle/REDACTED-ROBOT-SERIAL/realtimeDate/location bytes=113 device=REDACTED-ROBOT-SERIAL
2026-07-20 11:25:28.480 DEBUG (MainThread) [custom_components.navimow] MQTT message received: topic=/downlink/vehicle/REDACTED-ROBOT-SERIAL/realtimeDate/location bytes=113 device=REDACTED-ROBOT-SERIAL payload=[{"postureTheta":"-2.346","postureX":"24.827","postureY":"3.769","time":1784539528556,"type":1,"vehicleState":5}]
2026-07-20 11:25:30.471 DEBUG (paho-mqtt-client-web_REDACTED-MQTT-CLIENT-ID) [mower_sdk.mqtt] NavimowMQTT payload: topic=/downlink/vehicle/REDACTED-ROBOT-SERIAL/realtimeDate/location payload=[{"postureTheta":"-2.495","postureX":"24.8","postureY":"3.703","time":1784539530554,"type":1,"vehicleState":5}]
2026-07-20 11:25:30.471 DEBUG (paho-mqtt-client-web_REDACTED-MQTT-CLIENT-ID) [mower_sdk.mqtt] NavimowMQTT message: topic=/downlink/vehicle/REDACTED-ROBOT-SERIAL/realtimeDate/location bytes=111 device=REDACTED-ROBOT-SERIAL
2026-07-20 11:25:30.472 DEBUG (MainThread) [custom_components.navimow] MQTT message received: topic=/downlink/vehicle/REDACTED-ROBOT-SERIAL/realtimeDate/location bytes=111 device=REDACTED-ROBOT-SERIAL payload=[{"postureTheta":"-2.495","postureX":"24.8","postureY":"3.703","time":1784539530554,"type":1,"vehicleState":5}]
2026-07-20 11:25:32.501 DEBUG (paho-mqtt-client-web_REDACTED-MQTT-CLIENT-ID) [mower_sdk.mqtt] NavimowMQTT payload: topic=/downlink/vehicle/REDACTED-ROBOT-SERIAL/realtimeDate/location payload=[{"postureTheta":"-2.801","postureX":"24.019","postureY":"3.431","time":1784539532565,"type":1,"vehicleState":5}]
2026-07-20 11:25:32.501 DEBUG (paho-mqtt-client-web_REDACTED-MQTT-CLIENT-ID) [mower_sdk.mqtt] NavimowMQTT message: topic=/downlink/vehicle/REDACTED-ROBOT-SERIAL/realtimeDate/location bytes=113 device=REDACTED-ROBOT-SERIAL
2026-07-20 11:25:32.503 DEBUG (MainThread) [custom_components.navimow] MQTT message received: topic=/downlink/vehicle/REDACTED-ROBOT-SERIAL/realtimeDate/location bytes=113 device=REDACTED-ROBOT-SERIAL payload=[{"postureTheta":"-2.801","postureX":"24.019","postureY":"3.431","time":1784539532565,"type":1,"vehicleState":5}]
2026-07-20 11:25:34.407 DEBUG (paho-mqtt-client-web_REDACTED-MQTT-CLIENT-ID) [mower_sdk.mqtt] NavimowMQTT payload: topic=/downlink/vehicle/REDACTED-ROBOT-SERIAL/realtimeDate/location payload=[{"postureTheta":"-2.743","postureX":"23.355","postureY":"2.979","time":1784539534554,"type":1,"vehicleState":5}]
2026-07-20 11:25:34.408 DEBUG (paho-mqtt-client-web_REDACTED-MQTT-CLIENT-ID) [mower_sdk.mqtt] NavimowMQTT message: topic=/downlink/vehicle/REDACTED-ROBOT-SERIAL/realtimeDate/location bytes=113 device=REDACTED-ROBOT-SERIAL
2026-07-20 11:25:34.409 DEBUG (MainThread) [custom_components.navimow] MQTT message received: topic=/downlink/vehicle/REDACTED-ROBOT-SERIAL/realtimeDate/location bytes=113 device=REDACTED-ROBOT-SERIAL payload=[{"postureTheta":"-2.743","postureX":"23.355","postureY":"2.979","time":1784539534554,"type":1,"vehicleState":5}]
2026-07-20 11:25:36.335 DEBUG (paho-mqtt-client-web_REDACTED-MQTT-CLIENT-ID) [mower_sdk.mqtt] NavimowMQTT payload: topic=/downlink/vehicle/REDACTED-ROBOT-SERIAL/realtimeDate/location payload=[{"postureTheta":"-2.581","postureX":"22.535","postureY":"2.592","time":1784539536553,"type":1,"vehicleState":5}]
2026-07-20 11:25:36.335 DEBUG (paho-mqtt-client-web_REDACTED-MQTT-CLIENT-ID) [mower_sdk.mqtt] NavimowMQTT message: topic=/downlink/vehicle/REDACTED-ROBOT-SERIAL/realtimeDate/location bytes=113 device=REDACTED-ROBOT-SERIAL
2026-07-20 11:25:36.336 DEBUG (MainThread) [custom_components.navimow] MQTT message received: topic=/downlink/vehicle/REDACTED-ROBOT-SERIAL/realtimeDate/location bytes=113 device=REDACTED-ROBOT-SERIAL payload=[{"postureTheta":"-2.581","postureX":"22.535","postureY":"2.592","time":1784539536553,"type":1,"vehicleState":5}]
2026-07-20 11:25:38.425 DEBUG (paho-mqtt-client-web_REDACTED-MQTT-CLIENT-ID) [mower_sdk.mqtt] NavimowMQTT payload: topic=/downlink/vehicle/REDACTED-ROBOT-SERIAL/realtimeDate/location payload=[{"postureTheta":"-2.55","postureX":"21.792","postureY":"2.135","time":1784539538553,"type":1,"vehicleState":5}]
2026-07-20 11:25:38.425 DEBUG (paho-mqtt-client-web_REDACTED-MQTT-CLIENT-ID) [mower_sdk.mqtt] NavimowMQTT message: topic=/downlink/vehicle/REDACTED-ROBOT-SERIAL/realtimeDate/location bytes=112 device=REDACTED-ROBOT-SERIAL
2026-07-20 11:25:38.425 DEBUG (MainThread) [custom_components.navimow] MQTT message received: topic=/downlink/vehicle/REDACTED-ROBOT-SERIAL/realtimeDate/location bytes=112 device=REDACTED-ROBOT-SERIAL payload=[{"postureTheta":"-2.55","postureX":"21.792","postureY":"2.135","time":1784539538553,"type":1,"vehicleState":5}]
