2026-05-22T08:00:28.533378140Z 2026-05-22 10:00:28.531 DEBUG (MainThread) [custom_components.navimow.coordinator] Coordinator update: device=REDACTED-ROBOT-SERIAL source=http_fallback mqtt_ts=None http_ts=3721597.268400914
2026-05-22T08:00:31.891953754Z 2026-05-22 10:00:31.888 DEBUG (MainThread) [custom_components.navimow.coordinator] MQTT state received: device=REDACTED-ROBOT-SERIAL state=docked battery=23
2026-05-22T08:01:01.533434033Z 2026-05-22 10:01:01.531 DEBUG (MainThread) [custom_components.navimow.coordinator] Coordinator update: device=REDACTED-ROBOT-SERIAL source=mqtt_cache mqtt_ts=3721870.813434226 http_ts=3721597.268400914
2026-05-22T08:02:01.533749021Z 2026-05-22 10:02:01.532 DEBUG (MainThread) [custom_components.navimow.coordinator] Coordinator update: device=REDACTED-ROBOT-SERIAL source=mqtt_cache mqtt_ts=3721870.813434226 http_ts=3721597.268400914
2026-05-22T08:03:01.533692686Z 2026-05-22 10:03:01.532 DEBUG (MainThread) [custom_components.navimow.coordinator] Coordinator update: device=REDACTED-ROBOT-SERIAL source=mqtt_cache mqtt_ts=3721870.813434226 http_ts=3721597.268400914
2026-05-22T08:04:01.533421722Z 2026-05-22 10:04:01.531 DEBUG (MainThread) [custom_components.navimow.coordinator] Coordinator update: device=REDACTED-ROBOT-SERIAL source=mqtt_cache mqtt_ts=3721870.813434226 http_ts=3721597.268400914
2026-05-22T08:05:01.533671171Z 2026-05-22 10:05:01.532 DEBUG (MainThread) [custom_components.navimow.coordinator] Coordinator update: device=REDACTED-ROBOT-SERIAL source=mqtt_cache mqtt_ts=3721870.813434226 http_ts=3721597.268400914
2026-05-22T08:06:01.533670132Z 2026-05-22 10:06:01.532 DEBUG (MainThread) [custom_components.navimow.coordinator] Coordinator update: device=REDACTED-ROBOT-SERIAL source=mqtt_cache mqtt_ts=3721870.813434226 http_ts=3721597.268400914
2026-05-22T08:07:01.535065825Z 2026-05-22 10:07:01.533 DEBUG (MainThread) [custom_components.navimow.coordinator] Coordinator update: device=REDACTED-ROBOT-SERIAL source=mqtt_cache mqtt_ts=3721870.813434226 http_ts=3721597.268400914
2026-05-22T08:07:34.497021663Z 2026-05-22 10:07:34.496 DEBUG (MainThread) [custom_components.navimow] MQTT disconnected callback: broker=mqtt-fra.navimow.com port=443 ws_path=/mqtt/REDACTED-MQTT-USERID tls=True client_id=REDACTED-MQTT-CLIENT-ID
2026-05-22T08:07:34.814067655Z 2026-05-22 10:07:34.811 INFO (MainThread) [custom_components.navimow] MQTT connected callback: broker=mqtt-fra.navimow.com port=443 ws_path=/mqtt/REDACTED-MQTT-USERID tls=True client_id=REDACTED-MQTT-CLIENT-ID
2026-05-22T08:07:34.816555472Z 2026-05-22 10:07:34.811 INFO (MainThread) [custom_components.navimow] MQTT ready callback: subscribed to downlink topics on broker=mqtt-fra.navimow.com port=443 client_id=REDACTED-MQTT-CLIENT-ID
2026-05-22T08:08:04.356579662Z 2026-05-22 10:08:04.355 DEBUG (MainThread) [custom_components.navimow.coordinator] Coordinator update: device=REDACTED-ROBOT-SERIAL source=http_fallback mqtt_ts=None http_ts=3722293.595540517
2026-05-22T08:09:04.256198714Z 2026-05-22 10:09:04.255 DEBUG (MainThread) [custom_components.navimow.coordinator] Coordinator update: device=REDACTED-ROBOT-SERIAL source=http_fallback mqtt_ts=None http_ts=3722293.595540517
2026-05-22T08:10:04.256731027Z 2026-05-22 10:10:04.255 DEBUG (MainThread) [custom_components.navimow.coordinator] Coordinator update: device=REDACTED-ROBOT-SERIAL source=http_fallback mqtt_ts=None http_ts=3722293.595540517
2026-05-22T08:11:04.256929165Z 2026-05-22 10:11:04.255 DEBUG (MainThread) [custom_components.navimow.coordinator] Coordinator update: device=REDACTED-ROBOT-SERIAL source=http_fallback mqtt_ts=None http_ts=3722293.595540517
2026-05-22T08:12:04.256838065Z 2026-05-22 10:12:04.255 DEBUG (MainThread) [custom_components.navimow.coordinator] Coordinator update: device=REDACTED-ROBOT-SERIAL source=http_fallback mqtt_ts=None http_ts=3722293.595540517
2026-05-22T08:13:04.256652020Z 2026-05-22 10:13:04.255 DEBUG (MainThread) [custom_components.navimow.coordinator] Coordinator update: device=REDACTED-ROBOT-SERIAL source=http_fallback mqtt_ts=None http_ts=3722293.595540517
2026-05-22T08:14:04.258659834Z 2026-05-22 10:14:04.257 DEBUG (MainThread) [custom_components.navimow.coordinator] Coordinator update: device=REDACTED-ROBOT-SERIAL source=http_fallback mqtt_ts=None http_ts=3722293.595540517
2026-05-22T08:15:04.256905002Z 2026-05-22 10:15:04.255 DEBUG (MainThread) [custom_components.navimow.coordinator] Coordinator update: device=REDACTED-ROBOT-SERIAL source=http_fallback mqtt_ts=None http_ts=3722293.595540517
2026-05-22T08:16:04.258226989Z 2026-05-22 10:16:04.256 DEBUG (MainThread) [custom_components.navimow.coordinator] Coordinator update: device=REDACTED-ROBOT-SERIAL source=http_fallback mqtt_ts=None http_ts=3722293.595540517
2026-05-22T08:17:04.256826221Z 2026-05-22 10:17:04.255 DEBUG (MainThread) [custom_components.navimow.coordinator] Coordinator update: device=REDACTED-ROBOT-SERIAL source=http_fallback mqtt_ts=None http_ts=3722293.595540517
2026-05-22T08:18:04.256999722Z 2026-05-22 10:18:04.255 DEBUG (MainThread) [custom_components.navimow.coordinator] Coordinator update: device=REDACTED-ROBOT-SERIAL source=http_fallback mqtt_ts=None http_ts=3722293.595540517
2026-05-22T08:19:04.257257900Z 2026-05-22 10:19:04.255 DEBUG (MainThread) [custom_components.navimow.coordinator] Coordinator update: device=REDACTED-ROBOT-SERIAL source=http_fallback mqtt_ts=None http_ts=3722293.595540517
2026-05-22T08:20:04.257270122Z 2026-05-22 10:20:04.255 DEBUG (MainThread) [custom_components.navimow.coordinator] Coordinator update: device=REDACTED-ROBOT-SERIAL source=http_fallback mqtt_ts=None http_ts=3722293.595540517
2026-05-22T08:21:04.257833258Z 2026-05-22 10:21:04.256 DEBUG (MainThread) [custom_components.navimow.coordinator] Coordinator update: device=REDACTED-ROBOT-SERIAL source=http_fallback mqtt_ts=None http_ts=3722293.595540517
2026-05-22T08:22:04.256774376Z 2026-05-22 10:22:04.255 DEBUG (MainThread) [custom_components.navimow.coordinator] Coordinator update: device=REDACTED-ROBOT-SERIAL source=http_fallback mqtt_ts=None http_ts=3722293.595540517
2026-05-22T08:23:04.257130701Z 2026-05-22 10:23:04.255 DEBUG (MainThread) [custom_components.navimow.coordinator] Coordinator update: device=REDACTED-ROBOT-SERIAL source=http_fallback mqtt_ts=None http_ts=3722293.595540517
2026-05-22T08:24:04.256910941Z 2026-05-22 10:24:04.255 DEBUG (MainThread) [custom_components.navimow.coordinator] Coordinator update: device=REDACTED-ROBOT-SERIAL source=http_fallback mqtt_ts=None http_ts=3722293.595540517
2026-05-22T08:25:04.257334391Z 2026-05-22 10:25:04.256 DEBUG (MainThread) [custom_components.navimow.coordinator] Coordinator update: device=REDACTED-ROBOT-SERIAL source=http_fallback mqtt_ts=None http_ts=3722293.595540517
2026-05-22T08:26:04.257205009Z 2026-05-22 10:26:04.255 DEBUG (MainThread) [custom_components.navimow.coordinator] Coordinator update: device=REDACTED-ROBOT-SERIAL source=http_fallback mqtt_ts=None http_ts=3722293.595540517
2026-05-22T08:27:04.257341282Z 2026-05-22 10:27:04.255 DEBUG (MainThread) [custom_components.navimow.coordinator] Coordinator update: device=REDACTED-ROBOT-SERIAL source=http_fallback mqtt_ts=None http_ts=3722293.595540517
2026-05-22T08:28:04.257237021Z 2026-05-22 10:28:04.255 DEBUG (MainThread) [custom_components.navimow.coordinator] Coordinator update: device=REDACTED-ROBOT-SERIAL source=http_fallback mqtt_ts=None http_ts=3722293.595540517
2026-05-22T08:29:04.257200869Z 2026-05-22 10:29:04.255 DEBUG (MainThread) [custom_components.navimow.coordinator] Coordinator update: device=REDACTED-ROBOT-SERIAL source=http_fallback mqtt_ts=None http_ts=3722293.595540517
2026-05-22T08:30:04.257249516Z 2026-05-22 10:30:04.255 DEBUG (MainThread) [custom_components.navimow.coordinator] Coordinator update: device=REDACTED-ROBOT-SERIAL source=http_fallback mqtt_ts=None http_ts=3722293.595540517
2026-05-22T08:31:04.257124114Z 2026-05-22 10:31:04.255 DEBUG (MainThread) [custom_components.navimow.coordinator] Coordinator update: device=REDACTED-ROBOT-SERIAL source=http_fallback mqtt_ts=None http_ts=3722293.595540517
2026-05-22T08:32:04.257529591Z 2026-05-22 10:32:04.256 DEBUG (MainThread) [custom_components.navimow.coordinator] Coordinator update: device=REDACTED-ROBOT-SERIAL source=http_fallback mqtt_ts=None http_ts=3722293.595540517
2026-05-22T08:33:04.256912808Z 2026-05-22 10:33:04.255 DEBUG (MainThread) [custom_components.navimow.coordinator] Coordinator update: device=REDACTED-ROBOT-SERIAL source=http_fallback mqtt_ts=None http_ts=3722293.595540517
2026-05-22T08:34:04.256795384Z 2026-05-22 10:34:04.255 DEBUG (MainThread) [custom_components.navimow.coordinator] Coordinator update: device=REDACTED-ROBOT-SERIAL source=http_fallback mqtt_ts=None http_ts=3722293.595540517
2026-05-22T08:35:04.257409729Z 2026-05-22 10:35:04.255 DEBUG (MainThread) [custom_components.navimow.coordinator] Coordinator update: device=REDACTED-ROBOT-SERIAL source=http_fallback mqtt_ts=None http_ts=3722293.595540517
2026-05-22T08:36:04.258460802Z 2026-05-22 10:36:04.256 DEBUG (MainThread) [custom_components.navimow.coordinator] Coordinator update: device=REDACTED-ROBOT-SERIAL source=http_fallback mqtt_ts=None http_ts=3722293.595540517
2026-05-22T08:37:04.257322500Z 2026-05-22 10:37:04.255 DEBUG (MainThread) [custom_components.navimow.coordinator] Coordinator update: device=REDACTED-ROBOT-SERIAL source=http_fallback mqtt_ts=None http_ts=3722293.595540517
2026-05-22T08:38:04.256654774Z 2026-05-22 10:38:04.255 DEBUG (MainThread) [custom_components.navimow.coordinator] Coordinator update: device=REDACTED-ROBOT-SERIAL source=http_fallback mqtt_ts=None http_ts=3722293.595540517
2026-05-22T08:39:04.257179212Z 2026-05-22 10:39:04.255 DEBUG (MainThread) [custom_components.navimow.coordinator] Coordinator update: device=REDACTED-ROBOT-SERIAL source=http_fallback mqtt_ts=None http_ts=3722293.595540517
2026-05-22T08:40:04.256896268Z 2026-05-22 10:40:04.255 DEBUG (MainThread) [custom_components.navimow.coordinator] Coordinator update: device=REDACTED-ROBOT-SERIAL source=http_fallback mqtt_ts=None http_ts=3722293.595540517
2026-05-22T08:41:04.257194472Z 2026-05-22 10:41:04.255 DEBUG (MainThread) [custom_components.navimow.coordinator] Coordinator update: device=REDACTED-ROBOT-SERIAL source=http_fallback mqtt_ts=None http_ts=3722293.595540517
2026-05-22T08:42:04.256630593Z 2026-05-22 10:42:04.255 DEBUG (MainThread) [custom_components.navimow.coordinator] Coordinator update: device=REDACTED-ROBOT-SERIAL source=http_fallback mqtt_ts=None http_ts=3722293.595540517
2026-05-22T08:43:04.256866621Z 2026-05-22 10:43:04.255 DEBUG (MainThread) [custom_components.navimow.coordinator] Coordinator update: device=REDACTED-ROBOT-SERIAL source=http_fallback mqtt_ts=None http_ts=3722293.595540517
2026-05-22T08:44:04.256633001Z 2026-05-22 10:44:04.255 DEBUG (MainThread) [custom_components.navimow.coordinator] Coordinator update: device=REDACTED-ROBOT-SERIAL source=http_fallback mqtt_ts=None http_ts=3722293.595540517
2026-05-22T08:45:04.256852123Z 2026-05-22 10:45:04.255 DEBUG (MainThread) [custom_components.navimow.coordinator] Coordinator update: device=REDACTED-ROBOT-SERIAL source=http_fallback mqtt_ts=None http_ts=3722293.595540517
2026-05-22T08:46:04.256879877Z 2026-05-22 10:46:04.255 DEBUG (MainThread) [custom_components.navimow.coordinator] Coordinator update: device=REDACTED-ROBOT-SERIAL source=http_fallback mqtt_ts=None http_ts=3722293.595540517
2026-05-22T08:47:04.257020341Z 2026-05-22 10:47:04.255 DEBUG (MainThread) [custom_components.navimow.coordinator] Coordinator update: device=REDACTED-ROBOT-SERIAL source=http_fallback mqtt_ts=None http_ts=3722293.595540517
2026-05-22T08:48:04.256936986Z 2026-05-22 10:48:04.255 DEBUG (MainThread) [custom_components.navimow.coordinator] Coordinator update: device=REDACTED-ROBOT-SERIAL source=http_fallback mqtt_ts=None http_ts=3722293.595540517
2026-05-22T08:49:04.256609546Z 2026-05-22 10:49:04.255 DEBUG (MainThread) [custom_components.navimow.coordinator] Coordinator update: device=REDACTED-ROBOT-SERIAL source=http_fallback mqtt_ts=None http_ts=3722293.595540517
2026-05-22T08:50:04.257132572Z 2026-05-22 10:50:04.255 DEBUG (MainThread) [custom_components.navimow.coordinator] Coordinator update: device=REDACTED-ROBOT-SERIAL source=http_fallback mqtt_ts=None http_ts=3722293.595540517
2026-05-22T08:51:04.257251928Z 2026-05-22 10:51:04.255 DEBUG (MainThread) [custom_components.navimow.coordinator] Coordinator update: device=REDACTED-ROBOT-SERIAL source=http_fallback mqtt_ts=None http_ts=3722293.595540517
2026-05-22T08:52:04.256918258Z 2026-05-22 10:52:04.255 DEBUG (MainThread) [custom_components.navimow.coordinator] Coordinator update: device=REDACTED-ROBOT-SERIAL source=http_fallback mqtt_ts=None http_ts=3722293.595540517
2026-05-22T08:53:04.256679760Z 2026-05-22 10:53:04.255 DEBUG (MainThread) [custom_components.navimow.coordinator] Coordinator update: device=REDACTED-ROBOT-SERIAL source=http_fallback mqtt_ts=None http_ts=3722293.595540517
2026-05-22T08:54:04.256982553Z 2026-05-22 10:54:04.255 DEBUG (MainThread) [custom_components.navimow.coordinator] Coordinator update: device=REDACTED-ROBOT-SERIAL source=http_fallback mqtt_ts=None http_ts=3722293.595540517
2026-05-22T08:55:04.256406018Z 2026-05-22 10:55:04.254 DEBUG (MainThread) [custom_components.navimow.coordinator] Coordinator update: device=REDACTED-ROBOT-SERIAL source=http_fallback mqtt_ts=None http_ts=3722293.595540517
2026-05-22T08:56:04.256433586Z 2026-05-22 10:56:04.254 DEBUG (MainThread) [custom_components.navimow.coordinator] Coordinator update: device=REDACTED-ROBOT-SERIAL source=http_fallback mqtt_ts=None http_ts=3722293.595540517
2026-05-22T08:57:04.256702204Z 2026-05-22 10:57:04.255 DEBUG (MainThread) [custom_components.navimow.coordinator] Coordinator update: device=REDACTED-ROBOT-SERIAL source=http_fallback mqtt_ts=None http_ts=3722293.595540517
2026-05-22T08:58:04.256809953Z 2026-05-22 10:58:04.255 DEBUG (MainThread) [custom_components.navimow.coordinator] Coordinator update: device=REDACTED-ROBOT-SERIAL source=http_fallback mqtt_ts=None http_ts=3722293.595540517
2026-05-22T08:59:04.257263767Z 2026-05-22 10:59:04.255 DEBUG (MainThread) [custom_components.navimow.coordinator] Coordinator update: device=REDACTED-ROBOT-SERIAL source=http_fallback mqtt_ts=None http_ts=3722293.595540517
2026-05-22T09:00:04.256744306Z 2026-05-22 11:00:04.255 DEBUG (MainThread) [custom_components.navimow.coordinator] Coordinator update: device=REDACTED-ROBOT-SERIAL source=http_fallback mqtt_ts=None http_ts=3722293.595540517
2026-05-22T09:01:04.257530736Z 2026-05-22 11:01:04.255 DEBUG (MainThread) [custom_components.navimow.coordinator] Coordinator update: device=REDACTED-ROBOT-SERIAL source=http_fallback mqtt_ts=None http_ts=3722293.595540517
2026-05-22T09:02:04.256830816Z 2026-05-22 11:02:04.255 DEBUG (MainThread) [custom_components.navimow.coordinator] Coordinator update: device=REDACTED-ROBOT-SERIAL source=http_fallback mqtt_ts=None http_ts=3722293.595540517
2026-05-22T09:03:04.257009916Z 2026-05-22 11:03:04.255 DEBUG (MainThread) [custom_components.navimow.coordinator] Coordinator update: device=REDACTED-ROBOT-SERIAL source=http_fallback mqtt_ts=None http_ts=3722293.595540517
2026-05-22T09:03:42.375074347Z 2026-05-22 11:03:42.373 DEBUG (MainThread) [custom_components.navimow] MQTT disconnected callback: broker=mqtt-fra.navimow.com port=443 ws_path=/mqtt/REDACTED-MQTT-USERID tls=True client_id=REDACTED-MQTT-CLIENT-ID
2026-05-22T09:03:43.558276139Z 2026-05-22 11:03:43.557 INFO (MainThread) [custom_components.navimow] MQTT connected callback: broker=mqtt-fra.navimow.com port=443 ws_path=/mqtt/REDACTED-MQTT-USERID tls=True client_id=REDACTED-MQTT-CLIENT-ID
2026-05-22T09:03:43.558928691Z 2026-05-22 11:03:43.557 INFO (MainThread) [custom_components.navimow] MQTT ready callback: subscribed to downlink topics on broker=mqtt-fra.navimow.com port=443 client_id=REDACTED-MQTT-CLIENT-ID
2026-05-22T09:04:04.257060211Z 2026-05-22 11:04:04.255 DEBUG (MainThread) [custom_components.navimow.coordinator] Coordinator update: device=REDACTED-ROBOT-SERIAL source=http_fallback mqtt_ts=None http_ts=3722293.595540517
2026-05-22T09:04:39.038920841Z 2026-05-22 11:04:39.029 DEBUG (MainThread) [custom_components.navimow.coordinator] MQTT state received: device=REDACTED-ROBOT-SERIAL state=mowing battery=95
2026-05-22T09:05:08.257183054Z 2026-05-22 11:05:08.256 DEBUG (MainThread) [custom_components.navimow.coordinator] Coordinator update: device=REDACTED-ROBOT-SERIAL source=mqtt_cache mqtt_ts=3725717.954693909 http_ts=3722293.595540517
2026-05-22T09:06:08.256558085Z 2026-05-22 11:06:08.255 DEBUG (MainThread) [custom_components.navimow.coordinator] Coordinator update: device=REDACTED-ROBOT-SERIAL source=mqtt_cache mqtt_ts=3725717.954693909 http_ts=3722293.595540517
2026-05-22T09:07:08.257121072Z 2026-05-22 11:07:08.256 DEBUG (MainThread) [custom_components.navimow.coordinator] Coordinator update: device=REDACTED-ROBOT-SERIAL source=mqtt_cache mqtt_ts=3725717.954693909 http_ts=3722293.595540517
2026-05-22T09:08:08.378303176Z 2026-05-22 11:08:08.376 DEBUG (MainThread) [custom_components.navimow.coordinator] Coordinator update: device=REDACTED-ROBOT-SERIAL source=mqtt_cache mqtt_ts=3725717.954693909 http_ts=3722293.595540517
2026-05-22T09:09:08.257132636Z 2026-05-22 11:09:08.255 DEBUG (MainThread) [custom_components.navimow.coordinator] Coordinator update: device=REDACTED-ROBOT-SERIAL source=mqtt_cache mqtt_ts=3725717.954693909 http_ts=3722293.595540517
2026-05-22T09:10:08.364747120Z 2026-05-22 11:10:08.360 DEBUG (MainThread) [custom_components.navimow.coordinator] Coordinator update: device=REDACTED-ROBOT-SERIAL source=http_fallback mqtt_ts=3725717.954693909 http_ts=3726047.180507954
2026-05-22T09:11:08.256922431Z 2026-05-22 11:11:08.255 DEBUG (MainThread) [custom_components.navimow.coordinator] Coordinator update: device=REDACTED-ROBOT-SERIAL source=mqtt_cache mqtt_ts=3725717.954693909 http_ts=3726047.180507954
2026-05-22T09:12:08.257036593Z 2026-05-22 11:12:08.255 DEBUG (MainThread) [custom_components.navimow.coordinator] Coordinator update: device=REDACTED-ROBOT-SERIAL source=mqtt_cache mqtt_ts=3725717.954693909 http_ts=3726047.180507954
2026-05-22T09:13:08.255837259Z 2026-05-22 11:13:08.254 DEBUG (MainThread) [custom_components.navimow.coordinator] Coordinator update: device=REDACTED-ROBOT-SERIAL source=mqtt_cache mqtt_ts=3725717.954693909 http_ts=3726047.180507954
2026-05-22T09:14:08.257824467Z 2026-05-22 11:14:08.256 DEBUG (MainThread) [custom_components.navimow.coordinator] Coordinator update: device=REDACTED-ROBOT-SERIAL source=mqtt_cache mqtt_ts=3725717.954693909 http_ts=3726047.180507954
2026-05-22T09:15:08.257078703Z 2026-05-22 11:15:08.255 DEBUG (MainThread) [custom_components.navimow.coordinator] Coordinator update: device=REDACTED-ROBOT-SERIAL source=mqtt_cache mqtt_ts=3725717.954693909 http_ts=3726047.180507954
2026-05-22T09:16:08.257102309Z 2026-05-22 11:16:08.255 DEBUG (MainThread) [custom_components.navimow.coordinator] Coordinator update: device=REDACTED-ROBOT-SERIAL source=mqtt_cache mqtt_ts=3725717.954693909 http_ts=3726047.180507954
2026-05-22T09:17:08.256653089Z 2026-05-22 11:17:08.255 DEBUG (MainThread) [custom_components.navimow.coordinator] Coordinator update: device=REDACTED-ROBOT-SERIAL source=mqtt_cache mqtt_ts=3725717.954693909 http_ts=3726047.180507954
2026-05-22T09:18:08.256964596Z 2026-05-22 11:18:08.256 DEBUG (MainThread) [custom_components.navimow.coordinator] Coordinator update: device=REDACTED-ROBOT-SERIAL source=mqtt_cache mqtt_ts=3725717.954693909 http_ts=3726047.180507954
2026-05-22T09:19:08.255982254Z 2026-05-22 11:19:08.255 DEBUG (MainThread) [custom_components.navimow.coordinator] Coordinator update: device=REDACTED-ROBOT-SERIAL source=mqtt_cache mqtt_ts=3725717.954693909 http_ts=3726047.180507954
2026-05-22T09:20:08.260421689Z 2026-05-22 11:20:08.258 DEBUG (MainThread) [custom_components.navimow.coordinator] Coordinator update: device=REDACTED-ROBOT-SERIAL source=mqtt_cache mqtt_ts=3725717.954693909 http_ts=3726047.180507954
2026-05-22T09:21:08.257273500Z 2026-05-22 11:21:08.255 DEBUG (MainThread) [custom_components.navimow.coordinator] Coordinator update: device=REDACTED-ROBOT-SERIAL source=mqtt_cache mqtt_ts=3725717.954693909 http_ts=3726047.180507954
2026-05-22T09:22:08.256894219Z 2026-05-22 11:22:08.255 DEBUG (MainThread) [custom_components.navimow.coordinator] Coordinator update: device=REDACTED-ROBOT-SERIAL source=mqtt_cache mqtt_ts=3725717.954693909 http_ts=3726047.180507954
2026-05-22T09:23:08.257256805Z 2026-05-22 11:23:08.255 DEBUG (MainThread) [custom_components.navimow.coordinator] Coordinator update: device=REDACTED-ROBOT-SERIAL source=mqtt_cache mqtt_ts=3725717.954693909 http_ts=3726047.180507954
2026-05-22T09:24:08.258195782Z 2026-05-22 11:24:08.256 DEBUG (MainThread) [custom_components.navimow.coordinator] Coordinator update: device=REDACTED-ROBOT-SERIAL source=mqtt_cache mqtt_ts=3725717.954693909 http_ts=3726047.180507954
2026-05-22T09:25:08.257998928Z 2026-05-22 11:25:08.256 DEBUG (MainThread) [custom_components.navimow.coordinator] Coordinator update: device=REDACTED-ROBOT-SERIAL source=mqtt_cache mqtt_ts=3725717.954693909 http_ts=3726047.180507954
2026-05-22T09:26:08.256924270Z 2026-05-22 11:26:08.255 DEBUG (MainThread) [custom_components.navimow.coordinator] Coordinator update: device=REDACTED-ROBOT-SERIAL source=mqtt_cache mqtt_ts=3725717.954693909 http_ts=3726047.180507954
2026-05-22T09:27:08.256928559Z 2026-05-22 11:27:08.255 DEBUG (MainThread) [custom_components.navimow.coordinator] Coordinator update: device=REDACTED-ROBOT-SERIAL source=mqtt_cache mqtt_ts=3725717.954693909 http_ts=3726047.180507954
2026-05-22T09:28:08.256999724Z 2026-05-22 11:28:08.255 DEBUG (MainThread) [custom_components.navimow.coordinator] Coordinator update: device=REDACTED-ROBOT-SERIAL source=mqtt_cache mqtt_ts=3725717.954693909 http_ts=3726047.180507954
2026-05-22T09:29:08.256214913Z 2026-05-22 11:29:08.255 DEBUG (MainThread) [custom_components.navimow.coordinator] Coordinator update: device=REDACTED-ROBOT-SERIAL source=mqtt_cache mqtt_ts=3725717.954693909 http_ts=3726047.180507954
2026-05-22T09:30:08.257300085Z 2026-05-22 11:30:08.255 DEBUG (MainThread) [custom_components.navimow.coordinator] Coordinator update: device=REDACTED-ROBOT-SERIAL source=mqtt_cache mqtt_ts=3725717.954693909 http_ts=3726047.180507954
2026-05-22T09:31:08.256829747Z 2026-05-22 11:31:08.255 DEBUG (MainThread) [custom_components.navimow.coordinator] Coordinator update: device=REDACTED-ROBOT-SERIAL source=mqtt_cache mqtt_ts=3725717.954693909 http_ts=3726047.180507954
2026-05-22T09:32:08.255606935Z 2026-05-22 11:32:08.254 DEBUG (MainThread) [custom_components.navimow.coordinator] Coordinator update: device=REDACTED-ROBOT-SERIAL source=mqtt_cache mqtt_ts=3725717.954693909 http_ts=3726047.180507954
2026-05-22T09:33:08.258302046Z 2026-05-22 11:33:08.256 DEBUG (MainThread) [custom_components.navimow.coordinator] Coordinator update: device=REDACTED-ROBOT-SERIAL source=mqtt_cache mqtt_ts=3725717.954693909 http_ts=3726047.180507954
2026-05-22T09:34:08.256805847Z 2026-05-22 11:34:08.255 DEBUG (MainThread) [custom_components.navimow.coordinator] Coordinator update: device=REDACTED-ROBOT-SERIAL source=mqtt_cache mqtt_ts=3725717.954693909 http_ts=3726047.180507954
2026-05-22T09:35:08.257059590Z 2026-05-22 11:35:08.255 DEBUG (MainThread) [custom_components.navimow.coordinator] Coordinator update: device=REDACTED-ROBOT-SERIAL source=mqtt_cache mqtt_ts=3725717.954693909 http_ts=3726047.180507954
2026-05-22T09:36:08.256506505Z 2026-05-22 11:36:08.254 DEBUG (MainThread) [custom_components.navimow.coordinator] Coordinator update: device=REDACTED-ROBOT-SERIAL source=mqtt_cache mqtt_ts=3725717.954693909 http_ts=3726047.180507954
2026-05-22T09:37:08.257310995Z 2026-05-22 11:37:08.255 DEBUG (MainThread) [custom_components.navimow.coordinator] Coordinator update: device=REDACTED-ROBOT-SERIAL source=mqtt_cache mqtt_ts=3725717.954693909 http_ts=3726047.180507954
2026-05-22T09:38:08.257124969Z 2026-05-22 11:38:08.255 DEBUG (MainThread) [custom_components.navimow.coordinator] Coordinator update: device=REDACTED-ROBOT-SERIAL source=mqtt_cache mqtt_ts=3725717.954693909 http_ts=3726047.180507954
2026-05-22T09:39:08.257037073Z 2026-05-22 11:39:08.255 DEBUG (MainThread) [custom_components.navimow.coordinator] Coordinator update: device=REDACTED-ROBOT-SERIAL source=mqtt_cache mqtt_ts=3725717.954693909 http_ts=3726047.180507954
2026-05-22T09:40:08.256766012Z 2026-05-22 11:40:08.255 DEBUG (MainThread) [custom_components.navimow.coordinator] Coordinator update: device=REDACTED-ROBOT-SERIAL source=mqtt_cache mqtt_ts=3725717.954693909 http_ts=3726047.180507954
2026-05-22T09:41:08.257311920Z 2026-05-22 11:41:08.255 DEBUG (MainThread) [custom_components.navimow.coordinator] Coordinator update: device=REDACTED-ROBOT-SERIAL source=mqtt_cache mqtt_ts=3725717.954693909 http_ts=3726047.180507954
2026-05-22T09:42:08.257049546Z 2026-05-22 11:42:08.255 DEBUG (MainThread) [custom_components.navimow.coordinator] Coordinator update: device=REDACTED-ROBOT-SERIAL source=mqtt_cache mqtt_ts=3725717.954693909 http_ts=3726047.180507954
2026-05-22T09:43:08.255937370Z 2026-05-22 11:43:08.255 DEBUG (MainThread) [custom_components.navimow.coordinator] Coordinator update: device=REDACTED-ROBOT-SERIAL source=mqtt_cache mqtt_ts=3725717.954693909 http_ts=3726047.180507954
2026-05-22T09:44:08.256902301Z 2026-05-22 11:44:08.255 DEBUG (MainThread) [custom_components.navimow.coordinator] Coordinator update: device=REDACTED-ROBOT-SERIAL source=mqtt_cache mqtt_ts=3725717.954693909 http_ts=3726047.180507954
2026-05-22T09:45:08.257603497Z 2026-05-22 11:45:08.256 DEBUG (MainThread) [custom_components.navimow.coordinator] Coordinator update: device=REDACTED-ROBOT-SERIAL source=mqtt_cache mqtt_ts=3725717.954693909 http_ts=3726047.180507954
2026-05-22T09:46:08.257026107Z 2026-05-22 11:46:08.255 DEBUG (MainThread) [custom_components.navimow.coordinator] Coordinator update: device=REDACTED-ROBOT-SERIAL source=mqtt_cache mqtt_ts=3725717.954693909 http_ts=3726047.180507954
2026-05-22T09:47:08.257241925Z 2026-05-22 11:47:08.255 DEBUG (MainThread) [custom_components.navimow.coordinator] Coordinator update: device=REDACTED-ROBOT-SERIAL source=mqtt_cache mqtt_ts=3725717.954693909 http_ts=3726047.180507954
2026-05-22T09:48:08.257438115Z 2026-05-22 11:48:08.255 DEBUG (MainThread) [custom_components.navimow.coordinator] Coordinator update: device=REDACTED-ROBOT-SERIAL source=mqtt_cache mqtt_ts=3725717.954693909 http_ts=3726047.180507954
2026-05-22T09:49:08.256500930Z 2026-05-22 11:49:08.254 DEBUG (MainThread) [custom_components.navimow.coordinator] Coordinator update: device=REDACTED-ROBOT-SERIAL source=mqtt_cache mqtt_ts=3725717.954693909 http_ts=3726047.180507954
2026-05-22T09:50:08.256886642Z 2026-05-22 11:50:08.255 DEBUG (MainThread) [custom_components.navimow.coordinator] Coordinator update: device=REDACTED-ROBOT-SERIAL source=mqtt_cache mqtt_ts=3725717.954693909 http_ts=3726047.180507954
2026-05-22T09:51:08.257276364Z 2026-05-22 11:51:08.255 DEBUG (MainThread) [custom_components.navimow.coordinator] Coordinator update: device=REDACTED-ROBOT-SERIAL source=mqtt_cache mqtt_ts=3725717.954693909 http_ts=3726047.180507954
2026-05-22T09:52:08.256796582Z 2026-05-22 11:52:08.255 DEBUG (MainThread) [custom_components.navimow.coordinator] Coordinator update: device=REDACTED-ROBOT-SERIAL source=mqtt_cache mqtt_ts=3725717.954693909 http_ts=3726047.180507954
2026-05-22T09:53:08.256601629Z 2026-05-22 11:53:08.255 DEBUG (MainThread) [custom_components.navimow.coordinator] Coordinator update: device=REDACTED-ROBOT-SERIAL source=mqtt_cache mqtt_ts=3725717.954693909 http_ts=3726047.180507954
2026-05-22T09:54:08.256859297Z 2026-05-22 11:54:08.255 DEBUG (MainThread) [custom_components.navimow.coordinator] Coordinator update: device=REDACTED-ROBOT-SERIAL source=mqtt_cache mqtt_ts=3725717.954693909 http_ts=3726047.180507954
2026-05-22T09:55:08.257230508Z 2026-05-22 11:55:08.255 DEBUG (MainThread) [custom_components.navimow.coordinator] Coordinator update: device=REDACTED-ROBOT-SERIAL source=mqtt_cache mqtt_ts=3725717.954693909 http_ts=3726047.180507954
2026-05-22T09:56:08.256830200Z 2026-05-22 11:56:08.255 DEBUG (MainThread) [custom_components.navimow.coordinator] Coordinator update: device=REDACTED-ROBOT-SERIAL source=mqtt_cache mqtt_ts=3725717.954693909 http_ts=3726047.180507954
2026-05-22T09:57:08.257255410Z 2026-05-22 11:57:08.255 DEBUG (MainThread) [custom_components.navimow.coordinator] Coordinator update: device=REDACTED-ROBOT-SERIAL source=mqtt_cache mqtt_ts=3725717.954693909 http_ts=3726047.180507954
2026-05-22T09:58:08.256827424Z 2026-05-22 11:58:08.255 DEBUG (MainThread) [custom_components.navimow.coordinator] Coordinator update: device=REDACTED-ROBOT-SERIAL source=mqtt_cache mqtt_ts=3725717.954693909 http_ts=3726047.180507954
2026-05-22T09:59:08.257323290Z 2026-05-22 11:59:08.255 DEBUG (MainThread) [custom_components.navimow.coordinator] Coordinator update: device=REDACTED-ROBOT-SERIAL source=mqtt_cache mqtt_ts=3725717.954693909 http_ts=3726047.180507954
2026-05-22T09:59:53.380941893Z 2026-05-22 11:59:53.379 DEBUG (MainThread) [custom_components.navimow] MQTT disconnected callback: broker=mqtt-fra.navimow.com port=443 ws_path=/mqtt/REDACTED-MQTT-USERID tls=True client_id=REDACTED-MQTT-CLIENT-ID
2026-05-22T09:59:54.559529761Z 2026-05-22 11:59:54.558 INFO (MainThread) [custom_components.navimow] MQTT connected callback: broker=mqtt-fra.navimow.com port=443 ws_path=/mqtt/REDACTED-MQTT-USERID tls=True client_id=REDACTED-MQTT-CLIENT-ID
2026-05-22T09:59:54.560308519Z 2026-05-22 11:59:54.558 INFO (MainThread) [custom_components.navimow] MQTT ready callback: subscribed to downlink topics on broker=mqtt-fra.navimow.com port=443 client_id=REDACTED-MQTT-CLIENT-ID
