2026-05-22T07:55:57.382673267Z 2026-05-22 09:55:57.370 DEBUG (MainThread) [custom_components.navimow] MQTT disconnected callback: broker=mqtt-fra.navimow.com port=443 ws_path=/mqtt/REDACTED-MQTT-USERID tls=True client_id=REDACTED-MQTT-CLIENT-ID
2026-05-22T07:55:58.494061916Z 2026-05-22 09:55:58.492 INFO (MainThread) [custom_components.navimow] MQTT connected callback: broker=mqtt-fra.navimow.com port=443 ws_path=/mqtt/REDACTED-MQTT-USERID tls=True client_id=REDACTED-MQTT-CLIENT-ID
2026-05-22T07:55:58.494796381Z 2026-05-22 09:55:58.492 INFO (MainThread) [custom_components.navimow] MQTT ready callback: subscribed to downlink topics on broker=mqtt-fra.navimow.com port=443 client_id=REDACTED-MQTT-CLIENT-ID
2026-05-22T08:07:34.488254651Z 2026-05-22 10:07:34.487 DEBUG (MainThread) [custom_components.navimow] MQTT client log: level=16 msg=Sending DISCONNECT
2026-05-22T08:07:34.497021663Z 2026-05-22 10:07:34.496 DEBUG (MainThread) [custom_components.navimow] MQTT disconnected callback: broker=mqtt-fra.navimow.com port=443 ws_path=/mqtt/REDACTED-MQTT-USERID tls=True client_id=REDACTED-MQTT-CLIENT-ID
2026-05-22T08:07:34.814067655Z 2026-05-22 10:07:34.811 INFO (MainThread) [custom_components.navimow] MQTT connected callback: broker=mqtt-fra.navimow.com port=443 ws_path=/mqtt/REDACTED-MQTT-USERID tls=True client_id=REDACTED-MQTT-CLIENT-ID
2026-05-22T08:07:34.816555472Z 2026-05-22 10:07:34.811 INFO (MainThread) [custom_components.navimow] MQTT ready callback: subscribed to downlink topics on broker=mqtt-fra.navimow.com port=443 client_id=REDACTED-MQTT-CLIENT-ID
2026-05-22T09:03:42.375074347Z 2026-05-22 11:03:42.373 DEBUG (MainThread) [custom_components.navimow] MQTT disconnected callback: broker=mqtt-fra.navimow.com port=443 ws_path=/mqtt/REDACTED-MQTT-USERID tls=True client_id=REDACTED-MQTT-CLIENT-ID
2026-05-22T09:03:43.558276139Z 2026-05-22 11:03:43.557 INFO (MainThread) [custom_components.navimow] MQTT connected callback: broker=mqtt-fra.navimow.com port=443 ws_path=/mqtt/REDACTED-MQTT-USERID tls=True client_id=REDACTED-MQTT-CLIENT-ID
2026-05-22T09:03:43.558928691Z 2026-05-22 11:03:43.557 INFO (MainThread) [custom_components.navimow] MQTT ready callback: subscribed to downlink topics on broker=mqtt-fra.navimow.com port=443 client_id=REDACTED-MQTT-CLIENT-ID
2026-05-22T09:59:53.380941893Z 2026-05-22 11:59:53.379 DEBUG (MainThread) [custom_components.navimow] MQTT disconnected callback: broker=mqtt-fra.navimow.com port=443 ws_path=/mqtt/REDACTED-MQTT-USERID tls=True client_id=REDACTED-MQTT-CLIENT-ID
2026-05-22T09:59:54.559529761Z 2026-05-22 11:59:54.558 INFO (MainThread) [custom_components.navimow] MQTT connected callback: broker=mqtt-fra.navimow.com port=443 ws_path=/mqtt/REDACTED-MQTT-USERID tls=True client_id=REDACTED-MQTT-CLIENT-ID
2026-05-22T09:59:54.560308519Z 2026-05-22 11:59:54.558 INFO (MainThread) [custom_components.navimow] MQTT ready callback: subscribed to downlink topics on broker=mqtt-fra.navimow.com port=443 client_id=REDACTED-MQTT-CLIENT-ID
2026-05-22T10:56:04.389805331Z 2026-05-22 12:56:04.388 DEBUG (MainThread) [custom_components.navimow] MQTT disconnected callback: broker=mqtt-fra.navimow.com port=443 ws_path=/mqtt/REDACTED-MQTT-USERID tls=True client_id=REDACTED-MQTT-CLIENT-ID
2026-05-22T10:56:05.608670975Z 2026-05-22 12:56:05.607 INFO (MainThread) [custom_components.navimow] MQTT connected callback: broker=mqtt-fra.navimow.com port=443 ws_path=/mqtt/REDACTED-MQTT-USERID tls=True client_id=REDACTED-MQTT-CLIENT-ID
2026-05-22T10:56:05.609354688Z 2026-05-22 12:56:05.607 INFO (MainThread) [custom_components.navimow] MQTT ready callback: subscribed to downlink topics on broker=mqtt-fra.navimow.com port=443 client_id=REDACTED-MQTT-CLIENT-ID
2026-05-22T11:52:23.589797579Z 2026-05-22 13:52:23.588 DEBUG (MainThread) [custom_components.navimow] MQTT disconnected callback: broker=mqtt-fra.navimow.com port=443 ws_path=/mqtt/REDACTED-MQTT-USERID tls=True client_id=REDACTED-MQTT-CLIENT-ID
2026-05-22T11:52:24.766023258Z 2026-05-22 13:52:24.764 INFO (MainThread) [custom_components.navimow] MQTT connected callback: broker=mqtt-fra.navimow.com port=443 ws_path=/mqtt/REDACTED-MQTT-USERID tls=True client_id=REDACTED-MQTT-CLIENT-ID
2026-05-22T11:52:24.766900320Z 2026-05-22 13:52:24.765 INFO (MainThread) [custom_components.navimow] MQTT ready callback: subscribed to downlink topics on broker=mqtt-fra.navimow.com port=443 client_id=REDACTED-MQTT-CLIENT-ID
2026-05-22T12:48:42.789563620Z 2026-05-22 14:48:42.787 DEBUG (MainThread) [custom_components.navimow] MQTT disconnected callback: broker=mqtt-fra.navimow.com port=443 ws_path=/mqtt/REDACTED-MQTT-USERID tls=True client_id=REDACTED-MQTT-CLIENT-ID
2026-05-22T12:48:43.998490816Z 2026-05-22 14:48:43.997 INFO (MainThread) [custom_components.navimow] MQTT connected callback: broker=mqtt-fra.navimow.com port=443 ws_path=/mqtt/REDACTED-MQTT-USERID tls=True client_id=REDACTED-MQTT-CLIENT-ID
...
# grep summary over 6.5 days: 26 disconnect callbacks total
